<?xml version="1.0" encoding="utf-8"?><testsuites name="pytest tests"><testsuite name="pytest" errors="0" failures="0" skipped="0" tests="13" time="2.530" timestamp="2026-06-03T04:15:15.868698+00:00" hostname="agent-env-9d7dc41f-aa05-432b-8632-1634219cad4f"><testcase classname="backend.tests.test_batch2_features.TestParticipants" name="test_list_returns_at_least_primary" time="0.275" /><testcase classname="backend.tests.test_batch2_features.TestParticipants" name="test_crud_lifecycle" time="0.320" /><testcase classname="backend.tests.test_batch2_features.TestHospital" name="test_full_admission_flow" time="0.476" /><testcase classname="backend.tests.test_batch2_features.TestFamilyWall" name="test_post_react_delete" time="0.334" /><testcase classname="backend.tests.test_batch2_features.TestSMS" name="test_contacts_and_mock_send" time="0.186" /><testcase classname="backend.tests.test_batch2_features.TestAmendments" name="test_generate_list_status" time="0.182" /><testcase classname="backend.tests.test_batch2_features.TestAdviserBrand" name="test_get_and_update" time="0.369" /><testcase classname="backend.tests.test_batch2_features.TestAdviserBrand" name="test_non_adviser_forbidden" time="0.046" /><testcase classname="backend.tests.test_batch2_features.TestAdviserScenarios" name="test_calc_and_persist" time="0.146" /><testcase classname="backend.tests.test_batch2_features.TestAdviserScenarios" name="test_means_test_settings" time="0.043" /><testcase classname="backend.tests.test_batch2_features.TestAdviserScenarios" name="test_non_adviser_forbidden" time="0.003" /><testcase classname="backend.tests.test_batch2_features.TestAdviserAlerts" name="test_global_alerts" time="0.007" /><testcase classname="backend.tests.test_batch2_features.TestAdviserAlerts" name="test_filter_by_type_hospital" time="0.044" /></testsuite></testsuites>