<?xml version="1.0" encoding="utf-8"?><testsuites name="pytest tests"><testsuite name="pytest" errors="0" failures="0" skipped="0" tests="10" time="49.104" timestamp="2026-08-03T11:30:28.084845+00:00" hostname="agent-env-6151a19a-9060-4d5e-99f6-5365c248ae5e"><testcase classname="backend.tests.test_inv1_meridian_bug" name="test_tools_registry_has_invoice_checker" time="35.280" /><testcase classname="backend.tests.test_inv1_meridian_bug" name="test_header_extraction" time="5.124" /><testcase classname="backend.tests.test_inv1_meridian_bug" name="test_overall_verdict_not_all_clear" time="0.000" /><testcase classname="backend.tests.test_inv1_meridian_bug" name="test_c2_personal_care_post_oct_2026" time="0.000" /><testcase classname="backend.tests.test_inv1_meridian_bug" name="test_c4_exit_fee" time="0.000" /><testcase classname="backend.tests.test_inv1_meridian_bug" name="test_c3_rate_mismatch_after_self_funded" time="4.025" /><testcase classname="backend.tests.test_inv1_meridian_bug" name="test_c11_duplicates" time="0.001" /><testcase classname="backend.tests.test_inv1_meridian_bug" name="test_c10_lifetime_cap_tier1_present" time="0.000" /><testcase classname="backend.tests.test_inv1_meridian_bug" name="test_situation_update" time="4.437" /><testcase classname="backend.tests.test_inv1_meridian_bug" name="test_letter_from_finding" time="0.133" /></testsuite></testsuites>