<?xml version="1.0" encoding="utf-8"?><testsuites name="pytest tests"><testsuite name="pytest" errors="0" failures="0" skipped="0" tests="85" time="29.864" timestamp="2026-08-03T12:13:33.531463+00:00" hostname="agent-env-6151a19a-9060-4d5e-99f6-5365c248ae5e"><testcase classname="tests.inv1.test_c3_engine" name="test_v1_full_pensioner_standard_rate_no_finding" time="0.486" /><testcase classname="tests.inv1.test_c3_engine" name="test_v2_five_pp_over_tier_4_high_confidence" time="0.467" /><testcase classname="tests.inv1.test_c3_engine" name="test_v3_grandfathered_current_rate_above_floor" time="0.485" /><testcase classname="tests.inv1.test_c3_engine" name="test_v4_grandfathered_below_floor_silent" time="0.486" /><testcase classname="tests.inv1.test_c3_engine" name="test_v5_hardship_active_but_unknown_dates_tier_2" time="0.281" /><testcase classname="tests.inv1.test_c3_engine" name="test_v6_hardship_no_treats_as_normal" time="0.482" /><testcase classname="tests.inv1.test_c3_engine" name="test_v7_assessment_pending_caveat_over_charged" time="0.479" /><testcase classname="tests.inv1.test_c3_engine" name="test_v8_grandfathering_unknown_over_charged_caveat" time="0.488" /><testcase classname="tests.inv1.test_c3_engine" name="test_v9_under_tolerance_silent" time="0.468" /><testcase classname="tests.inv1.test_c3_engine" name="test_v10_low_read_confidence_caps_tier" time="0.487" /><testcase classname="tests.inv1.test_c3_engine" name="test_v11_pension_unknown_range_silent_when_inside" time="0.293" /><testcase classname="tests.inv1.test_c3_engine" name="test_v12_pension_unknown_above_range" time="0.283" /><testcase classname="tests.inv1.test_c3_engine" name="test_under_charged_not_grandfathered_tier_2" time="0.484" /><testcase classname="tests.inv1.test_c3_engine" name="test_under_charged_grandfathered_silent" time="0.481" /><testcase classname="tests.inv1.test_c3_engine" name="test_c3_ignores_clinical" time="0.000" /><testcase classname="tests.inv1.test_c3_engine" name="test_c3_ignores_care_management" time="0.000" /><testcase classname="tests.inv1.test_c3_engine" name="test_c3_defers_to_c2_for_personal_care_post_cutoff" time="0.000" /><testcase classname="tests.inv1.test_checks" name="test_c1_flags_clinical_with_contribution" time="0.283" /><testcase classname="tests.inv1.test_checks" name="test_c1_silent_when_clinical_zero" time="0.303" /><testcase classname="tests.inv1.test_checks" name="test_c2_flags_personal_care_after_cutoff" time="0.284" /><testcase classname="tests.inv1.test_checks" name="test_c2_silent_before_cutoff" time="0.484" /><testcase classname="tests.inv1.test_checks" name="test_c4_flags_exit_fee" time="0.284" /><testcase classname="tests.inv1.test_checks" name="test_c4_flags_admin_fee" time="0.297" /><testcase classname="tests.inv1.test_checks" name="test_c4_flags_care_management_over_cap" time="0.578" /><testcase classname="tests.inv1.test_checks" name="test_c4_silent_when_care_management_within_cap" time="0.471" /><testcase classname="tests.inv1.test_checks" name="test_c5_flags_service_date_after_invoice_date" time="0.485" /><testcase classname="tests.inv1.test_checks" name="test_c5_silent_when_service_before_invoice" time="0.482" /><testcase classname="tests.inv1.test_checks" name="test_c7_flags_unmatched_line" time="0.483" /><testcase classname="tests.inv1.test_checks" name="test_c7_matches_within_tolerance" time="0.471" /><testcase classname="tests.inv1.test_checks" name="test_c8_flags_gst_on_care" time="0.487" /><testcase classname="tests.inv1.test_checks" name="test_c8_silent_on_transport" time="0.488" /><testcase classname="tests.inv1.test_checks" name="test_c9_flags_negative_lines" time="0.488" /><testcase classname="tests.inv1.test_checks" name="test_c10_emits_deferred_note_when_cap_unknown" time="0.471" /><testcase classname="tests.inv1.test_checks" name="test_c11_flags_duplicates" time="0.676" /><testcase classname="tests.inv1.test_checks" name="test_c12_flags_price_above_published" time="0.482" /><testcase classname="tests.inv1.test_checks" name="test_c12_silent_at_or_below_published" time="0.489" /><testcase classname="tests.inv1.test_checks" name="test_all_clear_verdict_when_no_findings_except_c10" time="0.483" /><testcase classname="tests.inv1.test_checks" name="test_check_before_paying_verdict_for_exit_fee" time="0.282" /><testcase classname="tests.inv1.test_checks" name="test_clean_reconciliation_populated" time="0.487" /><testcase classname="tests.inv1.test_classifier" name="test_invoice_is_recognised" time="0.001" /><testcase classname="tests.inv1.test_classifier" name="test_statement_is_recognised" time="0.000" /><testcase classname="tests.inv1.test_classifier" name="test_combined_document_is_recognised" time="0.000" /><testcase classname="tests.inv1.test_classifier" name="test_remittance_is_recognised" time="0.000" /><testcase classname="tests.inv1.test_classifier" name="test_receipt_is_recognised" time="0.000" /><testcase classname="tests.inv1.test_classifier" name="test_empty_input_is_low_confidence" time="0.000" /><testcase classname="tests.inv1.test_classifier" name="test_ambiguous_input_is_low_confidence" time="0.000" /><testcase classname="tests.inv1.test_extractor" name="test_extracts_basic_line_items" time="0.001" /><testcase classname="tests.inv1.test_extractor" name="test_gross_and_unit_price_parsed" time="0.000" /><testcase classname="tests.inv1.test_extractor" name="test_service_date_parsed_multiple_formats" time="0.000" /><testcase classname="tests.inv1.test_extractor" name="test_gst_labelled_amount" time="0.000" /><testcase classname="tests.inv1.test_extractor" name="test_gst_inclusive_back_calculated" time="0.000" /><testcase classname="tests.inv1.test_extractor" name="test_negative_amount_line_treated_as_refund" time="0.000" /><testcase classname="tests.inv1.test_extractor" name="test_duplicate_detection" time="0.000" /><testcase classname="tests.inv1.test_extractor" name="test_read_confidence_below_half_for_partial_line" time="0.000" /><testcase classname="tests.inv1.test_extractor" name="test_prohibited_fee_lines_classified" time="0.000" /><testcase classname="tests.inv1.test_extractor" name="test_no_hallucinated_values_on_headers" time="0.000" /><testcase classname="tests.inv1.test_extractor" name="test_care_management_category" time="0.000" /><testcase classname="tests.inv1.test_extractor" name="test_extract_invoice_header_labelled_date_and_abn" time="0.000" /><testcase classname="tests.inv1.test_extractor" name="test_extract_invoice_header_falls_back_to_earliest_date" time="0.000" /><testcase classname="tests.inv1.test_extractor" name="test_extract_invoice_header_empty_text" time="0.000" /><testcase classname="tests.inv1.test_extractor" name="test_extract_invoice_header_bad_abn_ignored" time="0.000" /><testcase classname="tests.inv1.test_splitter" name="test_anchor_split_when_payable_section_is_present" time="0.000" /><testcase classname="tests.inv1.test_splitter" name="test_page_level_fallback" time="0.000" /><testcase classname="tests.inv1.test_splitter" name="test_no_split_returns_unsuccess" time="0.000" /><testcase classname="tests.inv1.test_splitter" name="test_empty_input" time="0.000" /><testcase classname="tests.inv1.test_splitter" name="test_anchor_split_preserves_anchor_in_payable" time="0.000" /><testcase classname="tests.inv1.test_summariser" name="test_fallback_all_clear" time="0.000" /><testcase classname="tests.inv1.test_summariser" name="test_fallback_check_before_paying_mentions_acqsc" time="0.000" /><testcase classname="tests.inv1.test_summariser" name="test_generate_summary_uses_fallback_when_no_key" time="0.001" /><testcase classname="tests.inv1.test_tool_registry" name="test_registry_loads" time="0.007" /><testcase classname="tests.inv1.test_tool_registry" name="test_invoice_checker_is_registered" time="0.000" /><testcase classname="tests.inv1.test_tool_registry" name="test_invoice_checker_featured_paired_with_statement_decoder" time="0.000" /><testcase classname="tests.inv1.test_tool_registry" name="test_canonical_count_matches_active_tools" time="0.000" /><testcase classname="tests.inv1.test_tool_registry" name="test_every_tool_has_required_fields" time="0.000" /><testcase classname="tests.inv1.test_tool_registry" name="test_slugs_are_unique" time="0.000" /><testcase classname="tests.test_inv1_new_endpoints.TestAuth" name="test_cathy_login" time="1.088" /><testcase classname="tests.test_inv1_new_endpoints.TestPlainInvoiceUpload" name="test_plain_invoice_upload_no_combined" time="3.549" /><testcase classname="tests.test_inv1_new_endpoints.TestPlainInvoiceUpload" name="test_get_invoice_after_upload" time="0.100" /><testcase classname="tests.test_inv1_new_endpoints.TestPlainInvoiceUpload" name="test_situation_endpoint" time="2.541" /><testcase classname="tests.test_inv1_new_endpoints.TestPlainInvoiceUpload" name="test_reconcile_combined_fails_on_plain" time="0.118" /><testcase classname="tests.test_inv1_new_endpoints.TestCombinedReconciliation" name="test_combined_upload_detects_statement_lines" time="2.632" /><testcase classname="tests.test_inv1_new_endpoints.TestCombinedReconciliation" name="test_reconcile_combined_endpoint" time="3.172" /><testcase classname="tests.test_inv1_new_endpoints.TestSaveToVault" name="test_save_to_vault_success" time="0.130" /><testcase classname="tests.test_inv1_new_endpoints.TestSaveToVault" name="test_saved_docs_visible_in_vault" time="0.108" /><testcase classname="tests.test_inv1_new_endpoints.TestLetterRegression" name="test_letter_endpoint_smoke" time="0.229" /></testsuite></testsuites>