<?xml version="1.0" encoding="utf-8"?><testsuites name="pytest tests"><testsuite name="pytest" errors="0" failures="0" skipped="0" tests="4" time="4.310" timestamp="2026-09-01T12:28:21.693510+00:00" hostname="agent-env-70b73e15-7a47-4218-9ce8-3a9f79fe5b5a"><testcase classname="tests.test_webhook_and_checkout_iter258" name="test_webhook_unsigned_returns_400_not_503" time="0.286" /><testcase classname="tests.test_webhook_and_checkout_iter258" name="test_webhook_no_signature_header_returns_400_not_503" time="0.143" /><testcase classname="tests.test_webhook_and_checkout_iter258" name="test_checkout_solo_returns_cs_test_url" time="2.330" /><testcase classname="tests.test_webhook_and_checkout_iter258" name="test_checkout_family_returns_cs_test_url" time="1.482" /></testsuite></testsuites>