<?xml version="1.0" encoding="utf-8"?><testsuites name="pytest tests"><testsuite name="pytest" errors="0" failures="0" skipped="0" tests="6" time="3.692" timestamp="2026-08-21T13:47:34.726193+00:00" hostname="agent-env-40bf6e81-416e-43b0-9a0b-2c8d07e27847"><testcase classname="tests.test_chsp_agreed_rate_iter237" name="test_create_service_entry" time="2.193" /><testcase classname="tests.test_chsp_agreed_rate_iter237" name="test_list_service_entries_includes_new" time="0.127" /><testcase classname="tests.test_chsp_agreed_rate_iter237" name="test_patch_service_entry_rate_and_date" time="0.304" /><testcase classname="tests.test_chsp_agreed_rate_iter237" name="test_expire_service_entry" time="0.395" /><testcase classname="tests.test_chsp_agreed_rate_iter237" name="test_lf1_correspondence_get_after_chsp_letter" time="0.288" /><testcase classname="tests.test_chsp_agreed_rate_iter237" name="test_lf1_correspondence_get_hardship" time="0.302" /></testsuite></testsuites>