<?xml version="1.0" encoding="utf-8"?><testsuites name="pytest tests"><testsuite name="pytest" errors="0" failures="0" skipped="0" tests="18" time="5.222" timestamp="2026-05-04T12:06:38.342973+00:00" hostname="agent-env-9d7dc41f-aa05-432b-8632-1634219cad4f"><testcase classname="backend.tests.test_iter9" name="test_cathy_login_me_family_plan" time="0.556" /><testcase classname="backend.tests.test_iter9" name="test_digest_preview_returns_structure" time="0.117" /><testcase classname="backend.tests.test_iter9" name="test_digest_preview_requires_auth" time="0.101" /><testcase classname="backend.tests.test_iter9" name="test_digest_send_solo_returns_402" time="0.432" /><testcase classname="backend.tests.test_iter9" name="test_digest_send_family_cathy_ok" time="0.332" /><testcase classname="backend.tests.test_iter9" name="test_digest_history" time="0.107" /><testcase classname="backend.tests.test_iter9" name="test_notifications_list" time="0.107" /><testcase classname="backend.tests.test_iter9" name="test_notifications_mark_all_read" time="0.195" /><testcase classname="backend.tests.test_iter9" name="test_notifications_prefs_get" time="0.099" /><testcase classname="backend.tests.test_iter9" name="test_notifications_prefs_put_persists" time="0.351" /><testcase classname="backend.tests.test_iter9" name="test_usage_returns_counts" time="0.103" /><testcase classname="backend.tests.test_iter9" name="test_account_delete_requires_exact_confirm" time="0.454" /><testcase classname="backend.tests.test_iter9" name="test_account_delete_anonymises_and_relogin_fails" time="0.525" /><testcase classname="backend.tests.test_iter9" name="test_budget_current" time="0.101" /><testcase classname="backend.tests.test_iter9" name="test_billing_cancel_no_sub_404" time="0.447" /><testcase classname="backend.tests.test_iter9" name="test_invite_family_plan_works" time="0.291" /><testcase classname="backend.tests.test_iter9" name="test_invite_solo_plan_gets_402" time="0.431" /><testcase classname="backend.tests.test_iter9" name="test_wellbeing_not_great_notify_caregiver_creates_notification" time="0.376" /></testsuite></testsuites>