<?xml version="1.0" encoding="utf-8"?><testsuites name="pytest tests"><testsuite name="pytest" errors="0" failures="1" skipped="0" tests="18" time="16.617" timestamp="2026-05-03T15:46:18.187409+00:00" hostname="agent-env-9d7dc41f-aa05-432b-8632-1634219cad4f"><testcase classname="backend.tests.test_iter4.TestSignupPlan" name="test_signup_free" time="0.463" /><testcase classname="backend.tests.test_iter4.TestSignupPlan" name="test_signup_solo" time="0.353" /><testcase classname="backend.tests.test_iter4.TestSignupPlan" name="test_signup_family" time="0.331" /><testcase classname="backend.tests.test_iter4.TestSignupPlan" name="test_signup_default_plan" time="0.355" /><testcase classname="backend.tests.test_iter4.TestUpdatePlan" name="test_update_plan_authed" time="0.715" /><testcase classname="backend.tests.test_iter4.TestUpdatePlan" name="test_update_plan_unauth" time="0.159" /><testcase classname="backend.tests.test_iter4.TestUpdatePlan" name="test_update_plan_invalid" time="0.502" /><testcase classname="backend.tests.test_iter4.TestCathyPlan" name="test_cathy_login_plan_family" time="0.346" /><testcase classname="backend.tests.test_iter4.TestEmailResult" name="test_email_result_mocked" time="0.146" /><testcase classname="backend.tests.test_iter4.TestEmailResult" name="test_email_result_strips_script" time="0.112" /><testcase classname="backend.tests.test_iter4.TestEmailResult" name="test_email_result_invalid_email" time="0.099" /><testcase classname="backend.tests.test_iter4.TestPublicDecodeRedaction" name="test_decode_text_with_pii_includes_redaction" time="3.429"><failure message="AssertionError: redaction_notice missing in response keys: ['summary', 'period_label', 'line_items', 'anomalies']&#10;assert 'redaction_notice' in {'anomalies': [], 'line_items': [{'confidence': 0.98, 'contribution_paid': 30.0, 'date': '2026-04-05', 'government_paid': 160.0, ...}], 'period_label': 'April 2026', 'summary': 'This statement shows services provided to John Smith during April 2026. The statement includes two units of personal care services classified under the Independence stream, totaling $190.00. The client contributed $30.00 towards the cost, with the government subsidizing the remaining $160.00.'}">backend/tests/test_iter4.py:166: in test_decode_text_with_pii_includes_redaction
    assert "redaction_notice" in d, f"redaction_notice missing in response keys: {list(d.keys())}"
E   AssertionError: redaction_notice missing in response keys: ['summary', 'period_label', 'line_items', 'anomalies']
E   assert 'redaction_notice' in {'anomalies': [], 'line_items': [{'confidence': 0.98, 'contribution_paid': 30.0, 'date': '2026-04-05', 'government_paid': 160.0, ...}], 'period_label': 'April 2026', 'summary': 'This statement shows services provided to John Smith during April 2026. The statement includes two units of personal care services classified under the Independence stream, totaling $190.00. The client contributed $30.00 towards the cost, with the government subsidizing the remaining $160.00.'}</failure></testcase><testcase classname="backend.tests.test_iter4.TestFamilyCoordinatorChat" name="test_normal_question" time="7.530" /><testcase classname="backend.tests.test_iter4.TestFamilyCoordinatorChat" name="test_prompt_manipulation_handled" time="1.041" /><testcase classname="backend.tests.test_iter4.TestContactDemo" name="test_contact_demo_persists" time="0.155" /><testcase classname="backend.tests.test_iter4.TestRegressionPublic" name="test_budget_calc" time="0.105" /><testcase classname="backend.tests.test_iter4.TestRegressionPublic" name="test_price_check" time="0.117" /><testcase classname="backend.tests.test_iter4.TestRegressionPublic" name="test_cathy_budget" time="0.558" /></testsuite></testsuites>