<?xml version="1.0" encoding="utf-8"?><testsuites name="pytest tests"><testsuite name="pytest" errors="0" failures="0" skipped="0" tests="19" time="3.181" timestamp="2026-06-15T09:57:19.071608+00:00" hostname="agent-env-9d7dc41f-aa05-432b-8632-1634219cad4f"><testcase classname="backend.tests.test_participant_profile_v2" name="test_completeness_empty_doc_zero" time="0.001" /><testcase classname="backend.tests.test_participant_profile_v2" name="test_completeness_only_tier1_returns_60" time="0.000" /><testcase classname="backend.tests.test_participant_profile_v2" name="test_completeness_tier1_plus_tier2_returns_90" time="0.000" /><testcase classname="backend.tests.test_participant_profile_v2" name="test_completeness_all_tiers_returns_100" time="0.000" /><testcase classname="backend.tests.test_participant_profile_v2" name="test_authorisation_false_counts_as_missing" time="0.000" /><testcase classname="backend.tests.test_participant_profile_v2" name="test_empty_supplements_list_is_not_filled" time="0.000" /><testcase classname="backend.tests.test_participant_profile_v2" name="test_missing_required_fields_complete_doc" time="0.000" /><testcase classname="backend.tests.test_participant_profile_v2" name="test_recommended_next_fields_priority_order" time="0.000" /><testcase classname="backend.tests.test_participant_profile_v2" name="test_migration_is_idempotent" time="0.044" /><testcase classname="backend.tests.test_participant_profile_v2" name="test_migration_preserves_already_confirmed_authorisation" time="0.006" /><testcase classname="backend.tests.test_participant_profile_v2_api" name="test_post_missing_all_tier1_returns_422" time="1.095" /><testcase classname="backend.tests.test_participant_profile_v2_api" name="test_post_authorisation_false_returns_authorisation_required" time="0.046" /><testcase classname="backend.tests.test_participant_profile_v2_api" name="test_post_full_tier1_returns_201_with_completeness" time="0.046" /><testcase classname="backend.tests.test_participant_profile_v2_api" name="test_get_list_participants_has_decoration" time="0.108" /><testcase classname="backend.tests.test_participant_profile_v2_api" name="test_get_legacy_participant_requires_completion" time="0.288" /><testcase classname="backend.tests.test_participant_profile_v2_api" name="test_patch_all_tier2_brings_completeness_to_90" time="0.095" /><testcase classname="backend.tests.test_participant_profile_v2_api" name="test_patch_tier3_pushes_above_90" time="0.056" /><testcase classname="backend.tests.test_participant_profile_v2_api" name="test_profile_prompts_returns_structured_prompts" time="0.116" /><testcase classname="backend.tests.test_participant_profile_v2_api" name="test_migration_script_importable" time="0.004" /></testsuite></testsuites>