<?xml version="1.0" encoding="utf-8"?><testsuites name="pytest tests"><testsuite name="pytest" errors="0" failures="0" skipped="0" tests="3" time="56.209" timestamp="2026-09-08T02:06:40.775481+00:00" hostname="agent-env-c5afd9eb-07aa-4d4b-a962-7ae977093b03"><testcase classname="backend.tests.test_access_state_iter297" name="test_access_state[cathy@example.com-testpass123-active]" time="53.798" /><testcase classname="backend.tests.test_access_state_iter297" name="test_access_state[trialactive@example.com-AccessTest1!-trial]" time="1.203" /><testcase classname="backend.tests.test_access_state_iter297" name="test_access_state[cancelled.vo@example.com-AccessTest1!-view_only]" time="1.134" /></testsuite></testsuites>