<?xml version="1.0" encoding="utf-8"?><testsuites name="pytest tests"><testsuite name="pytest" errors="0" failures="0" skipped="0" tests="67" time="15.023" timestamp="2026-08-05T03:48:07.407100+00:00" hostname="agent-env-614c54f0-0f58-4885-94a3-8d8be47c2e25"><testcase classname="backend.tests.ce3.test_ce3_v2_pension" name="test_status_reports_pension_wizard" time="1.103" /><testcase classname="backend.tests.ce3.test_ce3_v2_pension" name="test_preview_shape_and_delta_math" time="0.135" /><testcase classname="backend.tests.ce3.test_ce3_v2_pension" name="test_preview_rejects_bad_pension_status" time="0.062" /><testcase classname="backend.tests.ce3.test_ce3_v2_pension" name="test_preview_rejects_bad_reason" time="0.061" /><testcase classname="backend.tests.ce3.test_ce3_v2_pension" name="test_partner_deceased_surfaces_support_resources" time="0.067" /><testcase classname="backend.tests.ce3.test_ce3_v2_pension" name="test_backdated_flag" time="0.068" /><testcase classname="backend.tests.ce3.test_ce3_v2_pension" name="test_step_down_detection" time="0.211" /><testcase classname="backend.tests.ce3.test_ce3_v2_pension" name="test_commit_requires_confirmed_true" time="0.069" /><testcase classname="backend.tests.ce3.test_ce3_v2_pension" name="test_commit_flow_and_history" time="0.138" /><testcase classname="backend.tests.ce3.test_ce3_v2_pension" name="test_commit_writes_timeline_event" time="0.071" /><testcase classname="backend.tests.cpr2.test_cpr2_v1" name="test_status_flag" time="0.938" /><testcase classname="backend.tests.cpr2.test_cpr2_v1" name="test_rename_notification_flow" time="0.095" /><testcase classname="backend.tests.cpr2.test_cpr2_v1" name="test_goal_ledger_crud_full_cycle" time="0.566" /><testcase classname="backend.tests.cpr2.test_cpr2_v1" name="test_goal_create_rejects_bad_type" time="0.046" /><testcase classname="backend.tests.cpr2.test_cpr2_v1" name="test_goal_cross_household_access_denied" time="0.046" /><testcase classname="backend.tests.cpr2.test_cpr2_v1" name="test_re_review_prompt_create_and_respond" time="0.145" /><testcase classname="backend.tests.cpr2.test_cpr2_v1" name="test_re_review_prompt_defer_persists_date" time="0.097" /><testcase classname="backend.tests.cpr2.test_cpr2_v1" name="test_re_review_prompt_rejects_bad_response" time="0.095" /><testcase classname="backend.tests.cpr2.test_cpr2_v1" name="test_lca1_publish_fires_cpr2_re_review_prompts" time="0.260" /><testcase classname="backend.tests.cpr2.test_cpr2_v1" name="test_change_not_affecting_cpr2_creates_no_prompts" time="0.003" /><testcase classname="backend.tests.ce3.test_ce3_v1" name="test_status_flag" time="0.958" /><testcase classname="backend.tests.ce3.test_ce3_v1" name="test_lifetime_cap_shape_and_bounds" time="0.128" /><testcase classname="backend.tests.ce3.test_ce3_v1" name="test_lifetime_cap_years_at_pace_null_when_new" time="0.128" /><testcase classname="backend.tests.ce3.test_ce3_v1" name="test_lifetime_cap_refresh_returns_fresh" time="0.064" /><testcase classname="backend.tests.ce3.test_ce3_v1" name="test_annual_projection_shape" time="0.061" /><testcase classname="backend.tests.ce3.test_ce3_v1" name="test_reconciliation_is_idempotent" time="0.134" /><testcase classname="backend.tests.ce3.test_ce3_v1" name="test_reconciliation_rejects_bad_month" time="0.059" /><testcase classname="backend.tests.ce3.test_ce3_v1" name="test_reconciliation_list_returns_data" time="0.122" /><testcase classname="backend.tests.ce3.test_ce3_v1" name="test_step_change_variance_opens_loop1_case" time="0.073" /><testcase classname="backend.tests.ce3.test_ce3_v1" name="test_user_note_persists" time="0.119" /><testcase classname="backend.tests.ce3.test_ce3_v1" name="test_reconciliation_action_persists" time="0.124" /><testcase classname="backend.tests.ce3.test_ce3_v1" name="test_cross_household_access_denied" time="0.058" /><testcase classname="backend.tests.lca1.test_iteration_112" name="test_draft_letter_from_candidate_creates_lf1_and_is_idempotent" time="1.245" /><testcase classname="backend.tests.lca1.test_iteration_112" name="test_draft_letter_bad_candidate_404" time="0.075" /><testcase classname="backend.tests.lca1.test_iteration_112" name="test_preferences_defaults_and_patch_persist" time="0.228" /><testcase classname="backend.tests.lca1.test_iteration_112" name="test_preferences_rejects_bad_frequency" time="0.060" /><testcase classname="backend.tests.loop1.test_loop1_addons" name="test_patterns_threshold_and_shape" time="1.075" /><testcase classname="backend.tests.loop1.test_loop1_addons" name="test_assignee_candidates_and_assignment" time="0.447" /><testcase classname="backend.tests.loop1.test_loop1_addons" name="test_assignee_candidates_404_for_bad_case" time="0.069" /><testcase classname="backend.tests.loop1.test_loop1_addons" name="test_lca1_sweep_dry_run" time="0.101" /><testcase classname="backend.tests.loop1.test_loop1_addons" name="test_lca1_sweep_live_is_idempotent" time="0.189" /><testcase classname="backend.tests.loop1.test_loop1_addons" name="test_lca1_digest_dry_run_contains_body_when_cases_exist" time="0.165" /><testcase classname="backend.tests.loop1.test_loop1_addons" name="test_sla_check_returns_summary" time="0.080" /><testcase classname="backend.tests.loop1.test_loop1_addons" name="test_sla_check_is_idempotent_within_cooldown" time="0.145" /><testcase classname="backend.tests.loop1.test_loop1_v1" name="test_status_endpoint" time="0.117" /><testcase classname="backend.tests.loop1.test_loop1_v1" name="test_registry" time="0.954" /><testcase classname="backend.tests.loop1.test_loop1_v1" name="test_scan_opens_cases_idempotent" time="0.216" /><testcase classname="backend.tests.loop1.test_loop1_v1" name="test_list_cases_scoped_by_participant" time="0.086" /><testcase classname="backend.tests.loop1.test_loop1_v1" name="test_list_cases_across_participants" time="0.061" /><testcase classname="backend.tests.loop1.test_loop1_v1" name="test_case_detail_status_flow_and_notes" time="0.427" /><testcase classname="backend.tests.loop1.test_loop1_v1" name="test_profile_populates_open_cases" time="0.147" /><testcase classname="backend.tests.loop1.test_loop1_v1" name="test_timeline_includes_case_events" time="0.192" /><testcase classname="backend.tests.loop1.test_loop1_v1" name="test_lca1_scan_endpoint" time="0.061" /><testcase classname="backend.tests.loop1.test_loop1_v1" name="test_cross_participant_case_access_forbidden" time="0.057" /><testcase classname="backend.tests.loop1.test_loop1_v1" name="test_create_case_bad_type" time="0.058" /><testcase classname="backend.tests.core1.test_core1_v1" name="test_status_endpoint_returns_flag_and_residency" time="0.132" /><testcase classname="backend.tests.core1.test_core1_v1" name="test_list_participants_scoped_to_household" time="1.032" /><testcase classname="backend.tests.core1.test_core1_v1" name="test_get_participant_shape" time="0.126" /><testcase classname="backend.tests.core1.test_core1_v1" name="test_get_participant_invalid_id_returns_404" time="0.059" /><testcase classname="backend.tests.core1.test_core1_v1" name="test_profile_composes_all_sections" time="0.079" /><testcase classname="backend.tests.core1.test_core1_v1" name="test_profile_lifetime_cap_from_index1" time="0.073" /><testcase classname="backend.tests.core1.test_core1_v1" name="test_profile_persona_query_switches_framing" time="0.188" /><testcase classname="backend.tests.core1.test_core1_v1" name="test_profile_latest_artefacts_has_expected_keys" time="0.076" /><testcase classname="backend.tests.core1.test_core1_v1" name="test_post_timeline_event_writes_and_renders_persona_aware" time="0.203" /><testcase classname="backend.tests.core1.test_core1_v1" name="test_post_timeline_event_invalid_participant_404" time="0.056" /><testcase classname="backend.tests.core1.test_core1_v1" name="test_timeline_pagination_limit" time="0.066" /><testcase classname="backend.tests.core1.test_core1_v1" name="test_patch_participant_provider_writes_event" time="0.241" /></testsuite></testsuites>