<?xml version="1.0" encoding="utf-8"?><testsuites name="pytest tests"><testsuite name="pytest" errors="0" failures="0" skipped="0" tests="4" time="5.916" timestamp="2026-08-12T06:46:02.969069+00:00" hostname="agent-env-1a348ccc-774e-4998-bb21-709e92706355"><testcase classname="backend.tests.test_inv1_iter137_c12_bulk" name="test_c12_present_with_sah_snapshot" time="5.826" /><testcase classname="backend.tests.test_inv1_iter137_c12_bulk" name="test_ppc_snapshot_id_is_sah_indicative" time="0.000" /><testcase classname="backend.tests.test_inv1_iter137_c12_bulk" name="test_domestic_assistance_c12_values" time="0.000" /><testcase classname="backend.tests.test_inv1_iter137_c12_bulk" name="test_total_findings_and_distinct_ids" time="0.000" /></testsuite></testsuites>