<?xml version="1.0" encoding="utf-8"?><testsuites name="pytest tests"><testsuite name="pytest" errors="0" failures="0" skipped="0" tests="12" time="2.829" timestamp="2026-08-09T11:08:00.164303+00:00" hostname="agent-env-d923e6cf-2b4c-4fa5-8a68-7fd3abf43635"><testcase classname="backend.tests.test_iter125_bc2_cs1.TestBC2ProjectionPreview" name="test_baseline_no_overrides" time="1.058" /><testcase classname="backend.tests.test_iter125_bc2_cs1.TestBC2ProjectionPreview" name="test_classification_override" time="0.097" /><testcase classname="backend.tests.test_iter125_bc2_cs1.TestBC2ProjectionPreview" name="test_indexation_changes_budget" time="0.097" /><testcase classname="backend.tests.test_iter125_bc2_cs1.TestBC2ProjectionPreview" name="test_spend_adjustment_changes_projected_spend" time="0.097" /><testcase classname="backend.tests.test_iter125_bc2_cs1.TestBC2Scenarios" name="test_save_scenario_with_overrides" time="0.050" /><testcase classname="backend.tests.test_iter125_bc2_cs1.TestBC2Scenarios" name="test_list_scenarios" time="0.046" /><testcase classname="backend.tests.test_iter125_bc2_cs1.TestBC2Scenarios" name="test_delete_scenario" time="0.092" /><testcase classname="backend.tests.test_iter125_bc2_cs1.TestCS1HandoverPack" name="test_create_no_medical_optin" time="0.048" /><testcase classname="backend.tests.test_iter125_bc2_cs1.TestCS1HandoverPack" name="test_get_pack" time="0.045" /><testcase classname="backend.tests.test_iter125_bc2_cs1.TestCS1HandoverPack" name="test_patch_pack_with_medical" time="0.093" /><testcase classname="backend.tests.test_iter125_bc2_cs1.TestCS1HandoverPack" name="test_export_pdf" time="0.050" /><testcase classname="backend.tests.test_iter125_bc2_cs1.TestCS1HandoverPack" name="test_cross_user_404" time="0.983" /></testsuite></testsuites>