<?xml version="1.0" encoding="utf-8"?><testsuites name="pytest tests"><testsuite name="pytest" errors="0" failures="1" skipped="0" tests="36" time="4.311" timestamp="2026-07-22T04:57:08.423740+00:00" hostname="agent-env-9d7dc41f-aa05-432b-8632-1634219cad4f"><testcase classname="tests.test_persona_registry.TestTier2Tokens" name="test_participant_is_first_person" time="0.002" /><testcase classname="tests.test_persona_registry.TestTier2Tokens" name="test_caregiver_she_her_with_name" time="0.000" /><testcase classname="tests.test_persona_registry.TestTier2Tokens" name="test_caregiver_he_him_with_s_ending_name" time="0.000" /><testcase classname="tests.test_persona_registry.TestTier2Tokens" name="test_caregiver_they_them_plural_verbs" time="0.000" /><testcase classname="tests.test_persona_registry.TestTier2Tokens" name="test_caregiver_unknown_pronouns_falls_back" time="0.000" /><testcase classname="tests.test_persona_registry.TestTemplateResolver" name="test_substitutes_known_tokens" time="0.000" /><testcase classname="tests.test_persona_registry.TestTemplateResolver" name="test_participant_pronoun_agnostic" time="0.000" /><testcase classname="tests.test_persona_registry.TestTemplateResolver" name="test_leaves_unknown_tokens_intact" time="0.000" /><testcase classname="tests.test_persona_registry.TestTier1Resolver" name="test_participant_dec1_hero_is_first_person" time="0.000" /><testcase classname="tests.test_persona_registry.TestTier1Resolver" name="test_caregiver_dec1_hero_uses_name_and_pronouns" time="0.000" /><testcase classname="tests.test_persona_registry.TestTier1Resolver" name="test_verb_agreement_participant_vs_caregiver" time="0.000" /><testcase classname="tests.test_persona_registry.TestTier1Resolver" name="test_unknown_pronoun_uses_care_recipient_fallback" time="0.000" /><testcase classname="tests.test_persona_registry.TestTier1Resolver" name="test_missing_key_raises" time="0.000" /><testcase classname="tests.test_persona_registry.TestFeatureFlag" name="test_flag_off_returns_caregiver_variant" time="0.000" /><testcase classname="tests.test_persona_registry.TestFeatureFlag" name="test_flag_on" time="0.000" /><testcase classname="tests.test_persona_registry.TestBundle" name="test_bundle_shape" time="0.000" /><testcase classname="tests.test_persona_registry.TestRegistrySeed" name="test_every_key_has_both_variants" time="0.000" /><testcase classname="tests.test_persona_routes.TestGetPersona" name="test_requires_auth" time="1.127" /><testcase classname="tests.test_persona_routes.TestGetPersona" name="test_get_returns_profile_and_resolver" time="0.165" /><testcase classname="tests.test_persona_routes.TestPutPersona" name="test_switch_to_participant_mirrors_account" time="0.137" /><testcase classname="tests.test_persona_routes.TestPutPersona" name="test_participant_ignores_representative_flag" time="0.152" /><testcase classname="tests.test_persona_routes.TestPutPersona" name="test_caregiver_representative_persists" time="0.181" /><testcase classname="tests.test_persona_routes.TestResolve" name="test_tier1_participant_first_person" time="0.205" /><testcase classname="tests.test_persona_routes.TestResolve" name="test_tier1_caregiver_third_person_uses_name" time="0.189" /><testcase classname="tests.test_persona_routes.TestResolve" name="test_tier2_template_substitution" time="0.187" /><testcase classname="tests.test_persona_routes.TestResolve" name="test_unknown_tier1_key_reported" time="0.151" /><testcase classname="tests.test_persona_routes.TestTier1KeysEndpoint" name="test_lists_keys" time="0.162" /><testcase classname="tests.test_persona_routes.TestAdminPreviewOverride" name="test_non_admin_override_ignored" time="0.163" /><testcase classname="tests.test_persona_governance" name="test_no_adjacent_string_literals_in_jsx" time="0.013" /><testcase classname="tests.test_persona_governance" name="test_every_tier1_key_is_referenced" time="0.022" /><testcase classname="tests.test_iter80_signup_carryover.TestPersonaLastName" name="test_put_persona_accepts_last_name" time="1.014" /><testcase classname="tests.test_iter80_signup_carryover.TestPersonaLastName" name="test_get_persona_returns_last_name" time="0.047" /><testcase classname="tests.test_iter80_signup_carryover.TestPersonaLastName" name="test_put_persona_last_name_max_80" time="0.044" /><testcase classname="tests.test_iter80_signup_carryover.TestPersonaLastName" name="test_put_persona_last_name_optional" time="0.090" /><testcase classname="tests.test_iter80_signup_carryover.TestSignupMobilePersists" name="test_auth_me_returns_mobile" time="0.045"><failure message="AssertionError: signup mobile not persisted on user: {'id': 'a9a3d3b5-c6d6-444b-a2aa-607afb847679', 'email': 'sv1784696231c978f2@example.com', 'name': 'Aiden Chiware', 'role': 'caregiver', 'plan': 'family', 'household_id': None, 'created_at': '2026-07-22T04:57:12.226017+00:00', 'is_admin': False, 'admin_role': None, 'subscription_status': None, 'trial_ends_at': None, 'cancel_at_period_end': None, 'totp_enabled': False}&#10;assert (None)">E   AssertionError: signup mobile not persisted on user: {'id': 'a9a3d3b5-c6d6-444b-a2aa-607afb847679', 'email': 'sv1784696231c978f2@example.com', 'name': 'Aiden Chiware', 'role': 'caregiver', 'plan': 'family', 'household_id': None, 'created_at': '2026-07-22T04:57:12.226017+00:00', 'is_admin': False, 'admin_role': None, 'subscription_status': None, 'trial_ends_at': None, 'cancel_at_period_end': None, 'totp_enabled': False}
    assert (None)</failure></testcase><testcase classname="tests.test_iter80_signup_carryover.TestSignupMobilePersists" name="test_account_returns_mobile" time="0.051" /></testsuite></testsuites>