<?xml version="1.0" encoding="utf-8"?><testsuites name="pytest tests"><testsuite name="pytest" errors="0" failures="0" skipped="0" tests="9" time="3.001" timestamp="2026-09-05T07:52:01.322738+00:00" hostname="agent-env-70b73e15-7a47-4218-9ce8-3a9f79fe5b5a"><testcase classname="backend.tests.test_data_model_1_iter269" name="test_all_households_have_account_holder_and_participant_record" time="0.034" /><testcase classname="backend.tests.test_data_model_1_iter269" name="test_backfill_is_idempotent" time="0.040" /><testcase classname="backend.tests.test_data_model_1_iter269" name="test_verify_invariants_python_api" time="0.054" /><testcase classname="backend.tests.test_data_model_1_iter269" name="test_verify_invariants_cli_script_exits_zero" time="0.684" /><testcase classname="backend.tests.test_data_model_1_iter269" name="test_caregiver_migration_maps_legacy_active_member" time="0.115" /><testcase classname="backend.tests.test_data_model_1_iter269" name="test_login_still_works" time="1.510" /><testcase classname="backend.tests.test_data_model_1_iter269" name="test_auth_me_still_works" time="0.140" /><testcase classname="backend.tests.test_data_model_1_iter269" name="test_household_members_v3_shape" time="0.132" /><testcase classname="backend.tests.test_data_model_1_iter269" name="test_participant_today_still_200" time="0.140" /></testsuite></testsuites>