<?xml version="1.0" encoding="utf-8"?><testsuites name="pytest tests"><testsuite name="pytest" errors="0" failures="0" skipped="0" tests="9" time="5.567" timestamp="2026-08-20T01:14:52.287324+00:00" hostname="agent-env-9a6e70ad-52fa-495f-b745-bbafdc6413f7"><testcase classname="backend.tests.test_iter_google_oauth_contract" name="test_auth_google_empty_body_returns_422" time="0.292" /><testcase classname="backend.tests.test_iter_google_oauth_contract" name="test_auth_google_missing_credential_field_returns_422" time="0.196" /><testcase classname="backend.tests.test_iter_google_oauth_contract" name="test_auth_google_short_credential_returns_422" time="0.146" /><testcase classname="backend.tests.test_iter_google_oauth_contract" name="test_auth_google_invalid_credential_returns_401" time="0.259" /><testcase classname="backend.tests.test_iter_google_oauth_contract" name="test_auth_google_endpoint_not_404_and_not_500" time="0.168" /><testcase classname="backend.tests.test_iter_google_oauth_contract" name="test_login_cathy_email_password_still_works" time="0.934" /><testcase classname="backend.tests.test_iter_google_oauth_contract" name="test_login_cathy_token_works_on_me" time="1.155" /><testcase classname="backend.tests.test_iter_google_oauth_contract" name="test_login_wrong_password_returns_401" time="1.208" /><testcase classname="backend.tests.test_iter_google_oauth_contract" name="test_signup_email_password_creates_user_and_returns_token" time="1.130" /></testsuite></testsuites>