<?xml version="1.0" encoding="utf-8"?><testsuites name="pytest tests"><testsuite name="pytest" errors="0" failures="0" skipped="1" tests="84" time="6.148" timestamp="2026-07-11T04:54:42.145738+00:00" hostname="agent-env-9d7dc41f-aa05-432b-8632-1634219cad4f"><testcase classname="backend.tests.test_ppc_v2" name="test_snapshot_loader_loads_at_least_one_snapshot" time="0.001" /><testcase classname="backend.tests.test_ppc_v2" name="test_default_snapshot_id_returns_most_recent" time="0.000" /><testcase classname="backend.tests.test_ppc_v2" name="test_list_services_returns_ordered_by_stream_then_name" time="0.000" /><testcase classname="backend.tests.test_ppc_v2" name="test_get_service_returns_personal_care_row_with_expected_range" time="0.000" /><testcase classname="backend.tests.test_ppc_v2" name="test_non_checkable_rows_present_for_expected_services" time="0.000" /><testcase classname="backend.tests.test_ppc_v2" name="test_above_range_personal_care" time="0.000" /><testcase classname="backend.tests.test_ppc_v2" name="test_in_range_personal_care" time="0.000" /><testcase classname="backend.tests.test_ppc_v2" name="test_below_range_implausibly_low_guard" time="0.000" /><testcase classname="backend.tests.test_ppc_v2" name="test_below_range_plausible_no_guard" time="0.000" /><testcase classname="backend.tests.test_ppc_v2" name="test_clinical_service_share_is_zero" time="0.000" /><testcase classname="backend.tests.test_ppc_v2" name="test_personal_care_post_oct_2026_becomes_clinical" time="0.000" /><testcase classname="backend.tests.test_ppc_v2" name="test_personal_care_pre_oct_2026_is_independence" time="0.000" /><testcase classname="backend.tests.test_ppc_v2" name="test_grandfathered_share_returns_hcp_message" time="0.000" /><testcase classname="backend.tests.test_ppc_v2" name="test_unit_label_switches_with_service[Transport-$ per trip]" time="0.000" /><testcase classname="backend.tests.test_ppc_v2" name="test_unit_label_switches_with_service[Meal delivery-$ per meal]" time="0.000" /><testcase classname="backend.tests.test_ppc_v2" name="test_unit_label_switches_with_service[Personal care-$ per hour]" time="0.000" /><testcase classname="backend.tests.test_ppc_v2" name="test_after_hours_guard_fires_on_above_range_personal_care" time="0.000" /><testcase classname="backend.tests.test_ppc_v2" name="test_after_hours_toggle_relaxes_guard" time="0.000" /><testcase classname="backend.tests.test_ppc_v2" name="test_non_checkable_service_renders_explanatory_panel" time="0.000" /><testcase classname="backend.tests.test_ppc_v2" name="test_meal_delivery_unit_mismatch_guard" time="0.000" /><testcase classname="backend.tests.test_ppc_v2" name="test_rate_change_within_percent_floor_is_not_a_change" time="0.000" /><testcase classname="backend.tests.test_ppc_v2" name="test_rate_change_clearing_percent_floor_counts" time="0.000" /><testcase classname="backend.tests.test_ppc_v2" name="test_meal_delivery_absolute_floor_below_50c_is_no_change" time="0.000" /><testcase classname="backend.tests.test_ppc_v2" name="test_meal_delivery_absolute_floor_clears_at_1_dollar" time="0.000" /><testcase classname="backend.tests.test_ppc_v2" name="test_rate_decrease_does_not_count" time="0.000" /><testcase classname="backend.tests.test_ppc_v2" name="test_mid_statement_grouping_counts_one_change" time="0.000" /><testcase classname="backend.tests.test_ppc_v2" name="test_mid_statement_grouping_then_manual_gives_two" time="0.000" /><testcase classname="backend.tests.test_ppc_v2" name="test_normalise_provider_name[Glorious Services Pty Ltd-glorious services]" time="0.000" /><testcase classname="backend.tests.test_ppc_v2" name="test_normalise_provider_name[Glorious Services-glorious services]" time="0.000" /><testcase classname="backend.tests.test_ppc_v2" name="test_normalise_provider_name[glorious services pty. ltd.-glorious services]" time="0.000" /><testcase classname="backend.tests.test_ppc_v2" name="test_normalise_provider_name[GLORIOUS SERVICES-glorious services]" time="0.000" /><testcase classname="backend.tests.test_ppc_v2" name="test_normalise_provider_name[Glorious Services P/L-glorious services]" time="0.000" /><testcase classname="backend.tests.test_ppc_v2" name="test_normalise_provider_name[Glorious Services Pty Ltd t/a Better Care-glorious services]" time="0.000" /><testcase classname="backend.tests.test_ppc_v2" name="test_normalise_provider_name[Rose &amp; Crown Care-rose and crown care]" time="0.000" /><testcase classname="backend.tests.test_ppc_v2" name="test_normalise_provider_name[  Wayly   Care   -wayly care]" time="0.000" /><testcase classname="backend.tests.test_ppc_v2" name="test_normalise_provider_name_empty_input_returns_empty_string" time="0.000" /><testcase classname="backend.tests.test_ppc_v2" name="test_fuzzy_match_provider_finds_close_variant" time="0.000" /><testcase classname="backend.tests.test_ppc_v2" name="test_fuzzy_match_provider_ignores_distant_variant" time="0.000" /><testcase classname="backend.tests.test_ppc_v2" name="test_email_draft_contains_service_rate_and_range" time="0.000" /><testcase classname="backend.tests.test_ppc_v2" name="test_email_draft_appends_increase_paragraph_when_flagged" time="0.000" /><testcase classname="backend.tests.test_ppc_v2" name="test_cap_deferral_note_contains_citation" time="0.000" /><testcase classname="backend.tests.test_ppc_v2" name="test_how_this_works_bullets_include_key_points" time="0.000" /><testcase classname="backend.tests.test_ppc_v2_endpoints.TestSnapshotDictionary" name="test_snapshots_endpoint" time="0.134" /><testcase classname="backend.tests.test_ppc_v2_endpoints.TestSnapshotDictionary" name="test_services_endpoint" time="0.112" /><testcase classname="backend.tests.test_ppc_v2_endpoints.TestPublicPriceCheckV2" name="test_above_range_after_hours_guard" time="1.035" /><testcase classname="backend.tests.test_ppc_v2_endpoints.TestPublicPriceCheckV2" name="test_in_range_clean" time="0.105" /><testcase classname="backend.tests.test_ppc_v2_endpoints.TestPublicPriceCheckV2" name="test_implausibly_low_guard" time="0.103" /><testcase classname="backend.tests.test_ppc_v2_endpoints.TestPublicPriceCheckV2" name="test_below_range_distance" time="0.104" /><testcase classname="backend.tests.test_ppc_v2_endpoints.TestPublicPriceCheckV2" name="test_clinical_stream_returns_zero_share" time="0.101" /><testcase classname="backend.tests.test_ppc_v2_endpoints.TestPublicPriceCheckV2" name="test_personal_care_post_oct_2026_is_clinical" time="0.105" /><testcase classname="backend.tests.test_ppc_v2_endpoints.TestPublicPriceCheckV2" name="test_personal_care_pre_oct_2026_is_exact" time="0.107" /><testcase classname="backend.tests.test_ppc_v2_endpoints.TestPublicPriceCheckV2" name="test_grandfathered_returns_grandfathered_mode" time="0.112" /><testcase classname="backend.tests.test_ppc_v2_endpoints.TestPublicPriceCheckV2" name="test_non_checkable_service_returns_panel_state" time="0.101" /><testcase classname="backend.tests.test_ppc_v2_endpoints.TestPublicPriceCheckV2" name="test_transport_per_km_override_treated_as_non_checkable" time="0.104" /><testcase classname="backend.tests.test_ppc_v2_endpoints.TestPublicPriceCheckV2" name="test_unauth_call_blocked" time="0.291" /><testcase classname="backend.tests.test_ppc_v2_endpoints.TestCEState" name="test_ce_state_get_and_put" time="0.152" /><testcase classname="backend.tests.test_ppc_v2_endpoints.TestSavedChecks" name="test_save_check_and_fuzzy_match" time="0.243" /><testcase classname="backend.tests.test_ppc_v2_endpoints.TestSavedChecks" name="test_list_checks_auth_only" time="0.217" /><testcase classname="backend.tests.test_ppc_v2_endpoints.TestSavedChecks" name="test_history_endpoint" time="0.119" /><testcase classname="backend.tests.test_ppc_v2_endpoints.TestSavedChecks" name="test_delete_check_and_bulk_delete" time="0.199" /><testcase classname="backend.tests.test_ppc_v2_endpoints.TestEmailDraft" name="test_email_draft_contains_key_fields" time="0.135" /><testcase classname="backend.tests.test_ppc_v2_endpoints.TestReportIssue" name="test_report_issue_creates_ticket" time="0.000"><skipped type="pytest.skip" message="Iter 62 review: /api/ppc/report-issue was removed; UI now uses shared /api/support/tickets endpoint (documented action item).">/app/backend/tests/test_ppc_v2_endpoints.py:307: Iter 62 review: /api/ppc/report-issue was removed; UI now uses shared /api/support/tickets endpoint (documented action item).</skipped></testcase><testcase classname="backend.tests.test_ppc_v2_endpoints.TestFeatureFlag" name="test_ppc_decoder_integration_default_off" time="0.102" /><testcase classname="backend.tests.test_ppc_v2_endpoints.TestDecoderContext" name="test_decoder_context_no_statements" time="0.099" /><testcase classname="backend.tests.test_ppc_v2_endpoints.TestDecoderContext" name="test_decoder_context_requires_auth" time="0.103" /><testcase classname="backend.tests.test_ppc_v2_endpoints.TestPdfExport" name="test_pdf_export_returns_valid_pdf" time="0.105" /><testcase classname="backend.tests.test_ppc_v2_endpoints.TestPdfExport" name="test_pdf_export_requires_auth" time="0.100" /><testcase classname="backend.tests.test_ppc_v2_endpoints.TestAnalyticsEvent" name="test_all_allowed_events_accepted[ppc_tool_opened]" time="0.120" /><testcase classname="backend.tests.test_ppc_v2_endpoints.TestAnalyticsEvent" name="test_all_allowed_events_accepted[ppc_service_selected]" time="0.106" /><testcase classname="backend.tests.test_ppc_v2_endpoints.TestAnalyticsEvent" name="test_all_allowed_events_accepted[ppc_result_rendered]" time="0.103" /><testcase classname="backend.tests.test_ppc_v2_endpoints.TestAnalyticsEvent" name="test_all_allowed_events_accepted[ppc_quality_guard_shown]" time="0.102" /><testcase classname="backend.tests.test_ppc_v2_endpoints.TestAnalyticsEvent" name="test_all_allowed_events_accepted[ppc_quality_guard_dismissed]" time="0.104" /><testcase classname="backend.tests.test_ppc_v2_endpoints.TestAnalyticsEvent" name="test_all_allowed_events_accepted[ppc_check_saved]" time="0.112" /><testcase classname="backend.tests.test_ppc_v2_endpoints.TestAnalyticsEvent" name="test_all_allowed_events_accepted[ppc_check_deleted]" time="0.113" /><testcase classname="backend.tests.test_ppc_v2_endpoints.TestAnalyticsEvent" name="test_all_allowed_events_accepted[ppc_history_opened]" time="0.104" /><testcase classname="backend.tests.test_ppc_v2_endpoints.TestAnalyticsEvent" name="test_all_allowed_events_accepted[ppc_email_drafted]" time="0.103" /><testcase classname="backend.tests.test_ppc_v2_endpoints.TestAnalyticsEvent" name="test_all_allowed_events_accepted[ppc_pdf_exported]" time="0.119" /><testcase classname="backend.tests.test_ppc_v2_endpoints.TestAnalyticsEvent" name="test_all_allowed_events_accepted[ppc_report_issue_submitted]" time="0.103" /><testcase classname="backend.tests.test_ppc_v2_endpoints.TestAnalyticsEvent" name="test_all_allowed_events_accepted[ppc_snapshot_selector_shown]" time="0.099" /><testcase classname="backend.tests.test_ppc_v2_endpoints.TestAnalyticsEvent" name="test_all_allowed_events_accepted[ppc_snapshot_switched]" time="0.163" /><testcase classname="backend.tests.test_ppc_v2_endpoints.TestAnalyticsEvent" name="test_all_allowed_events_accepted[ppc_adm_disclosure_opened]" time="0.102" /><testcase classname="backend.tests.test_ppc_v2_endpoints.TestAnalyticsEvent" name="test_all_allowed_events_accepted[ppc_prefill_applied]" time="0.101" /><testcase classname="backend.tests.test_ppc_v2_endpoints.TestAnalyticsEvent" name="test_unknown_event_rejected" time="0.109" /><testcase classname="backend.tests.test_ppc_v2_endpoints.TestAnalyticsEvent" name="test_analytics_requires_auth" time="0.100" /></testsuite></testsuites>