<?xml version="1.0" encoding="utf-8"?><testsuites name="pytest tests"><testsuite name="pytest" errors="0" failures="0" skipped="0" tests="26" time="7.305" timestamp="2026-07-16T13:55:44.220980+00:00" hostname="agent-env-9d7dc41f-aa05-432b-8632-1634219cad4f"><testcase classname="backend.tests.test_sup_phase1_zendesk.TestUserList" name="test_list_returns_stats_shape" time="1.183" /><testcase classname="backend.tests.test_sup_phase1_zendesk.TestUserList" name="test_list_filters_status" time="0.117" /><testcase classname="backend.tests.test_sup_phase1_zendesk.TestUserList" name="test_list_search_q" time="0.115" /><testcase classname="backend.tests.test_sup_phase1_zendesk.TestUserList" name="test_list_sort_oldest_vs_newest" time="0.274" /><testcase classname="backend.tests.test_sup_phase1_zendesk.TestUserDetail" name="test_detail_shape" time="0.253" /><testcase classname="backend.tests.test_sup_phase1_zendesk.TestUserEditReport" name="test_edit_when_received" time="0.375" /><testcase classname="backend.tests.test_sup_phase1_zendesk.TestUserEditReport" name="test_edit_conflict_when_not_received" time="0.126" /><testcase classname="backend.tests.test_sup_phase1_zendesk.TestUserCloseReopen" name="test_close_then_reopen" time="0.496" /><testcase classname="backend.tests.test_sup_phase1_zendesk.TestUserMessagesUpdateActivity" name="test_message_increments_counters" time="0.128" /><testcase classname="backend.tests.test_sup_phase1_zendesk.TestAdminList" name="test_admin_list_shape" time="0.869" /><testcase classname="backend.tests.test_sup_phase1_zendesk.TestAdminList" name="test_admin_filter_priority" time="0.120" /><testcase classname="backend.tests.test_sup_phase1_zendesk.TestAdminList" name="test_admin_filter_q" time="0.123" /><testcase classname="backend.tests.test_sup_phase1_zendesk.TestAdminList" name="test_admin_assignee_me_and_unassigned" time="0.271" /><testcase classname="backend.tests.test_sup_phase1_zendesk.TestAdminStats" name="test_stats_shape" time="0.140" /><testcase classname="backend.tests.test_sup_phase1_zendesk.TestAdminAssignees" name="test_admins_list_returns_super_admin" time="0.130" /><testcase classname="backend.tests.test_sup_phase1_zendesk.TestAdminExport" name="test_export_csv" time="0.141" /><testcase classname="backend.tests.test_sup_phase1_zendesk.TestAdminPatch" name="test_patch_priority_writes_event" time="0.122" /><testcase classname="backend.tests.test_sup_phase1_zendesk.TestAdminPatch" name="test_patch_assignee_and_tags" time="0.534" /><testcase classname="backend.tests.test_sup_phase1_zendesk.TestAdminBulk" name="test_bulk_set_priority" time="0.121" /><testcase classname="backend.tests.test_sup_phase1_zendesk.TestAdminBulk" name="test_bulk_add_and_remove_tag" time="0.245" /><testcase classname="backend.tests.test_sup_phase1_zendesk.TestAdminBulk" name="test_bulk_invalid_priority_400" time="0.135" /><testcase classname="backend.tests.test_sup_phase1_zendesk.TestAdminTimeline" name="test_timeline_mixes_messages_and_events" time="0.155" /><testcase classname="backend.tests.test_sup_phase1_zendesk.TestAdminMacros" name="test_crud_macro" time="0.578" /><testcase classname="backend.tests.test_sup_phase1_zendesk.TestRegression" name="test_admin_detail_still_works" time="0.143" /><testcase classname="backend.tests.test_sup_phase1_zendesk.TestRegression" name="test_admin_reply_still_works" time="0.136" /><testcase classname="backend.tests.test_sup_phase1_zendesk.TestRegression" name="test_admin_status_still_works" time="0.129" /></testsuite></testsuites>