<?xml version="1.0" encoding="utf-8"?><testsuites name="pytest tests"><testsuite name="pytest" errors="0" failures="1" skipped="0" tests="31" time="6.365" timestamp="2026-05-11T07:39:56.924153+00:00" hostname="agent-env-9d7dc41f-aa05-432b-8632-1634219cad4f"><testcase classname="tests.test_admin_phase_e.TestAuditExport" name="test_export_csv" time="1.224" /><testcase classname="tests.test_admin_phase_e.TestSessions" name="test_list_sessions" time="0.163" /><testcase classname="tests.test_admin_phase_e.TestSessions" name="test_revoke_non_super_forbidden" time="0.115" /><testcase classname="tests.test_admin_phase_e.TestSessions" name="test_revoke_session_flow" time="0.340" /><testcase classname="tests.test_admin_phase_e.TestDataRequests" name="test_public_submit" time="0.111" /><testcase classname="tests.test_admin_phase_e.TestDataRequests" name="test_admin_list" time="0.106" /><testcase classname="tests.test_admin_phase_e.TestDataRequests" name="test_update_pushes_history" time="0.138" /><testcase classname="tests.test_admin_phase_e.TestDataRequests" name="test_update_invalid_status" time="0.118" /><testcase classname="tests.test_admin_phase_e.TestFlags" name="test_create" time="0.157" /><testcase classname="tests.test_admin_phase_e.TestFlags" name="test_duplicate_name_400" time="0.102" /><testcase classname="tests.test_admin_phase_e.TestFlags" name="test_list" time="0.111" /><testcase classname="tests.test_admin_phase_e.TestFlags" name="test_update_allowed_for_any_admin" time="0.108" /><testcase classname="tests.test_admin_phase_e.TestFlags" name="test_create_forbidden_for_non_super" time="0.116"><failure message="assert 200 == 403&#10; +  where 200 = &lt;Response [200]&gt;.status_code">tests/test_admin_phase_e.py:260: in test_create_forbidden_for_non_super
    assert r.status_code == 403
E   assert 200 == 403
E    +  where 200 = &lt;Response [200]&gt;.status_code</failure></testcase><testcase classname="tests.test_admin_phase_e.TestFlags" name="test_delete_forbidden_for_non_super" time="0.100" /><testcase classname="tests.test_admin_phase_e.TestFlags" name="test_delete" time="0.103" /><testcase classname="tests.test_admin_phase_e" name="test_system_health" time="0.105" /><testcase classname="tests.test_admin_phase_e.TestMaintenance" name="test_get" time="0.097" /><testcase classname="tests.test_admin_phase_e.TestMaintenance" name="test_post_non_super_forbidden" time="0.102" /><testcase classname="tests.test_admin_phase_e.TestMaintenance" name="test_toggle_and_public_reflects" time="0.491" /><testcase classname="tests.test_admin_phase_e.TestAdminCRUD" name="test_list_non_super_forbidden" time="0.109" /><testcase classname="tests.test_admin_phase_e.TestAdminCRUD" name="test_list_admins" time="0.106" /><testcase classname="tests.test_admin_phase_e.TestAdminCRUD" name="test_create_new_admin" time="0.330" /><testcase classname="tests.test_admin_phase_e.TestAdminCRUD" name="test_create_existing_promotes" time="0.108" /><testcase classname="tests.test_admin_phase_e.TestAdminCRUD" name="test_update_role" time="0.105" /><testcase classname="tests.test_admin_phase_e.TestAdminCRUD" name="test_demote_self_400" time="0.113" /><testcase classname="tests.test_admin_phase_e.TestAdminCRUD" name="test_reset_2fa_self_400" time="0.102" /><testcase classname="tests.test_admin_phase_e.TestAdminCRUD" name="test_reset_2fa_other" time="0.114" /><testcase classname="tests.test_admin_phase_e.TestAdminCRUD" name="test_login_history" time="0.137" /><testcase classname="tests.test_admin_phase_e.TestAdminCRUD" name="test_delete_self_400" time="0.116" /><testcase classname="tests.test_admin_phase_e.TestAdminCRUD" name="test_delete_other" time="0.105" /><testcase classname="tests.test_admin_phase_e" name="test_unauth_rejects" time="0.653" /></testsuite></testsuites>