<?xml version="1.0" encoding="utf-8"?><testsuites name="pytest tests"><testsuite name="pytest" errors="0" failures="0" skipped="2" tests="16" time="9.634" timestamp="2026-05-11T05:39:22.766022+00:00" hostname="agent-env-9d7dc41f-aa05-432b-8632-1634219cad4f"><testcase classname="tests.test_admin_phase_a" name="test_login_super_admin_with_totp_returns_requires_2fa" time="0.538" /><testcase classname="tests.test_admin_phase_a" name="test_login_first_time_admin_returns_setup_payload" time="0.015"><skipped type="pytest.skip" message="Antony already has TOTP — skipping first-time setup test (re-seed if needed)">/app/backend/tests/test_admin_phase_a.py:67: Antony already has TOTP — skipping first-time setup test (re-seed if needed)</skipped></testcase><testcase classname="tests.test_admin_phase_a" name="test_login_non_admin_user_returns_403" time="0.120" /><testcase classname="tests.test_admin_phase_a" name="test_login_wrong_email_returns_401" time="0.375" /><testcase classname="tests.test_admin_phase_a" name="test_brute_force_lockout_after_5_failed_attempts" time="1.779" /><testcase classname="tests.test_admin_phase_a" name="test_2fa_verify_with_valid_code_returns_admin_token" time="0.448" /><testcase classname="tests.test_admin_phase_a" name="test_2fa_verify_with_wrong_code_returns_401" time="2.239" /><testcase classname="tests.test_admin_phase_a" name="test_me_with_valid_admin_token_returns_profile" time="0.577" /><testcase classname="tests.test_admin_phase_a" name="test_me_without_token_returns_401" time="0.114" /><testcase classname="tests.test_admin_phase_a" name="test_me_with_regular_user_token_returns_401" time="0.442" /><testcase classname="tests.test_admin_phase_a" name="test_analytics_with_admin_token_returns_payload" time="0.553" /><testcase classname="tests.test_admin_phase_a" name="test_analytics_with_regular_user_token_returns_401" time="0.444" /><testcase classname="tests.test_admin_phase_a" name="test_admin_session_persisted_in_admin_sessions" time="0.463" /><testcase classname="tests.test_admin_phase_a" name="test_logout_invalidates_session" time="0.765" /><testcase classname="tests.test_admin_phase_a" name="test_super_admin_can_call_delete_endpoint_404_for_unknown" time="0.592" /><testcase classname="tests.test_admin_phase_a" name="test_first_time_setup_returns_backup_codes_once_and_consumption_decreases" time="0.015"><skipped type="pytest.skip" message="Antony already enabled — skipping first-time backup-code flow">/app/backend/tests/test_admin_phase_a.py:231: Antony already enabled — skipping first-time backup-code flow</skipped></testcase></testsuite></testsuites>