<?xml version="1.0" encoding="utf-8"?><testsuites name="pytest tests"><testsuite name="pytest" errors="0" failures="0" skipped="0" tests="9" time="6.050" timestamp="2026-08-07T12:36:36.481014+00:00" hostname="agent-env-747e7d3a-6b6e-4596-9254-fb527fd3f206"><testcase classname="backend.tests.test_iter124_ic2_lca1_lf2.TestIC2Status" name="test_status_surfaces" time="1.625" /><testcase classname="backend.tests.test_iter124_ic2_lca1_lf2.TestIC2BankCsvImport" name="test_happy_path" time="2.063" /><testcase classname="backend.tests.test_iter124_ic2_lca1_lf2.TestIC2BankCsvImport" name="test_missing_date_column" time="0.295" /><testcase classname="backend.tests.test_iter124_ic2_lca1_lf2.TestIC2BankCsvImport" name="test_cross_household_forbidden" time="0.097" /><testcase classname="backend.tests.test_iter124_ic2_lca1_lf2.TestLCA1Scrape" name="test_scrape_runs_authenticated" time="0.515" /><testcase classname="backend.tests.test_iter124_ic2_lca1_lf2.TestLCA1Scrape" name="test_run_now_forbidden_for_non_super_admin" time="0.312" /><testcase classname="backend.tests.test_iter124_ic2_lca1_lf2.TestLF2ChainCreate" name="test_generate_hardship_chain" time="0.570" /><testcase classname="backend.tests.test_iter124_ic2_lca1_lf2.TestLF2ChainCreate" name="test_list_chains" time="0.100" /><testcase classname="backend.tests.test_iter124_ic2_lca1_lf2.TestLF2ChainCreate" name="test_patch_draft" time="0.387" /></testsuite></testsuites>