<?xml version="1.0" encoding="utf-8"?><testsuites name="pytest tests"><testsuite name="pytest" errors="0" failures="0" skipped="0" tests="5" time="8.737" timestamp="2026-08-18T01:56:37.034000+00:00" hostname="agent-env-9b0cda33-6f27-49c9-91a8-e1a205d99c8b"><testcase classname="backend.tests.test_iter204" name="test_checkout_requires_auth" time="0.695" /><testcase classname="backend.tests.test_iter204" name="test_checkout_solo_authed_returns_stripe_url" time="3.051" /><testcase classname="backend.tests.test_iter204" name="test_checkout_family_authed_returns_stripe_url" time="1.597" /><testcase classname="backend.tests.test_iter204" name="test_participant_no_duplicate_on_patch_flow" time="1.679" /><testcase classname="backend.tests.test_iter204" name="test_family_signup_two_participants_no_extras" time="1.637" /></testsuite></testsuites>