<?xml version="1.0" encoding="utf-8"?><testsuites name="pytest tests"><testsuite name="pytest" errors="0" failures="0" skipped="0" tests="23" time="2.768" timestamp="2026-06-09T02:57:11.686170+00:00" hostname="agent-env-9d7dc41f-aa05-432b-8632-1634219cad4f"><testcase classname="tests.test_scenario_phase6" name="test_workflows_catalogue_lists_three_workflows" time="0.042" /><testcase classname="tests.test_scenario_phase6" name="test_workflow_detail_includes_steps_with_event_types" time="0.281" /><testcase classname="tests.test_scenario_phase6" name="test_workflow_death_returns_route_out_contacts" time="0.031" /><testcase classname="tests.test_scenario_phase6" name="test_unknown_workflow_returns_404" time="0.029" /><testcase classname="tests.test_scenario_phase6" name="test_anomaly_to_event_mapping_emits_typed_events" time="2.180" /><testcase classname="tests.test_scenario_phase6" name="test_budget_exhaustion_projected_clock_fires_when_overspending" time="0.006" /><testcase classname="tests.test_scenario_phase6" name="test_budget_exhaustion_does_not_fire_on_low_burn" time="0.007" /><testcase classname="tests.test_scenario_phase8" name="test_initial_states_only_accept_initial_targets" time="0.000" /><testcase classname="tests.test_scenario_phase8" name="test_active_can_go_to_lifecycle_branches_but_not_back_to_assessment" time="0.000" /><testcase classname="tests.test_scenario_phase8" name="test_deceased_is_terminal" time="0.000" /><testcase classname="tests.test_scenario_phase8" name="test_exited_can_re_enter_assessment" time="0.000" /><testcase classname="tests.test_scenario_phase8" name="test_unknown_state_is_rejected" time="0.000" /><testcase classname="tests.test_scenario_phase8" name="test_apply_transition_rejects_disallowed_and_logs" time="0.007" /><testcase classname="tests.test_scenario_phase8" name="test_audit_chain_links_prev_hash" time="0.008" /><testcase classname="tests.test_scenario_phase8" name="test_lifetime_cap_clock_fires_when_threshold_reached" time="0.005" /><testcase classname="tests.test_scenario_phase8" name="test_event_boundary_for_known_route_out_types" time="0.000" /><testcase classname="tests.test_scenario_phase8" name="test_event_boundary_for_escalate_types" time="0.000" /><testcase classname="tests.test_scenario_phase8" name="test_safe_to_explain_is_default" time="0.000" /><testcase classname="tests.test_scenario_phase8" name="test_classify_boundary_for_query_routes_financial_and_legal" time="0.000" /><testcase classname="tests.test_scenario_phase8" name="test_classify_boundary_for_query_escalates_abuse" time="0.000" /><testcase classname="tests.test_scenario_phase8" name="test_seeded_robert_has_restorative_active" time="0.005" /><testcase classname="tests.test_scenario_phase8" name="test_seeded_patricia_means_not_disclosed_flag" time="0.004" /><testcase classname="tests.test_scenario_phase8" name="test_schema_export_round_trip" time="0.001" /></testsuite></testsuites>