<?xml version="1.0" encoding="utf-8"?><testsuites name="pytest tests"><testsuite name="pytest" errors="0" failures="0" skipped="0" tests="5" time="4.193" timestamp="2026-08-12T07:29:48.785295+00:00" hostname="agent-env-1a348ccc-774e-4998-bb21-709e92706355"><testcase classname="backend.tests.test_stripe_checkout_iter138.TestCheckout" name="test_checkout_solo" time="0.838" /><testcase classname="backend.tests.test_stripe_checkout_iter138.TestCheckout" name="test_checkout_family" time="1.744" /><testcase classname="backend.tests.test_stripe_checkout_iter138.TestCheckout" name="test_checkout_unknown_plan" time="0.051" /><testcase classname="backend.tests.test_stripe_checkout_iter138.TestCheckout" name="test_checkout_authenticated_free_user_not_402" time="1.349" /><testcase classname="backend.tests.test_stripe_checkout_iter138.TestWebhook" name="test_webhook_no_signature_returns_400" time="0.140" /></testsuite></testsuites>