<?xml version="1.0" encoding="utf-8"?><testsuites name="pytest tests"><testsuite name="pytest" errors="0" failures="0" skipped="0" tests="9" time="2.533" timestamp="2026-06-15T09:39:10.774938+00:00" hostname="agent-env-9d7dc41f-aa05-432b-8632-1634219cad4f"><testcase classname="tests.test_participant_profile_v2_api" name="test_post_missing_all_tier1_returns_422" time="1.662" /><testcase classname="tests.test_participant_profile_v2_api" name="test_post_authorisation_false_returns_authorisation_required" time="0.050" /><testcase classname="tests.test_participant_profile_v2_api" name="test_post_full_tier1_returns_201_with_completeness" time="0.052" /><testcase classname="tests.test_participant_profile_v2_api" name="test_get_list_participants_has_decoration" time="0.107" /><testcase classname="tests.test_participant_profile_v2_api" name="test_get_legacy_participant_requires_completion" time="0.056" /><testcase classname="tests.test_participant_profile_v2_api" name="test_patch_all_tier2_brings_completeness_to_90" time="0.110" /><testcase classname="tests.test_participant_profile_v2_api" name="test_patch_tier3_pushes_above_90" time="0.058" /><testcase classname="tests.test_participant_profile_v2_api" name="test_profile_prompts_returns_structured_prompts" time="0.105" /><testcase classname="tests.test_participant_profile_v2_api" name="test_migration_script_importable" time="0.247" /></testsuite></testsuites>