<?xml version="1.0" encoding="utf-8"?><testsuites name="pytest tests"><testsuite name="pytest" errors="0" failures="0" skipped="0" tests="10" time="0.307" timestamp="2026-06-15T09:38:27.151238+00:00" hostname="agent-env-9d7dc41f-aa05-432b-8632-1634219cad4f"><testcase classname="tests.test_participant_profile_v2" name="test_completeness_empty_doc_zero" time="0.001" /><testcase classname="tests.test_participant_profile_v2" name="test_completeness_only_tier1_returns_60" time="0.000" /><testcase classname="tests.test_participant_profile_v2" name="test_completeness_tier1_plus_tier2_returns_90" time="0.000" /><testcase classname="tests.test_participant_profile_v2" name="test_completeness_all_tiers_returns_100" time="0.000" /><testcase classname="tests.test_participant_profile_v2" name="test_authorisation_false_counts_as_missing" time="0.000" /><testcase classname="tests.test_participant_profile_v2" name="test_empty_supplements_list_is_not_filled" time="0.000" /><testcase classname="tests.test_participant_profile_v2" name="test_missing_required_fields_complete_doc" time="0.000" /><testcase classname="tests.test_participant_profile_v2" name="test_recommended_next_fields_priority_order" time="0.000" /><testcase classname="tests.test_participant_profile_v2" name="test_migration_is_idempotent" time="0.012" /><testcase classname="tests.test_participant_profile_v2" name="test_migration_preserves_already_confirmed_authorisation" time="0.006" /></testsuite></testsuites>