<?xml version="1.0" encoding="utf-8"?><testsuites name="pytest tests"><testsuite name="pytest" errors="0" failures="0" skipped="0" tests="7" time="3.859" timestamp="2026-09-02T10:21:57.844619+00:00" hostname="agent-env-70b73e15-7a47-4218-9ce8-3a9f79fe5b5a"><testcase classname="tests.test_reactivate_flow_iter265" name="test_portal_returns_no_customer_error_for_cancelled_user" time="1.953" /><testcase classname="tests.test_reactivate_flow_iter265" name="test_reactivate_checkout_returns_stripe_url[solo]" time="0.791" /><testcase classname="tests.test_reactivate_flow_iter265" name="test_reactivate_checkout_returns_stripe_url[family]" time="0.554" /><testcase classname="tests.test_reactivate_flow_iter265" name="test_view_only_guided_journey_public_endpoints_are_reachable[/api/public/budget-calc-body0]" time="0.116" /><testcase classname="tests.test_reactivate_flow_iter265" name="test_view_only_guided_journey_public_endpoints_are_reachable[/api/public/classification-check-body1]" time="0.122" /><testcase classname="tests.test_reactivate_flow_iter265" name="test_view_only_guided_journey_public_endpoints_are_reachable[/api/public/reassessment-letter-body2]" time="0.126" /><testcase classname="tests.test_reactivate_flow_iter265" name="test_view_only_guided_journey_public_endpoints_are_reachable[/api/public/care-plan-review-body3]" time="0.114" /></testsuite></testsuites>