<?xml version="1.0" encoding="utf-8"?><testsuites name="pytest tests"><testsuite name="pytest" errors="0" failures="0" skipped="0" tests="18" time="30.597" timestamp="2026-06-03T12:18:15.830007+00:00" hostname="agent-env-9d7dc41f-aa05-432b-8632-1634219cad4f"><testcase classname="backend.tests.test_iter35_dashboard_sse_scheduler.TestSchedulerLogic" name="test_completed_quarter_window_q4_fy2026" time="0.097" /><testcase classname="backend.tests.test_iter35_dashboard_sse_scheduler.TestSchedulerLogic" name="test_completed_quarter_window_outside_window_returns_none" time="0.000" /><testcase classname="backend.tests.test_iter35_dashboard_sse_scheduler.TestSchedulerLogic" name="test_completed_fy_14_days_after_30_jun" time="0.000" /><testcase classname="backend.tests.test_iter35_dashboard_sse_scheduler.TestSchedulerLogic" name="test_scheduler_task_started" time="0.004" /><testcase classname="backend.tests.test_iter35_dashboard_sse_scheduler.TestSSEStream" name="test_snapshot_event_emitted_immediately" time="0.686" /><testcase classname="backend.tests.test_iter35_dashboard_sse_scheduler.TestSSEStream" name="test_sse_requires_token" time="0.112" /><testcase classname="backend.tests.test_iter35_dashboard_sse_scheduler.TestSSEStream" name="test_notification_pushed_within_3s" time="2.125" /><testcase classname="backend.tests.test_iter35_dashboard_sse_scheduler.TestReportsLocalStorageAnd8Types" name="test_s3_unset_serves_local_file_url" time="4.339" /><testcase classname="backend.tests.test_iter35_dashboard_sse_scheduler.TestReportsLocalStorageAnd8Types" name="test_all_eight_report_types_generate[HOUSEHOLD_SUMMARY]" time="4.623" /><testcase classname="backend.tests.test_iter35_dashboard_sse_scheduler.TestReportsLocalStorageAnd8Types" name="test_all_eight_report_types_generate[QUARTERLY_BUDGET]" time="3.454" /><testcase classname="backend.tests.test_iter35_dashboard_sse_scheduler.TestReportsLocalStorageAnd8Types" name="test_all_eight_report_types_generate[ANNUAL_FINANCIAL]" time="3.261" /><testcase classname="backend.tests.test_iter35_dashboard_sse_scheduler.TestReportsLocalStorageAnd8Types" name="test_all_eight_report_types_generate[ANOMALY_SAVINGS]" time="3.434" /><testcase classname="backend.tests.test_iter35_dashboard_sse_scheduler.TestReportsLocalStorageAnd8Types" name="test_all_eight_report_types_generate[PROVIDER_PERFORMANCE]" time="3.644" /><testcase classname="backend.tests.test_iter35_dashboard_sse_scheduler.TestReportsLocalStorageAnd8Types" name="test_all_eight_report_types_generate[COMPLAINT_DOSSIER]" time="1.228" /><testcase classname="backend.tests.test_iter35_dashboard_sse_scheduler.TestReportsLocalStorageAnd8Types" name="test_all_eight_report_types_generate[CARE_TIMELINE]" time="2.207" /><testcase classname="backend.tests.test_iter35_dashboard_sse_scheduler.TestReportsLocalStorageAnd8Types" name="test_all_eight_report_types_generate[STATEMENT_DIGEST]" time="1.166" /><testcase classname="backend.tests.test_iter35_dashboard_sse_scheduler.TestParticipantSwitch" name="test_two_participants_have_distinct_ids" time="0.000" /><testcase classname="backend.tests.test_iter35_dashboard_sse_scheduler.TestParticipantSwitch" name="test_budget_endpoint_changes_with_active_participant" time="0.124" /></testsuite></testsuites>