<?xml version="1.0" encoding="utf-8"?><testsuites name="pytest tests"><testsuite name="pytest" errors="0" failures="0" skipped="1" tests="9" time="2.607" timestamp="2026-06-13T05:46:18.175349+00:00" hostname="agent-env-9d7dc41f-aa05-432b-8632-1634219cad4f"><testcase classname="tests.test_price_caps_integration" name="test_public_price_check_live[Personal care-100.0-high-84.0]" time="1.301" /><testcase classname="tests.test_price_caps_integration" name="test_public_price_check_live[Domestic assistance \u2014 cleaning-60.0-low-76.0]" time="0.237" /><testcase classname="tests.test_price_caps_integration" name="test_public_price_check_live[Personal care-84.0-fair-84.0]" time="0.236" /><testcase classname="tests.test_price_caps_integration" name="test_program_reference_public_policy_status" time="0.097" /><testcase classname="tests.test_price_caps_integration" name="test_mongo_price_caps_start_closed" time="0.004" /><testcase classname="tests.test_price_caps_integration" name="test_mongo_price_caps_status_deferred" time="0.003" /><testcase classname="tests.test_price_caps_integration" name="test_cms_article_titles_updated" time="0.105" /><testcase classname="tests.test_price_caps_integration" name="test_cms_article_body_does_not_present_caps_as_live_event" time="0.125" /><testcase classname="tests.test_price_caps_integration" name="test_glossary_price_cap_says_deferred" time="0.375"><skipped type="pytest.skip" message="Glossary endpoint not found; main agent should expose /api/cms/glossary">/app/backend/tests/test_price_caps_integration.py:205: Glossary endpoint not found; main agent should expose /api/cms/glossary</skipped></testcase></testsuite></testsuites>