<?xml version="1.0" encoding="utf-8"?><testsuites name="pytest tests"><testsuite name="pytest" errors="0" failures="0" skipped="0" tests="6" time="0.026" timestamp="2026-07-20T11:26:47.905260+00:00" hostname="agent-env-9d7dc41f-aa05-432b-8632-1634219cad4f"><testcase classname="tests.test_text_sanitiser_percent" name="test_percent_word_after_number" time="0.004" /><testcase classname="tests.test_text_sanitiser_percent" name="test_percent_word_with_hyphen" time="0.000" /><testcase classname="tests.test_text_sanitiser_percent" name="test_percentage_points_preserved_after_symbol" time="0.000" /><testcase classname="tests.test_text_sanitiser_percent" name="test_bare_concept_word_untouched" time="0.000" /><testcase classname="tests.test_text_sanitiser_percent" name="test_already_symbol" time="0.000" /><testcase classname="tests.test_text_sanitiser_percent" name="test_empty_and_none" time="0.000" /></testsuite></testsuites>