<?xml version="1.0" encoding="utf-8"?><testsuites name="pytest tests"><testsuite name="pytest" errors="0" failures="1" skipped="0" tests="5" time="20.339" timestamp="2026-08-16T13:47:03.196881+00:00" hostname="agent-env-f714b521-3cb2-42dd-8398-73c1f58822fa"><testcase classname="backend.tests.test_iter176_mobile_tools" name="test_budget_calc_class4" time="2.326" /><testcase classname="backend.tests.test_iter176_mobile_tools" name="test_budget_calc_with_supplements" time="0.194" /><testcase classname="backend.tests.test_iter176_mobile_tools" name="test_budget_calc_grandfathered_cap" time="0.136" /><testcase classname="backend.tests.test_iter176_mobile_tools" name="test_csc_run_all_answered" time="0.136"><failure message="AssertionError: No classification label in response: {'schema_version': 'csc.payload.v1', 'csc_run_id': 'da7ec316-c186-43ef-ba0b-3c4fbdf1d7a7', 'run_at': '2026-08-16T13:47:06.039260+00:00', 'persona': 'caregiver', 'classification': {'primary': 5, 'range_low': 4, 'range_high': 6, 'confidence': 'medium', 'annual_budget_low': 29696, 'annual_budget_high': 48114, 'quarterly_budget_low': 6682, 'quarterly_budget_high': 10826, 'budget_source_version': 'index-1-schedule-v2-2025-11'}, 'domain_scores': {'self_care': 0.5, 'iadl': 0.5, 'cognition_behaviour': 0.5, 'safety_hospitalisation': 0.1625, 'informal_support': 0.75, 'home_environment': 0.5, 'mood': 0.5}, 'composite_score': 0.4956, 'top_drivers': [{'question_id': 'Q16_informal_support', 'answer': 'A little', 'domain': 'informal_support'}, {'question_id': 'Q10_cognition', 'answer': 'Moderate', 'domain': 'cognition_behaviour'}, {'question_id': 'Q11_mood', 'answer': 'Moderate', 'domain': 'mood'}], 'current_classification': 4, 'gap_detected': True, 'gap_direction': 'up', 'unanswered_count': 0, 'excluded_domains': [], 'branch': 'A', 'profile_summary': 'Jean-style profile. Significant hands-on help across most ADLs and IADLs. Notable cognitive change with regular disorientation. Recurrent falls or a recent ED visit. Informal support at low levels.'}&#10;assert None">backend/tests/test_iter176_mobile_tools.py:81: in test_csc_run_all_answered
    assert label, f"No classification label in response: {d}"
E   AssertionError: No classification label in response: {'schema_version': 'csc.payload.v1', 'csc_run_id': 'da7ec316-c186-43ef-ba0b-3c4fbdf1d7a7', 'run_at': '2026-08-16T13:47:06.039260+00:00', 'persona': 'caregiver', 'classification': {'primary': 5, 'range_low': 4, 'range_high': 6, 'confidence': 'medium', 'annual_budget_low': 29696, 'annual_budget_high': 48114, 'quarterly_budget_low': 6682, 'quarterly_budget_high': 10826, 'budget_source_version': 'index-1-schedule-v2-2025-11'}, 'domain_scores': {'self_care': 0.5, 'iadl': 0.5, 'cognition_behaviour': 0.5, 'safety_hospitalisation': 0.1625, 'informal_support': 0.75, 'home_environment': 0.5, 'mood': 0.5}, 'composite_score': 0.4956, 'top_drivers': [{'question_id': 'Q16_informal_support', 'answer': 'A little', 'domain': 'informal_support'}, {'question_id': 'Q10_cognition', 'answer': 'Moderate', 'domain': 'cognition_behaviour'}, {'question_id': 'Q11_mood', 'answer': 'Moderate', 'domain': 'mood'}], 'current_classification': 4, 'gap_detected': True, 'gap_direction': 'up', 'unanswered_count': 0, 'excluded_domains': [], 'branch': 'A', 'profile_summary': 'Jean-style profile. Significant hands-on help across most ADLs and IADLs. Notable cognitive change with regular disorientation. Recurrent falls or a recent ED visit. Informal support at low levels.'}
E   assert None</failure></testcase><testcase classname="backend.tests.test_iter176_mobile_tools" name="test_decode_statement_text" time="17.443" /></testsuite></testsuites>