<?xml version="1.0" encoding="utf-8"?><testsuites name="pytest tests"><testsuite name="pytest" errors="0" failures="0" skipped="0" tests="41" time="9.966" timestamp="2026-05-05T07:58:31.448422+00:00" hostname="agent-env-9d7dc41f-aa05-432b-8632-1634219cad4f"><testcase classname="tests.test_iter15_rules" name="test_status_and_participant_not_redacted" time="0.004" /><testcase classname="tests.test_iter15_rules" name="test_line_items_count_is_12" time="0.000" /><testcase classname="tests.test_iter15_rules" name="test_new_extraction_fields_present" time="0.000" /><testcase classname="tests.test_iter15_rules" name="test_anomaly_count_matches_length" time="0.000" /><testcase classname="tests.test_iter15_rules" name="test_rule_15_gross_total_warning_fired" time="0.000" /><testcase classname="tests.test_iter15_rules" name="test_rule_14_fires_on_long_span" time="1.622" /><testcase classname="tests.test_iter15_rules" name="test_rule_14_does_not_fire_on_monthly_span" time="1.588" /><testcase classname="tests.test_iter15_rules" name="test_rule_15_fires_on_mismatch" time="1.583" /><testcase classname="tests.test_iter15_rules" name="test_rule_15_no_fire_when_reported_zero" time="1.606" /><testcase classname="tests.test_iter15_rules" name="test_rule_15_dedupes_if_llm_already_added" time="1.578" /><testcase classname="tests.test_iter15_rules" name="test_auditor_system_has_rules_11_12_13" time="0.000" /><testcase classname="tests.test_iter15_rules" name="test_budget_calc_unauth" time="0.222" /><testcase classname="tests.test_iter15_rules" name="test_price_check_unauth" time="0.106" /><testcase classname="tests.test_iter15_rules" name="test_extract_error_message_helper_signature" time="0.000" /><testcase classname="tests.test_iter15_rules" name="test_daily_limit_returns_429_with_cookie" time="0.107" /><testcase classname="tests.test_iter16_rules_11_12_13" name="test_extracted_participant" time="0.004" /><testcase classname="tests.test_iter16_rules_11_12_13" name="test_extracted_period_dates" time="0.000" /><testcase classname="tests.test_iter16_rules_11_12_13" name="test_extracted_at_hm_commitments" time="0.000" /><testcase classname="tests.test_iter16_rules_11_12_13" name="test_extracted_budget_remaining" time="0.000" /><testcase classname="tests.test_iter16_rules_11_12_13" name="test_extracted_reported_total" time="0.000" /><testcase classname="tests.test_iter16_rules_11_12_13" name="test_rule_11_brokered_premium" time="0.000" /><testcase classname="tests.test_iter16_rules_11_12_13" name="test_rule_12_unclaimed_at_hm" time="0.000" /><testcase classname="tests.test_iter16_rules_11_12_13" name="test_rule_13_quarterly_underspend" time="0.000" /><testcase classname="tests.test_iter16_rules_11_12_13" name="test_pipeline_completes_with_anomalies" time="0.000" /><testcase classname="tests.test_iter16_rules_11_12_13" name="test_no_partial_result" time="0.000" /><testcase classname="tests.test_iter17_okafor" name="test_participant_name" time="0.002" /><testcase classname="tests.test_iter17_okafor" name="test_pension_status_part_age" time="0.000" /><testcase classname="tests.test_iter17_okafor" name="test_period_is_single_month" time="0.000" /><testcase classname="tests.test_iter17_okafor" name="test_reported_totals_extracted" time="0.000" /><testcase classname="tests.test_iter17_okafor" name="test_provider_notes_captured" time="0.000" /><testcase classname="tests.test_iter17_okafor" name="test_display_totals_match_reported" time="0.000" /><testcase classname="tests.test_iter17_okafor" name="test_no_false_positive_meal_prep_contribution" time="0.000" /><testcase classname="tests.test_iter17_okafor" name="test_no_rule_9_when_all_rates_are_correct" time="0.000" /><testcase classname="tests.test_iter17_okafor" name="test_rule_11_brokered_aha_premium" time="0.000" /><testcase classname="tests.test_iter17_okafor" name="test_rule_12_unclaimed_at_hm" time="0.000" /><testcase classname="tests.test_iter17_okafor" name="test_rule_13_quarterly_underspend" time="0.000" /><testcase classname="tests.test_iter17_okafor" name="test_rule_5_or_6_care_plan_violation" time="0.000" /><testcase classname="tests.test_iter17_okafor" name="test_rule_10_previous_adjustment" time="0.000" /><testcase classname="tests.test_iter17_okafor" name="test_anomaly_count_matches_list" time="0.000" /><testcase classname="tests.test_iter17_okafor" name="test_extraction_has_line_items" time="0.000" /><testcase classname="tests.test_iter17_okafor" name="test_no_dedup_artifacts" time="0.000" /></testsuite></testsuites>