<?xml version="1.0" encoding="utf-8"?><testsuites name="pytest tests"><testsuite name="pytest" errors="0" failures="0" skipped="0" tests="25" time="7.584" timestamp="2026-05-16T13:28:27.559270+00:00" hostname="agent-env-9d7dc41f-aa05-432b-8632-1634219cad4f"><testcase classname="backend.tests.test_iter30_extended.TestVisits" name="test_list_empty_or_existing" time="0.664" /><testcase classname="backend.tests.test_iter30_extended.TestVisits" name="test_crud_visit" time="0.480" /><testcase classname="backend.tests.test_iter30_extended.TestVisits" name="test_visit_validation_bad_kind" time="0.142" /><testcase classname="backend.tests.test_iter30_extended.TestVisits" name="test_no_household_returns_409" time="0.445" /><testcase classname="backend.tests.test_iter30_extended.TestBudgetAlerts" name="test_crud" time="0.461" /><testcase classname="backend.tests.test_iter30_extended.TestBudgetAlerts" name="test_invalid_stream_422" time="0.119" /><testcase classname="backend.tests.test_iter30_extended.TestBudgetAlerts" name="test_invalid_threshold_422" time="0.101" /><testcase classname="backend.tests.test_iter30_extended.TestProviderSwitch" name="test_full_workflow" time="0.586" /><testcase classname="backend.tests.test_iter30_extended.TestSummaryPDF" name="test_quarter" time="0.171" /><testcase classname="backend.tests.test_iter30_extended.TestSummaryPDF" name="test_all" time="0.127" /><testcase classname="backend.tests.test_iter30_extended.TestAthm" name="test_crud" time="0.504" /><testcase classname="backend.tests.test_iter30_extended.TestAthm" name="test_bad_kind" time="0.110" /><testcase classname="backend.tests.test_iter30_extended.TestSearch" name="test_q_too_short" time="0.107" /><testcase classname="backend.tests.test_iter30_extended.TestSearch" name="test_search_with_household" time="0.317" /><testcase classname="backend.tests.test_iter30_extended.TestSearch" name="test_search_no_household" time="0.432" /><testcase classname="backend.tests.test_iter30_extended.TestCorrespondence" name="test_crud" time="0.477" /><testcase classname="backend.tests.test_iter30_extended.TestCorrespondence" name="test_bad_channel" time="0.118" /><testcase classname="backend.tests.test_iter30_extended.TestReferrals" name="test_crud" time="0.432" /><testcase classname="backend.tests.test_iter30_extended.TestProviderRatings" name="test_user_isolation" time="1.005" /><testcase classname="backend.tests.test_iter30_extended.TestProviderRatings" name="test_bad_stars" time="0.107" /><testcase classname="backend.tests.test_iter30_extended.TestServiceWorker" name="test_sw_reachable" time="0.114" /><testcase classname="backend.tests.test_iter30_extended.TestRegression" name="test_me" time="0.107" /><testcase classname="backend.tests.test_iter30_extended.TestRegression" name="test_statements_list" time="0.143" /><testcase classname="backend.tests.test_iter30_extended.TestRegression" name="test_budget_current" time="0.106" /><testcase classname="backend.tests.test_iter30_extended.TestRegression" name="test_family_thread" time="0.102" /></testsuite></testsuites>