<?xml version="1.0" encoding="utf-8"?><testsuites name="pytest tests"><testsuite name="pytest" errors="0" failures="1" skipped="0" tests="8" time="19.099" timestamp="2026-08-17T02:38:14.825666+00:00" hostname="agent-env-7d17e278-04a3-41aa-9200-04eee99ab8d3"><testcase classname="tests.test_iter187_streaming" name="test_login_works" time="1.633" /><testcase classname="tests.test_iter187_streaming" name="test_aw2_start_conversation_returns_answer" time="2.770" /><testcase classname="tests.test_iter187_streaming" name="test_aw2_stream_followup_word_by_word" time="2.789" /><testcase classname="tests.test_iter187_streaming" name="test_aw2_money_and_percent_formatting" time="2.789" /><testcase classname="tests.test_iter187_streaming" name="test_mobile_chat_stream_sse" time="2.668" /><testcase classname="tests.test_iter187_streaming" name="test_login_stays_fast_while_ai_inflight" time="6.022" /><testcase classname="tests.test_iter187_streaming" name="test_care_plan_reviewer_endpoint" time="0.190"><failure message="AssertionError: {&quot;detail&quot;:[{&quot;type&quot;:&quot;missing&quot;,&quot;loc&quot;:[&quot;body&quot;,&quot;text&quot;],&quot;msg&quot;:&quot;Field required&quot;,&quot;input&quot;:{&quot;plan_text&quot;:&quot;Care plan for Dorothy. Classification 4. Provider: BlueBerry Care. Services: 3 hours per week domestic assistance at $85 per hour, 2 hours per week personal care at $95 per hour, transport 4 trips per month. Goals: maintain independence at home, prevent falls, support social connection. Review due: monthly. Contingency: escalate to registered nurse if pain increases.Care plan for Dorothy. Classification 4. Provider: BlueBerry Care. Services: 3 hours per week domestic assistance at $85 per hour, 2 hours per week personal care at $95 per hour, transport 4 trips per month. Goals: maintain independence at home, prevent falls, support social connection. Review due: monthly. Contingency: escalate to registered nurse if pain increases.&quot;,&quot;classification&quot;:4}}]}&#10;assert 422 == 200&#10; +  where 422 = &lt;Response [422 Unprocessable Entity]&gt;.status_code">tests/test_iter187_streaming.py:196: in test_care_plan_reviewer_endpoint
    assert r.status_code == 200, r.text
E   AssertionError: {"detail":[{"type":"missing","loc":["body","text"],"msg":"Field required","input":{"plan_text":"Care plan for Dorothy. Classification 4. Provider: BlueBerry Care. Services: 3 hours per week domestic assistance at $85 per hour, 2 hours per week personal care at $95 per hour, transport 4 trips per month. Goals: maintain independence at home, prevent falls, support social connection. Review due: monthly. Contingency: escalate to registered nurse if pain increases.Care plan for Dorothy. Classification 4. Provider: BlueBerry Care. Services: 3 hours per week domestic assistance at $85 per hour, 2 hours per week personal care at $95 per hour, transport 4 trips per month. Goals: maintain independence at home, prevent falls, support social connection. Review due: monthly. Contingency: escalate to registered nurse if pain increases.","classification":4}}]}
E   assert 422 == 200
E    +  where 422 = &lt;Response [422 Unprocessable Entity]&gt;.status_code</failure></testcase><testcase classname="tests.test_iter187_streaming" name="test_scope_guardrail_still_works" time="0.124" /></testsuite></testsuites>