<?xml version="1.0" encoding="utf-8"?><testsuites name="pytest tests"><testsuite name="pytest" errors="0" failures="1" skipped="0" tests="15" time="32.777" timestamp="2026-05-04T11:18:06.018144+00:00" hostname="agent-env-9d7dc41f-aa05-432b-8632-1634219cad4f"><testcase classname="backend.tests.test_iter7" name="test_public_tool_anonymous_no_402[/public/decode-statement-text-payload0]" time="5.728" /><testcase classname="backend.tests.test_iter7" name="test_public_tool_anonymous_no_402[/public/budget-calc-payload1]" time="0.129" /><testcase classname="backend.tests.test_iter7" name="test_public_tool_anonymous_no_402[/public/price-check-payload2]" time="0.109" /><testcase classname="backend.tests.test_iter7" name="test_public_tool_anonymous_no_402[/public/classification-check-payload3]" time="0.098" /><testcase classname="backend.tests.test_iter7" name="test_public_tool_anonymous_no_402[/public/reassessment-letter-payload4]" time="0.115" /><testcase classname="backend.tests.test_iter7" name="test_public_tool_anonymous_no_402[/public/contribution-estimator-payload5]" time="0.110" /><testcase classname="backend.tests.test_iter7" name="test_public_tool_anonymous_no_402[/public/care-plan-review-payload6]" time="0.102" /><testcase classname="backend.tests.test_iter7" name="test_public_tool_anonymous_no_402[/public/family-coordinator-chat-payload7]" time="0.097"><failure message="AssertionError: /public/family-coordinator-chat STILL gated by plan: 402 {&quot;detail&quot;:{&quot;code&quot;:&quot;plan_required&quot;,&quot;tool&quot;:&quot;Family Care Coordinator&quot;,&quot;message&quot;:&quot;Family Care Coordinator is part of the Solo and Family plans. Start a 14-day free trial — no card needed.&quot;,&quot;upgrade_url&quot;:&quot;/signup?plan=family&quot;}}&#10;assert 402 != 402&#10; +  where 402 = &lt;Response [402]&gt;.status_code">E   AssertionError: /public/family-coordinator-chat STILL gated by plan: 402 {"detail":{"code":"plan_required","tool":"Family Care Coordinator","message":"Family Care Coordinator is part of the Solo and Family plans. Start a 14-day free trial — no card needed.","upgrade_url":"/signup?plan=family"}}
    assert 402 != 402
     +  where 402 = &lt;Response [402]&gt;.status_code</failure></testcase><testcase classname="backend.tests.test_iter7" name="test_rate_limit_6th_call_returns_429" time="23.402" /><testcase classname="backend.tests.test_iter7" name="test_billing_status_unknown_session_no_500" time="1.309" /><testcase classname="backend.tests.test_iter7" name="test_billing_checkout_works" time="0.481" /><testcase classname="backend.tests.test_iter7" name="test_google_session_fake_id_returns_401" time="0.289" /><testcase classname="backend.tests.test_iter7" name="test_logout_returns_200" time="0.113" /><testcase classname="backend.tests.test_iter7" name="test_auth_plan_put_works" time="0.221" /><testcase classname="backend.tests.test_iter7" name="test_email_result_to_verified_address" time="0.404" /></testsuite></testsuites>