<?xml version="1.0" encoding="utf-8"?><testsuites name="pytest tests"><testsuite name="pytest" errors="0" failures="0" skipped="2" tests="4" time="15.877" timestamp="2026-09-06T12:13:11.946175+00:00" hostname="agent-env-c5afd9eb-07aa-4d4b-a962-7ae977093b03"><testcase classname="backend.tests.test_iter276_invoice_duplicate" name="test_invoice_first_upload_succeeds" time="4.442" /><testcase classname="backend.tests.test_iter276_invoice_duplicate" name="test_invoice_second_upload_returns_409_duplicate_exact" time="0.128" /><testcase classname="backend.tests.test_iter276_invoice_duplicate" name="test_statement_first_upload_succeeds" time="11.236"><skipped type="pytest.skip" message="statement fixture didn't create a new active row (job={'status': 'duplicate', 'phase': 'duplicate_logical_same', 'duplicate_kind': 'DUPLICATE_LOGICAL_SAME_CONTENT', 'existing_statement_id': 'e5597ffe-1b35-4cea-ab87-5ebc30ea8e7f'}); exact-SHA dedupe path can't be exercised on this account">/app/backend/tests/test_iter276_invoice_duplicate.py:112: statement fixture didn't create a new active row (job={'status': 'duplicate', 'phase': 'duplicate_logical_same', 'duplicate_kind': 'DUPLICATE_LOGICAL_SAME_CONTENT', 'existing_statement_id': 'e5597ffe-1b35-4cea-ab87-5ebc30ea8e7f'}); exact-SHA dedupe path can't be exercised on this account</skipped></testcase><testcase classname="backend.tests.test_iter276_invoice_duplicate" name="test_statement_second_upload_returns_409_duplicate_exact" time="0.000"><skipped type="pytest.skip" message="first statement upload didn't produce a fresh active row; exact-SHA dedupe cannot be exercised">/app/backend/tests/test_iter276_invoice_duplicate.py:120: first statement upload didn't produce a fresh active row; exact-SHA dedupe cannot be exercised</skipped></testcase></testsuite></testsuites>