<?xml version="1.0" encoding="utf-8"?><testsuites name="pytest tests"><testsuite name="pytest" errors="0" failures="0" skipped="0" tests="4" time="48.749" timestamp="2026-09-14T12:55:05.210187+00:00" hostname="agent-env-2b585295-872c-4747-b84a-11d06dd13647"><testcase classname="backend.tests.test_iter337_names_prefill.TestParticipantTitleCase" name="test_list_existing_participants_title_cased" time="46.103" /><testcase classname="backend.tests.test_iter337_names_prefill.TestParticipantTitleCase" name="test_create_lowercase_returns_title_case" time="0.500" /><testcase classname="backend.tests.test_iter337_names_prefill.TestParticipantTitleCase" name="test_patch_preserves_mcdonald_internal_caps" time="0.474" /><testcase classname="backend.tests.test_iter337_names_prefill.TestContributionPrefill" name="test_parse_invoice_prefills_agreed_rate_from_saved" time="1.589" /></testsuite></testsuites>