<?xml version="1.0" encoding="utf-8"?><testsuites name="pytest tests"><testsuite name="pytest" errors="0" failures="0" skipped="0" tests="15" time="55.921" timestamp="2026-05-05T01:51:17.726239+00:00" hostname="agent-env-9d7dc41f-aa05-432b-8632-1634219cad4f"><testcase classname="backend.tests.test_iter15_rules" name="test_status_and_participant_not_redacted" time="47.446" /><testcase classname="backend.tests.test_iter15_rules" name="test_line_items_count_is_12" time="0.000" /><testcase classname="backend.tests.test_iter15_rules" name="test_new_extraction_fields_present" time="0.000" /><testcase classname="backend.tests.test_iter15_rules" name="test_anomaly_count_matches_length" time="0.000" /><testcase classname="backend.tests.test_iter15_rules" name="test_rule_15_gross_total_warning_fired" time="0.000" /><testcase classname="backend.tests.test_iter15_rules" name="test_rule_14_fires_on_long_span" time="1.558" /><testcase classname="backend.tests.test_iter15_rules" name="test_rule_14_does_not_fire_on_monthly_span" time="1.513" /><testcase classname="backend.tests.test_iter15_rules" name="test_rule_15_fires_on_mismatch" time="1.546" /><testcase classname="backend.tests.test_iter15_rules" name="test_rule_15_no_fire_when_reported_zero" time="1.549" /><testcase classname="backend.tests.test_iter15_rules" name="test_rule_15_dedupes_if_llm_already_added" time="1.576" /><testcase classname="backend.tests.test_iter15_rules" name="test_auditor_system_has_rules_11_12_13" time="0.000" /><testcase classname="backend.tests.test_iter15_rules" name="test_budget_calc_unauth" time="0.268" /><testcase classname="backend.tests.test_iter15_rules" name="test_price_check_unauth" time="0.142" /><testcase classname="backend.tests.test_iter15_rules" name="test_extract_error_message_helper_signature" time="0.000" /><testcase classname="backend.tests.test_iter15_rules" name="test_daily_limit_returns_429_with_cookie" time="0.237" /></testsuite></testsuites>