<?xml version="1.0" encoding="utf-8"?><testsuites name="pytest tests"><testsuite name="pytest" errors="0" failures="0" skipped="0" tests="17" time="7.008" timestamp="2026-05-14T13:53:16.501520+00:00" hostname="agent-env-9d7dc41f-aa05-432b-8632-1634219cad4f"><testcase classname="backend.tests.test_iter28_adviser_snapshot.TestAutoLinkOnSignup" name="test_signup_flips_invited_to_active" time="2.052" /><testcase classname="backend.tests.test_iter28_adviser_snapshot.TestImmediateLinkOnCreate" name="test_create_with_existing_user_and_household" time="0.688" /><testcase classname="backend.tests.test_iter28_adviser_snapshot.TestSnapshot" name="test_snapshot_unauthenticated_401" time="0.123" /><testcase classname="backend.tests.test_iter28_adviser_snapshot.TestSnapshot" name="test_snapshot_family_user_403" time="0.121" /><testcase classname="backend.tests.test_iter28_adviser_snapshot.TestSnapshot" name="test_snapshot_unknown_cid_404" time="0.129" /><testcase classname="backend.tests.test_iter28_adviser_snapshot.TestSnapshot" name="test_snapshot_not_linked_returns_409" time="0.378" /><testcase classname="backend.tests.test_iter28_adviser_snapshot.TestSnapshot" name="test_snapshot_linked_returns_200" time="0.231" /><testcase classname="backend.tests.test_iter28_adviser_snapshot.TestSnapshot" name="test_snapshot_updates_last_seen_at" time="0.249" /><testcase classname="backend.tests.test_iter28_adviser_snapshot.TestReviewPackPdf" name="test_pdf_unauthenticated_401" time="0.169" /><testcase classname="backend.tests.test_iter28_adviser_snapshot.TestReviewPackPdf" name="test_pdf_family_user_403" time="0.128" /><testcase classname="backend.tests.test_iter28_adviser_snapshot.TestReviewPackPdf" name="test_pdf_unknown_cid_404" time="0.207" /><testcase classname="backend.tests.test_iter28_adviser_snapshot.TestReviewPackPdf" name="test_pdf_not_linked_409" time="0.380" /><testcase classname="backend.tests.test_iter28_adviser_snapshot.TestReviewPackPdf" name="test_pdf_linked_200" time="0.203" /><testcase classname="backend.tests.test_iter28_adviser_snapshot.TestCrossAdviserIsolation" name="test_other_adviser_cannot_snapshot" time="0.854" /><testcase classname="backend.tests.test_iter28_adviser_snapshot.TestCrossAdviserIsolation" name="test_other_adviser_cannot_pdf" time="0.120" /><testcase classname="backend.tests.test_iter28_adviser_snapshot.TestCrudRegression" name="test_summary_list_create_patch_delete" time="0.498" /><testcase classname="backend.tests.test_iter28_adviser_snapshot" name="test_zzz_cleanup" time="0.405" /></testsuite></testsuites>