<?xml version="1.0" encoding="utf-8"?><testsuites name="pytest tests"><testsuite name="pytest" errors="0" failures="0" skipped="0" tests="9" time="4.642" timestamp="2026-08-17T14:24:18.412301+00:00" hostname="agent-env-9b0cda33-6f27-49c9-91a8-e1a205d99c8b"><testcase classname="backend.tests.test_change_plan_iter201.TestChangePlan" name="test_unauthenticated_returns_401" time="0.380" /><testcase classname="backend.tests.test_change_plan_iter201.TestChangePlan" name="test_invalid_target_plan_returns_422" time="1.739" /><testcase classname="backend.tests.test_change_plan_iter201.TestChangePlan" name="test_missing_target_plan_returns_422" time="0.177" /><testcase classname="backend.tests.test_change_plan_iter201.TestChangePlan" name="test_no_active_subscription_returns_400_solo" time="1.076" /><testcase classname="backend.tests.test_change_plan_iter201.TestChangePlan" name="test_family_user_downgrade_attempt" time="0.132" /><testcase classname="backend.tests.test_change_plan_iter201.TestSyncPlanRegression" name="test_unauthenticated_returns_401" time="0.132" /><testcase classname="backend.tests.test_change_plan_iter201.TestSyncPlanRegression" name="test_sync_returns_no_active_subscription_for_solo" time="0.231" /><testcase classname="backend.tests.test_change_plan_iter201.TestSyncPlanRegression" name="test_sync_reachable_for_family_user" time="0.147" /><testcase classname="backend.tests.test_change_plan_iter201" name="test_prices_endpoint_reachable" time="0.545" /></testsuite></testsuites>