<?xml version="1.0" encoding="utf-8"?><testsuites name="pytest tests"><testsuite name="pytest" errors="0" failures="0" skipped="0" tests="22" time="25.046" timestamp="2026-05-15T14:07:15.212891+00:00" hostname="agent-env-9d7dc41f-aa05-432b-8632-1634219cad4f"><testcase classname="backend.tests.test_iter29_docvault_invite" name="test_adviser_add_client_creates_invite_token" time="1.214" /><testcase classname="backend.tests.test_iter29_docvault_invite" name="test_public_invite_preview" time="0.152" /><testcase classname="backend.tests.test_iter29_docvault_invite" name="test_public_invite_unknown_404" time="0.105" /><testcase classname="backend.tests.test_iter29_docvault_invite" name="test_resend_invite_rotates_token" time="0.553" /><testcase classname="backend.tests.test_iter29_docvault_invite" name="test_resend_invite_unknown_cid_404" time="0.191" /><testcase classname="backend.tests.test_iter29_docvault_invite" name="test_signup_with_invite_token_links_client" time="0.591" /><testcase classname="backend.tests.test_iter29_docvault_invite" name="test_resend_invite_after_linked_409" time="0.136" /><testcase classname="backend.tests.test_iter29_docvault_invite" name="test_docvault_initial_list" time="0.457" /><testcase classname="backend.tests.test_iter29_docvault_invite" name="test_docvault_upload_bad_category" time="0.103" /><testcase classname="backend.tests.test_iter29_docvault_invite" name="test_docvault_upload_statement" time="0.119" /><testcase classname="backend.tests.test_iter29_docvault_invite" name="test_docvault_list_after_upload" time="0.154" /><testcase classname="backend.tests.test_iter29_docvault_invite" name="test_docvault_get_metadata" time="0.118" /><testcase classname="backend.tests.test_iter29_docvault_invite" name="test_docvault_download" time="0.122" /><testcase classname="backend.tests.test_iter29_docvault_invite" name="test_docvault_patch_metadata" time="0.109" /><testcase classname="backend.tests.test_iter29_docvault_invite" name="test_docvault_patch_bad_category" time="0.121" /><testcase classname="backend.tests.test_iter29_docvault_invite" name="test_docvault_send_to_decoder_wrong_category" time="0.387" /><testcase classname="backend.tests.test_iter29_docvault_invite" name="test_docvault_send_to_decoder_statement" time="19.462" /><testcase classname="backend.tests.test_iter29_docvault_invite" name="test_docvault_delete" time="0.252" /><testcase classname="backend.tests.test_iter29_docvault_invite" name="test_docvault_delete_unknown_404" time="0.136" /><testcase classname="backend.tests.test_iter29_docvault_invite" name="test_adviser_cannot_use_as_client_id_without_link" time="0.230" /><testcase classname="backend.tests.test_iter29_docvault_invite" name="test_non_adviser_with_as_client_id_403" time="0.110" /><testcase classname="backend.tests.test_iter29_docvault_invite" name="test_cross_adviser_isolation_404" time="0.118" /></testsuite></testsuites>