<?xml version="1.0" encoding="utf-8"?><testsuites name="pytest tests"><testsuite name="pytest" errors="3" failures="2" skipped="0" tests="12" time="5.679" timestamp="2026-08-17T13:37:07.630300+00:00" hostname="agent-env-9b0cda33-6f27-49c9-91a8-e1a205d99c8b"><testcase classname="backend.tests.billing.test_iter197_billing_consolidation" name="test_webhook_bad_signature_returns_400" time="0.181" /><testcase classname="backend.tests.billing.test_iter197_billing_consolidation" name="test_webhook_missing_signature_header" time="0.136" /><testcase classname="backend.tests.billing.test_iter197_billing_consolidation" name="test_checkout_returns_cs_test_url_solo" time="0.526"><failure message="AssertionError: {&quot;detail&quot;:&quot;You've made too many attempts. Please wait 12 minute(s) and try again.&quot;}&#10;assert 429 in (200, 201)&#10; +  where 429 = &lt;Response [429]&gt;.status_code">E   AssertionError: {"detail":"You've made too many attempts. Please wait 12 minute(s) and try again."}
    assert 429 in (200, 201)
     +  where 429 = &lt;Response [429]&gt;.status_code</failure></testcase><testcase classname="backend.tests.billing.test_iter197_billing_consolidation" name="test_checkout_returns_cs_test_url_family" time="0.513"><failure message="AssertionError: {&quot;detail&quot;:&quot;You've made too many attempts. Please wait 12 minute(s) and try again.&quot;}&#10;assert 429 in (200, 201)&#10; +  where 429 = &lt;Response [429]&gt;.status_code">E   AssertionError: {"detail":"You've made too many attempts. Please wait 12 minute(s) and try again."}
    assert 429 in (200, 201)
     +  where 429 = &lt;Response [429]&gt;.status_code</failure></testcase><testcase classname="backend.tests.billing.test_iter197_billing_consolidation" name="test_billing_subscription_reflects_family_trialing" time="0.514"><error message="failed on setup with &quot;AssertionError: {&quot;detail&quot;:&quot;You've made too many attempts. Please wait 12 minute(s) and try again.&quot;}&#10;assert 429 in (200, 201)&#10; +  where 429 = &lt;Response [429]&gt;.status_code&quot;">E   AssertionError: {"detail":"You've made too many attempts. Please wait 12 minute(s) and try again."}
    assert 429 in (200, 201)
     +  where 429 = &lt;Response [429]&gt;.status_code</error></testcase><testcase classname="backend.tests.billing.test_iter197_billing_consolidation" name="test_schedule_downgrade_family_to_solo" time="0.000"><error message="failed on setup with &quot;AssertionError: {&quot;detail&quot;:&quot;You've made too many attempts. Please wait 12 minute(s) and try again.&quot;}&#10;assert 429 in (200, 201)&#10; +  where 429 = &lt;Response [429]&gt;.status_code&quot;">E   AssertionError: {"detail":"You've made too many attempts. Please wait 12 minute(s) and try again."}
    assert 429 in (200, 201)
     +  where 429 = &lt;Response [429]&gt;.status_code</error></testcase><testcase classname="backend.tests.billing.test_iter197_billing_consolidation" name="test_cancel_scheduled_change_releases_schedule" time="0.000"><error message="failed on setup with &quot;AssertionError: {&quot;detail&quot;:&quot;You've made too many attempts. Please wait 12 minute(s) and try again.&quot;}&#10;assert 429 in (200, 201)&#10; +  where 429 = &lt;Response [429]&gt;.status_code&quot;">E   AssertionError: {"detail":"You've made too many attempts. Please wait 12 minute(s) and try again."}
    assert 429 in (200, 201)
     +  where 429 = &lt;Response [429]&gt;.status_code</error></testcase><testcase classname="backend.tests.billing.test_iter197_billing_consolidation" name="test_reconcile_on_return_updates_read_model" time="1.930" /><testcase classname="backend.tests.billing.test_iter197_billing_consolidation" name="test_cancel_subscription_period_end" time="1.308" /><testcase classname="backend.tests.billing.test_iter197_billing_consolidation" name="test_reactivate_endpoint_shape" time="0.175" /><testcase classname="backend.tests.billing.test_iter197_billing_consolidation" name="test_portal_endpoint" time="0.136" /><testcase classname="backend.tests.billing.test_iter197_billing_consolidation" name="test_invoices_endpoint" time="0.178" /></testsuite></testsuites>