<?xml version="1.0" encoding="utf-8"?><testsuites name="pytest tests"><testsuite name="pytest" errors="0" failures="0" skipped="0" tests="27" time="2.826" timestamp="2026-05-11T03:26:16.900401+00:00" hostname="agent-env-9d7dc41f-aa05-432b-8632-1634219cad4f"><testcase classname="tests.test_admin_suite.TestAdminAuth" name="test_admin_login_returns_is_admin_true" time="0.572" /><testcase classname="tests.test_admin_suite.TestAdminAuth" name="test_non_admin_is_not_admin" time="0.386" /><testcase classname="tests.test_admin_suite.TestAdminAuth" name="test_unauthenticated_admin_route_returns_401" time="0.121" /><testcase classname="tests.test_admin_suite.TestAdminAuth" name="test_non_admin_gets_403[/api/admin/analytics]" time="0.060" /><testcase classname="tests.test_admin_suite.TestAdminAuth" name="test_non_admin_gets_403[/api/admin/users]" time="0.059" /><testcase classname="tests.test_admin_suite.TestAdminAuth" name="test_non_admin_gets_403[/api/admin/households]" time="0.056" /><testcase classname="tests.test_admin_suite.TestAdminAuth" name="test_non_admin_gets_403[/api/admin/payments]" time="0.055" /><testcase classname="tests.test_admin_suite.TestAdminAuth" name="test_non_admin_gets_403[/api/admin/statements]" time="0.085" /><testcase classname="tests.test_admin_suite.TestAdminAuth" name="test_non_admin_gets_403[/api/admin/export/users.csv]" time="0.081" /><testcase classname="tests.test_admin_suite.TestAdminAuth" name="test_non_admin_gets_403[/api/admin/export/payments.csv]" time="0.065" /><testcase classname="tests.test_admin_suite.TestAdminAuth" name="test_non_admin_gets_403[/api/admin/export/statements.csv]" time="0.055" /><testcase classname="tests.test_admin_suite.TestAdminAnalytics" name="test_analytics_shape" time="0.059" /><testcase classname="tests.test_admin_suite.TestAdminUsers" name="test_list_users_paginated" time="0.057" /><testcase classname="tests.test_admin_suite.TestAdminUsers" name="test_search_users" time="0.050" /><testcase classname="tests.test_admin_suite.TestAdminUsers" name="test_user_detail" time="0.070" /><testcase classname="tests.test_admin_suite.TestAdminUsers" name="test_user_detail_404" time="0.049" /><testcase classname="tests.test_admin_suite.TestAdminLists" name="test_households_list" time="0.055" /><testcase classname="tests.test_admin_suite.TestAdminLists" name="test_payments_list" time="0.053" /><testcase classname="tests.test_admin_suite.TestAdminLists" name="test_statements_list_no_heavy_fields" time="0.053" /><testcase classname="tests.test_admin_suite.TestAdminExports" name="test_csv_export[/api/admin/export/users.csv-wayly_users.csv]" time="0.050" /><testcase classname="tests.test_admin_suite.TestAdminExports" name="test_csv_export[/api/admin/export/payments.csv-wayly_payments.csv]" time="0.054" /><testcase classname="tests.test_admin_suite.TestAdminExports" name="test_csv_export[/api/admin/export/statements.csv-wayly_statements.csv]" time="0.062" /><testcase classname="tests.test_admin_suite.TestAdminMutations" name="test_admin_cannot_remove_own_admin_flag" time="0.051" /><testcase classname="tests.test_admin_suite.TestAdminMutations" name="test_admin_cannot_delete_own_account" time="0.050" /><testcase classname="tests.test_admin_suite.TestAdminMutations" name="test_toggle_admin_on_another_user" time="0.153" /><testcase classname="tests.test_admin_suite.TestAdminMutations" name="test_set_plan_invalid" time="0.049" /><testcase classname="tests.test_admin_suite.TestAdminMutations" name="test_set_plan_valid_and_persists" time="0.215" /></testsuite></testsuites>