<?xml version="1.0" encoding="utf-8"?><testsuites name="pytest tests"><testsuite name="pytest" errors="0" failures="0" skipped="11" tests="218" time="56.665" timestamp="2026-07-13T06:10:10.450863+00:00" hostname="agent-env-9d7dc41f-aa05-432b-8632-1634219cad4f"><testcase classname="tests.test_ce2_engine" name="test_1_bill_standard_arrangements" time="0.101" /><testcase classname="tests.test_ce2_engine" name="test_2_john_no_worse_off_fee_exempt" time="0.095" /><testcase classname="tests.test_ce2_engine" name="test_3_louisa_class_8_full_pensioner" time="0.094" /><testcase classname="tests.test_ce2_engine" name="test_4_part_pension_mid_range" time="0.103" /><testcase classname="tests.test_ce2_engine" name="test_5_part_pension_floor" time="0.000" /><testcase classname="tests.test_ce2_engine" name="test_6_part_pension_ceiling" time="0.000" /><testcase classname="tests.test_ce2_engine" name="test_7_cshc_identical_to_part_pension_for_same_financials" time="0.187" /><testcase classname="tests.test_ce2_engine" name="test_8_self_funded_returns_ceiling" time="0.093" /><testcase classname="tests.test_ce2_engine" name="test_9_no_worse_off_part_pension_mid_range" time="0.000" /><testcase classname="tests.test_ce2_engine" name="test_10_couple_assessment_uses_halved_combined" time="0.186" /><testcase classname="tests.test_ce2_engine" name="test_11_range_mode_when_part_pension_skips_financials" time="0.104" /><testcase classname="tests.test_ce2_engine" name="test_12_hcp_fee_exempt_short_circuit_regardless_of_class" time="0.094" /><testcase classname="tests.test_ce2_engine" name="test_13_hcp_with_fees_uses_no_worse_off" time="0.094" /><testcase classname="tests.test_ce2_engine" name="test_14_npq_uses_no_worse_off" time="0.000" /><testcase classname="tests.test_ce2_engine" name="test_15_post_sep_2024_uses_standard_arrangements" time="0.000" /><testcase classname="tests.test_ce2_engine" name="test_16_not_yet_approved_shows_range_across_class_3_5_8" time="0.093" /><testcase classname="tests.test_ce2_engine" name="test_17_financial_details_reveal_on_part_pension" time="0.000"><skipped type="pytest.skip" message="UI test — validated in Phase 2 Playwright suite">/app/backend/tests/test_ce2_engine.py:317: UI test — validated in Phase 2 Playwright suite</skipped></testcase><testcase classname="tests.test_ce2_engine" name="test_18_financial_details_reveal_on_cshc" time="0.000"><skipped type="pytest.skip" message="UI test — validated in Phase 2 Playwright suite">/app/backend/tests/test_ce2_engine.py:320: UI test — validated in Phase 2 Playwright suite</skipped></testcase><testcase classname="tests.test_ce2_engine" name="test_19_financial_details_hidden_on_full_and_self_funded" time="0.000"><skipped type="pytest.skip" message="UI test — validated in Phase 2 Playwright suite">/app/backend/tests/test_ce2_engine.py:323: UI test — validated in Phase 2 Playwright suite</skipped></testcase><testcase classname="tests.test_ce2_engine" name="test_20_grandfathered_mini_form_replaces_checkbox" time="0.000"><skipped type="pytest.skip" message="UI test — validated in Phase 2 Playwright suite">/app/backend/tests/test_ce2_engine.py:326: UI test — validated in Phase 2 Playwright suite</skipped></testcase><testcase classname="tests.test_ce2_engine" name="test_21_hcp_follow_up_appears_conditionally" time="0.000"><skipped type="pytest.skip" message="UI test — validated in Phase 2 Playwright suite">/app/backend/tests/test_ce2_engine.py:329: UI test — validated in Phase 2 Playwright suite</skipped></testcase><testcase classname="tests.test_ce2_engine" name="test_22_service_mix_custom_sum_validation" time="0.000" /><testcase classname="tests.test_ce2_engine" name="test_23_weekly_figure_dominant" time="0.000"><skipped type="pytest.skip" message="UI test — validated in Phase 2 Playwright suite">/app/backend/tests/test_ce2_engine.py:337: UI test — validated in Phase 2 Playwright suite</skipped></testcase><testcase classname="tests.test_ce2_engine" name="test_24_government_share_bar_renders" time="0.000"><skipped type="pytest.skip" message="UI test — validated in Phase 2 Playwright suite">/app/backend/tests/test_ce2_engine.py:340: UI test — validated in Phase 2 Playwright suite</skipped></testcase><testcase classname="tests.test_ce2_engine" name="test_25_lifetime_cap_is_static_no_years_projection" time="0.094" /><testcase classname="tests.test_ce2_engine" name="test_26_hardship_pathway_linked" time="0.000"><skipped type="pytest.skip" message="UI test — validated in Phase 2 Playwright suite">/app/backend/tests/test_ce2_engine.py:359: UI test — validated in Phase 2 Playwright suite</skipped></testcase><testcase classname="tests.test_ce2_engine" name="test_27_october_2026_comparison_always_visible" time="0.094" /><testcase classname="tests.test_ce2_engine" name="test_28_source_citations_populated" time="0.094" /><testcase classname="tests.test_ce2_engine" name="test_29_pdf_renders_and_downloads" time="0.000"><skipped type="pytest.skip" message="UI test — validated in Phase 3 Playwright suite">/app/backend/tests/test_ce2_engine.py:395: UI test — validated in Phase 3 Playwright suite</skipped></testcase><testcase classname="tests.test_ce2_engine" name="test_30_email_sends_with_correct_subject" time="0.000"><skipped type="pytest.skip" message="UI test — validated in Phase 3 Playwright suite">/app/backend/tests/test_ce2_engine.py:398: UI test — validated in Phase 3 Playwright suite</skipped></testcase><testcase classname="tests.test_ce2_engine" name="test_31_hcp_comparison_shows_always_for_grandfathered_users" time="0.000" /><testcase classname="tests.test_ce2_engine" name="test_32_hcp_comparison_shows_always_for_transitional_users" time="0.000" /><testcase classname="tests.test_ce2_engine" name="test_33_hcp_comparison_hidden_for_npq_users" time="0.000" /><testcase classname="tests.test_ce2_engine" name="test_34_hcp_comparison_behind_toggle_for_not_assessed_and_new" time="0.000" /><testcase classname="tests.test_ce2_engine" name="test_35_hcp_comparison_included_in_pdf_for_paths_2_and_4" time="0.000"><skipped type="pytest.skip" message="PDF-content assertion — validated in Phase 3 with Workstream L">/app/backend/tests/test_ce2_engine.py:428: PDF-content assertion — validated in Phase 3 with Workstream L</skipped></testcase><testcase classname="tests.test_ce2_engine" name="test_engine_weekly_and_annual_are_consistent" time="0.104" /><testcase classname="tests.test_ce2_engine" name="test_engine_all_eight_classifications_produce_output" time="0.759" /><testcase classname="tests.test_ce2_engine" name="test_october_split_uses_40_60_default" time="0.000" /><testcase classname="tests.test_ce2_engine" name="test_range_calculation_returns_correct_anchors" time="0.000" /><testcase classname="tests.test_ce2_phase0_gate.TestConstantsSourced" name="test_all_required_keys_present" time="0.094" /><testcase classname="tests.test_ce2_phase0_gate.TestConstantsSourced" name="test_all_have_source_urls" time="0.000" /><testcase classname="tests.test_ce2_phase0_gate.TestConstantsSourced" name="test_lifetime_cap_values" time="0.000" /><testcase classname="tests.test_ce2_phase0_gate.TestBillGateBlocking" name="test_bill_input_rate_is_14_pct" time="0.005" /><testcase classname="tests.test_ce2_phase0_gate.TestBillGateBlocking" name="test_bill_derived_rates" time="0.000" /><testcase classname="tests.test_ce2_phase0_gate.TestBillGateBlocking" name="test_bill_government_share" time="0.000" /><testcase classname="tests.test_ce2_phase0_gate.TestJohnGateBlocking" name="test_john_fee_exempt_short_circuit" time="0.000" /><testcase classname="tests.test_ce2_phase0_gate.TestLouisaCanonical" name="test_louisa_is_class_8" time="0.000" /><testcase classname="tests.test_ce2_phase0_gate.TestLouisaCanonical" name="test_louisa_full_pension_floor_rates" time="0.000" /><testcase classname="tests.test_ce2_phase0_gate.TestFormulaWorkedExamples" name="test_part_pension_ceiling" time="0.000" /><testcase classname="tests.test_ce2_phase0_gate.TestFormulaWorkedExamples" name="test_part_pension_floor" time="0.000" /><testcase classname="tests.test_cpr1_endpoints" name="test_auth_required_list" time="0.298" /><testcase classname="tests.test_cpr1_endpoints" name="test_auth_required_upload" time="0.113" /><testcase classname="tests.test_cpr1_endpoints" name="test_auth_required_detail" time="0.136" /><testcase classname="tests.test_cpr1_endpoints" name="test_upload_returns_care_plan_id_and_extraction" time="1.035" /><testcase classname="tests.test_cpr1_endpoints" name="test_upload_rejects_too_short" time="0.131" /><testcase classname="tests.test_cpr1_endpoints" name="test_list_returns_uploaded_plan_with_counts" time="0.127" /><testcase classname="tests.test_cpr1_endpoints" name="test_detail_shape" time="0.137" /><testcase classname="tests.test_cpr1_endpoints" name="test_notes_patch_persists" time="0.242" /><testcase classname="tests.test_cpr1_endpoints" name="test_analyse_returns_findings_and_flips_status" time="49.258" /><testcase classname="tests.test_cpr1_endpoints" name="test_findings_sorted_severity" time="0.000" /><testcase classname="tests.test_cpr1_endpoints" name="test_every_citation_in_allowlist_or_verification_required" time="0.000" /><testcase classname="tests.test_cpr1_endpoints" name="test_anti_hallucination_upload_persists_but_findings_never_leak_s999_9" time="0.249" /><testcase classname="tests.test_cpr1_endpoints" name="test_soft_delete_then_archived_then_restore" time="0.795" /><testcase classname="tests.test_cpr1_endpoints" name="test_cross_user_cannot_read_delete_or_patch" time="1.210" /><testcase classname="tests.test_cpr1_ingestion" name="test_validate_submission_empty_fails" time="0.000" /><testcase classname="tests.test_cpr1_ingestion" name="test_validate_submission_over_5_files_fails" time="0.000" /><testcase classname="tests.test_cpr1_ingestion" name="test_validate_submission_over_20mb_fails" time="0.007" /><testcase classname="tests.test_cpr1_ingestion" name="test_validate_submission_unsupported_mime_fails" time="0.000" /><testcase classname="tests.test_cpr1_ingestion" name="test_validate_submission_accepts_all_documented_types" time="0.000" /><testcase classname="tests.test_cpr1_ingestion" name="test_redact_removes_names" time="0.000" /><testcase classname="tests.test_cpr1_ingestion" name="test_redact_removes_medicare_numbers" time="0.000" /><testcase classname="tests.test_cpr1_ingestion" name="test_redact_removes_addresses" time="0.000" /><testcase classname="tests.test_cpr1_ingestion" name="test_redact_idempotent_on_already_redacted" time="0.000" /><testcase classname="tests.test_cpr1_ingestion" name="test_structure_extracts_classification" time="0.002" /><testcase classname="tests.test_cpr1_ingestion" name="test_structure_extracts_effective_dates" time="0.000" /><testcase classname="tests.test_cpr1_ingestion" name="test_structure_extracts_provider" time="0.000" /><testcase classname="tests.test_cpr1_ingestion" name="test_structure_extracts_quarterly_budget" time="0.000" /><testcase classname="tests.test_cpr1_ingestion" name="test_structure_extracts_first_name" time="0.000" /><testcase classname="tests.test_cpr1_ingestion" name="test_structure_extracts_services_with_streams" time="0.000" /><testcase classname="tests.test_cpr1_ingestion" name="test_structure_does_not_extract_care_management_as_service" time="0.000" /><testcase classname="tests.test_cpr1_ingestion" name="test_structure_care_plan_id_binds" time="0.000" /><testcase classname="tests.test_cpr1_ingestion" name="test_ingest_returns_analysis_text_unredacted_by_default" time="0.000" /><testcase classname="tests.test_cpr1_ingestion" name="test_ingest_redacts_when_flag_on" time="0.001" /><testcase classname="tests.test_cpr1_ingestion" name="test_ingest_extraction_is_populated" time="0.000" /><testcase classname="tests.test_cpr1_foundation" name="test_careplan_model_defaults" time="0.000" /><testcase classname="tests.test_cpr1_foundation" name="test_careplan_finding_defaults" time="0.000" /><testcase classname="tests.test_cpr1_foundation" name="test_careplan_review_run_defaults" time="0.000" /><testcase classname="tests.test_cpr1_foundation" name="test_structured_extraction_shape" time="0.000" /><testcase classname="tests.test_cpr1_foundation" name="test_hard_delete_at_computes_30_days_forward" time="0.000" /><testcase classname="tests.test_cpr1_foundation" name="test_statement_of_rights_has_10_rights" time="0.000" /><testcase classname="tests.test_cpr1_foundation" name="test_quality_standards_has_7_standards" time="0.000" /><testcase classname="tests.test_cpr1_foundation" name="test_aged_care_rules_has_care_plan_sections" time="0.000" /><testcase classname="tests.test_cpr1_foundation" name="test_citation_allowlist_union" time="0.000" /><testcase classname="tests.test_cpr1_foundation" name="test_post_pass_accepts_valid_finding" time="0.000" /><testcase classname="tests.test_cpr1_foundation" name="test_post_pass_strips_fabricated_citation" time="0.000" /><testcase classname="tests.test_cpr1_foundation" name="test_post_pass_downgrades_high_conf_without_citation" time="0.000" /><testcase classname="tests.test_cpr1_foundation" name="test_post_pass_verification_required_clamps_to_info" time="0.000" /><testcase classname="tests.test_cpr1_foundation" name="test_canonicalises_statement_of_rights_short_form" time="0.000" /><testcase classname="tests.test_cpr1_foundation" name="test_canonicalises_national_quality_standards_variants" time="0.000" /><testcase classname="tests.test_cpr1_foundation" name="test_canonicalises_aged_care_rules_variants" time="0.000" /><testcase classname="tests.test_cpr1_foundation" name="test_canonicalises_s194_5_1_c" time="0.000" /><testcase classname="tests.test_cpr1_foundation" name="test_canonicalise_backfills_url_when_llm_omits" time="0.000" /><testcase classname="tests.test_cpr1_foundation" name="test_canonicalise_still_strips_fabricated_section_numbers" time="0.000" /><testcase classname="tests.test_cpr1_foundation" name="test_post_pass_dedupes_on_finding_key" time="0.000" /><testcase classname="tests.test_cpr1_foundation" name="test_post_pass_rejects_invalid_category" time="0.000" /><testcase classname="tests.test_cpr1_foundation" name="test_post_pass_rejects_missing_title" time="0.000" /><testcase classname="tests.test_cpr1_foundation" name="test_post_pass_generates_finding_key_when_missing" time="0.000" /><testcase classname="tests.test_cpr1_foundation" name="test_post_pass_normalises_related_tool_slug" time="0.000" /><testcase classname="tests.test_cpr1_foundation" name="test_care_mgmt_over_10pct_fires" time="0.000" /><testcase classname="tests.test_cpr1_foundation" name="test_care_mgmt_at_10pct_does_not_fire" time="0.000" /><testcase classname="tests.test_cpr1_foundation" name="test_plan_age_over_12mo_fires" time="0.000" /><testcase classname="tests.test_cpr1_foundation" name="test_recent_plan_does_not_fire_age_check" time="0.000" /><testcase classname="tests.test_cpr1_foundation" name="test_straddles_oct_2026_fires" time="0.000" /><testcase classname="tests.test_cpr1_foundation" name="test_wholly_after_oct_2026_does_not_fire" time="0.000" /><testcase classname="tests.test_cpr1_foundation" name="test_merge_deterministic_overrides_llm" time="0.000" /><testcase classname="tests.test_cpr1_foundation" name="test_merge_sort_severity_order" time="0.000" /><testcase classname="tests.test_cpr1_foundation" name="test_anti_hallucination_fixture_s999_9_not_in_reference_snapshot" time="0.000" /><testcase classname="tests.test_cpr1_foundation" name="test_anti_hallucination_finding_with_s999_9_is_stripped" time="0.000" /><testcase classname="tests.test_cpr1_foundation" name="test_deterministic_determinism_gate_3_runs" time="0.000" /><testcase classname="tests.test_cpr1_foundation" name="test_analyse_care_plan_full_pipeline_with_stub" time="0.001" /><testcase classname="tests.test_cpr1_foundation" name="test_analyse_care_plan_llm_failure_marks_run_failed" time="0.000" /><testcase classname="tests.test_cpr1_foundation" name="test_analyse_care_plan_stub_no_findings_still_returns_valid_shape" time="0.000" /><testcase classname="tests.test_cpr1_foundation" name="test_golden_finding_keys_are_all_stable_slugs" time="0.000" /><testcase classname="tests.test_lf1_iter1" name="test_twelve_situations_loaded" time="0.000" /><testcase classname="tests.test_lf1_iter1" name="test_situations_reference_valid_archetypes" time="0.000" /><testcase classname="tests.test_lf1_iter1" name="test_situation_11_is_guided_pathway_no_letter" time="0.000" /><testcase classname="tests.test_lf1_iter1" name="test_situation_12_is_response_draft" time="0.000" /><testcase classname="tests.test_lf1_iter1" name="test_situation_id_can_be_string_or_int" time="0.000" /><testcase classname="tests.test_lf1_iter1" name="test_seven_archetypes_registered" time="0.000" /><testcase classname="tests.test_lf1_iter1" name="test_opan_footer_only_on_complaint_and_escalation" time="0.000" /><testcase classname="tests.test_lf1_iter1" name="test_complaint_modes_only_on_complaint_escalation_guided" time="0.000" /><testcase classname="tests.test_lf1_iter1" name="test_recipient_directory_loads_seed_records" time="0.000" /><testcase classname="tests.test_lf1_iter1" name="test_mac_recipient_carries_phone_and_portal" time="0.000" /><testcase classname="tests.test_lf1_iter1" name="test_acqsc_recipient_has_90_day_finalisation" time="0.000" /><testcase classname="tests.test_lf1_iter1" name="test_ombudsman_recipient_has_42_day_window" time="0.000" /><testcase classname="tests.test_lf1_iter1" name="test_opan_recipient_is_advocacy_not_complaints" time="0.000" /><testcase classname="tests.test_lf1_iter1" name="test_directory_metadata_reports_correct_count" time="0.000" /><testcase classname="tests.test_lf1_iter1" name="test_get_recipient_unknown_returns_none" time="0.000" /><testcase classname="tests.test_lf1_iter1" name="test_recipient_types_include_all_national_bodies" time="0.000" /><testcase classname="tests.test_lf1_iter1" name="test_sender_identities_covers_four_roles" time="0.000" /><testcase classname="tests.test_lf1_iter1" name="test_complaint_modes_three_values" time="0.000" /><testcase classname="tests.test_lf1_iter1" name="test_directions_are_inbound_outbound" time="0.000" /><testcase classname="tests.test_lf1_iter1" name="test_inbound_sources_cover_four_channels" time="0.000" /><testcase classname="tests.test_lf1_iter1" name="test_correspondence_statuses_include_six_states" time="0.000" /><testcase classname="tests.test_lf1_iter1" name="test_output_formats_three_values" time="0.000" /><testcase classname="tests.test_lf1_iter1" name="test_response_window_defaults_match_spec[1-28]" time="0.000" /><testcase classname="tests.test_lf1_iter1" name="test_response_window_defaults_match_spec[2-28]" time="0.000" /><testcase classname="tests.test_lf1_iter1" name="test_response_window_defaults_match_spec[3-14]" time="0.000" /><testcase classname="tests.test_lf1_iter1" name="test_response_window_defaults_match_spec[4-14]" time="0.000" /><testcase classname="tests.test_lf1_iter1" name="test_response_window_defaults_match_spec[5-10]" time="0.000" /><testcase classname="tests.test_lf1_iter1" name="test_response_window_defaults_match_spec[6-14]" time="0.000" /><testcase classname="tests.test_lf1_iter1" name="test_response_window_defaults_match_spec[7-14]" time="0.000" /><testcase classname="tests.test_lf1_iter1" name="test_response_window_defaults_match_spec[8-28]" time="0.000" /><testcase classname="tests.test_lf1_iter1" name="test_response_window_defaults_match_spec[9-28]" time="0.000" /><testcase classname="tests.test_lf1_iter1" name="test_response_window_defaults_match_spec[10-90]" time="0.000" /><testcase classname="tests.test_lf1_iter1" name="test_response_window_defaults_match_spec[11-None]" time="0.000" /><testcase classname="tests.test_lf1_iter1" name="test_response_window_defaults_match_spec[12-None]" time="0.000" /><testcase classname="tests.test_lf1_iter1" name="test_response_window_fallback_by_archetype_when_situation_missing" time="0.000" /><testcase classname="tests.test_lf1_iter1" name="test_terms_footer_copy_present_and_states_not_legal_advice" time="0.000" /><testcase classname="tests.test_lf1_iter1" name="test_elder_abuse_safety_copy_includes_three_contacts" time="0.001" /><testcase classname="tests.test_lf1_iter1" name="test_module_uses_new_naming" time="0.002" /><testcase classname="tests.test_ppc_v2" name="test_snapshot_loader_loads_at_least_one_snapshot" time="0.000" /><testcase classname="tests.test_ppc_v2" name="test_default_snapshot_id_returns_most_recent" time="0.000" /><testcase classname="tests.test_ppc_v2" name="test_list_services_returns_ordered_by_stream_then_name" time="0.000" /><testcase classname="tests.test_ppc_v2" name="test_get_service_returns_personal_care_row_with_expected_range" time="0.000" /><testcase classname="tests.test_ppc_v2" name="test_non_checkable_rows_present_for_expected_services" time="0.000" /><testcase classname="tests.test_ppc_v2" name="test_above_range_personal_care" time="0.000" /><testcase classname="tests.test_ppc_v2" name="test_in_range_personal_care" time="0.000" /><testcase classname="tests.test_ppc_v2" name="test_below_range_implausibly_low_guard" time="0.000" /><testcase classname="tests.test_ppc_v2" name="test_below_range_plausible_no_guard" time="0.000" /><testcase classname="tests.test_ppc_v2" name="test_clinical_service_share_is_zero" time="0.000" /><testcase classname="tests.test_ppc_v2" name="test_personal_care_post_oct_2026_becomes_clinical" time="0.000" /><testcase classname="tests.test_ppc_v2" name="test_personal_care_pre_oct_2026_is_independence" time="0.000" /><testcase classname="tests.test_ppc_v2" name="test_grandfathered_share_returns_hcp_message" time="0.000" /><testcase classname="tests.test_ppc_v2" name="test_unit_label_switches_with_service[Transport-$ per trip]" time="0.000" /><testcase classname="tests.test_ppc_v2" name="test_unit_label_switches_with_service[Meal delivery-$ per meal]" time="0.000" /><testcase classname="tests.test_ppc_v2" name="test_unit_label_switches_with_service[Personal care-$ per hour]" time="0.000" /><testcase classname="tests.test_ppc_v2" name="test_after_hours_guard_fires_on_above_range_personal_care" time="0.000" /><testcase classname="tests.test_ppc_v2" name="test_after_hours_toggle_relaxes_guard" time="0.000" /><testcase classname="tests.test_ppc_v2" name="test_non_checkable_service_renders_explanatory_panel" time="0.000" /><testcase classname="tests.test_ppc_v2" name="test_meal_delivery_unit_mismatch_guard" time="0.000" /><testcase classname="tests.test_ppc_v2" name="test_rate_change_within_percent_floor_is_not_a_change" time="0.000" /><testcase classname="tests.test_ppc_v2" name="test_rate_change_clearing_percent_floor_counts" time="0.000" /><testcase classname="tests.test_ppc_v2" name="test_meal_delivery_absolute_floor_below_50c_is_no_change" time="0.000" /><testcase classname="tests.test_ppc_v2" name="test_meal_delivery_absolute_floor_clears_at_1_dollar" time="0.000" /><testcase classname="tests.test_ppc_v2" name="test_rate_decrease_does_not_count" time="0.000" /><testcase classname="tests.test_ppc_v2" name="test_mid_statement_grouping_counts_one_change" time="0.000" /><testcase classname="tests.test_ppc_v2" name="test_mid_statement_grouping_then_manual_gives_two" time="0.000" /><testcase classname="tests.test_ppc_v2" name="test_normalise_provider_name[Glorious Services Pty Ltd-glorious services]" time="0.000" /><testcase classname="tests.test_ppc_v2" name="test_normalise_provider_name[Glorious Services-glorious services]" time="0.000" /><testcase classname="tests.test_ppc_v2" name="test_normalise_provider_name[glorious services pty. ltd.-glorious services]" time="0.000" /><testcase classname="tests.test_ppc_v2" name="test_normalise_provider_name[GLORIOUS SERVICES-glorious services]" time="0.000" /><testcase classname="tests.test_ppc_v2" name="test_normalise_provider_name[Glorious Services P/L-glorious services]" time="0.000" /><testcase classname="tests.test_ppc_v2" name="test_normalise_provider_name[Glorious Services Pty Ltd t/a Better Care-glorious services]" time="0.000" /><testcase classname="tests.test_ppc_v2" name="test_normalise_provider_name[Rose &amp; Crown Care-rose and crown care]" time="0.000" /><testcase classname="tests.test_ppc_v2" name="test_normalise_provider_name[  Wayly   Care   -wayly care]" time="0.000" /><testcase classname="tests.test_ppc_v2" name="test_normalise_provider_name_empty_input_returns_empty_string" time="0.000" /><testcase classname="tests.test_ppc_v2" name="test_fuzzy_match_provider_finds_close_variant" time="0.000" /><testcase classname="tests.test_ppc_v2" name="test_fuzzy_match_provider_ignores_distant_variant" time="0.000" /><testcase classname="tests.test_ppc_v2" name="test_email_draft_contains_service_rate_and_range" time="0.000" /><testcase classname="tests.test_ppc_v2" name="test_email_draft_appends_increase_paragraph_when_flagged" time="0.000" /><testcase classname="tests.test_ppc_v2" name="test_cap_deferral_note_contains_citation" time="0.000" /><testcase classname="tests.test_ppc_v2" name="test_how_this_works_bullets_include_key_points" time="0.000" /><testcase classname="tests.test_text_sanitiser.TestStripDashes" name="test_em_dash_between_words" time="0.000" /><testcase classname="tests.test_text_sanitiser.TestStripDashes" name="test_en_dash_number_range" time="0.000" /><testcase classname="tests.test_text_sanitiser.TestStripDashes" name="test_hyphen_is_preserved" time="0.000" /><testcase classname="tests.test_text_sanitiser.TestStripDashes" name="test_leading_dash_is_stripped" time="0.000" /><testcase classname="tests.test_text_sanitiser.TestStripDashes" name="test_multiple_dashes_collapse_cleanly" time="0.000" /><testcase classname="tests.test_text_sanitiser.TestStripDashes" name="test_word_glued_em_dash" time="0.000" /><testcase classname="tests.test_text_sanitiser.TestStripDashes" name="test_no_op_when_no_dashes" time="0.000" /><testcase classname="tests.test_text_sanitiser.TestStripDashes" name="test_empty_string" time="0.000" /><testcase classname="tests.test_text_sanitiser.TestStripDashes" name="test_none_returns_none" time="0.000" /><testcase classname="tests.test_text_sanitiser.TestStripDashes" name="test_json_string_value_stays_valid" time="0.000" /><testcase classname="tests.test_text_sanitiser.TestAppendToneRules" name="test_appends_wayly_voice_rules" time="0.000" /><testcase classname="tests.test_text_sanitiser.TestAppendToneRules" name="test_is_idempotent" time="0.000" /><testcase classname="tests.test_text_sanitiser.TestAppendToneRules" name="test_returns_rules_when_system_is_empty" time="0.000" /><testcase classname="tests.test_text_sanitiser.TestAppendToneRules" name="test_rules_forbid_em_dash_explicitly" time="0.000" /><testcase classname="tests.test_text_sanitiser.TestAppendToneRules" name="test_rules_forbid_generic_ai_phrasing" time="0.000" /></testsuite></testsuites>