<?xml version="1.0" encoding="utf-8"?><testsuites name="pytest tests"><testsuite name="pytest" errors="0" failures="0" skipped="0" tests="20" time="4.048" timestamp="2026-07-11T04:03:25.490833+00:00" hostname="agent-env-9d7dc41f-aa05-432b-8632-1634219cad4f"><testcase classname="tests.test_ppc_v2_endpoints.TestSnapshotDictionary" name="test_snapshots_endpoint" time="0.261" /><testcase classname="tests.test_ppc_v2_endpoints.TestSnapshotDictionary" name="test_services_endpoint" time="0.110" /><testcase classname="tests.test_ppc_v2_endpoints.TestPublicPriceCheckV2" name="test_above_range_after_hours_guard" time="1.060" /><testcase classname="tests.test_ppc_v2_endpoints.TestPublicPriceCheckV2" name="test_in_range_clean" time="0.121" /><testcase classname="tests.test_ppc_v2_endpoints.TestPublicPriceCheckV2" name="test_implausibly_low_guard" time="0.106" /><testcase classname="tests.test_ppc_v2_endpoints.TestPublicPriceCheckV2" name="test_below_range_distance" time="0.103" /><testcase classname="tests.test_ppc_v2_endpoints.TestPublicPriceCheckV2" name="test_clinical_stream_returns_zero_share" time="0.114" /><testcase classname="tests.test_ppc_v2_endpoints.TestPublicPriceCheckV2" name="test_personal_care_post_oct_2026_is_clinical" time="0.112" /><testcase classname="tests.test_ppc_v2_endpoints.TestPublicPriceCheckV2" name="test_personal_care_pre_oct_2026_is_exact" time="0.103" /><testcase classname="tests.test_ppc_v2_endpoints.TestPublicPriceCheckV2" name="test_grandfathered_returns_grandfathered_mode" time="0.107" /><testcase classname="tests.test_ppc_v2_endpoints.TestPublicPriceCheckV2" name="test_non_checkable_service_returns_panel_state" time="0.108" /><testcase classname="tests.test_ppc_v2_endpoints.TestPublicPriceCheckV2" name="test_transport_per_km_override_treated_as_non_checkable" time="0.160" /><testcase classname="tests.test_ppc_v2_endpoints.TestPublicPriceCheckV2" name="test_unauth_call_blocked" time="0.284" /><testcase classname="tests.test_ppc_v2_endpoints.TestCEState" name="test_ce_state_get_and_put" time="0.148" /><testcase classname="tests.test_ppc_v2_endpoints.TestSavedChecks" name="test_save_check_and_fuzzy_match" time="0.264" /><testcase classname="tests.test_ppc_v2_endpoints.TestSavedChecks" name="test_list_checks_auth_only" time="0.233" /><testcase classname="tests.test_ppc_v2_endpoints.TestSavedChecks" name="test_history_endpoint" time="0.104" /><testcase classname="tests.test_ppc_v2_endpoints.TestSavedChecks" name="test_delete_check_and_bulk_delete" time="0.219" /><testcase classname="tests.test_ppc_v2_endpoints.TestEmailDraft" name="test_email_draft_contains_key_fields" time="0.108" /><testcase classname="tests.test_ppc_v2_endpoints.TestReportIssue" name="test_report_issue_creates_ticket" time="0.109" /></testsuite></testsuites>