<?xml version="1.0" encoding="utf-8"?><testsuites name="pytest tests"><testsuite name="pytest" errors="0" failures="0" skipped="0" tests="6" time="2.069" timestamp="2026-08-21T09:55:44.071931+00:00" hostname="agent-env-40bf6e81-416e-43b0-9a0b-2c8d07e27847"><testcase classname="backend.tests.test_inv1_phase2_parity_iter232" name="test_get_invoice" time="1.246" /><testcase classname="backend.tests.test_inv1_phase2_parity_iter232" name="test_download_original" time="0.180" /><testcase classname="backend.tests.test_inv1_phase2_parity_iter232" name="test_download_report" time="0.150" /><testcase classname="backend.tests.test_inv1_phase2_parity_iter232" name="test_export_csv" time="0.146" /><testcase classname="backend.tests.test_inv1_phase2_parity_iter232" name="test_letter_draft_source_aware" time="0.154" /><testcase classname="backend.tests.test_inv1_phase2_parity_iter232" name="test_download_unauthorized" time="0.124" /></testsuite></testsuites>