<?xml version="1.0" encoding="utf-8"?><testsuites name="pytest tests"><testsuite name="pytest" errors="0" failures="0" skipped="0" tests="5" time="2.713" timestamp="2026-09-01T05:26:54.435663+00:00" hostname="agent-env-0635b00a-513d-4c04-b820-7cf31ff9f239"><testcase classname="backend.tests.test_bc2_mobile_parity_iter253" name="test_projection_baseline_shape" time="1.424" /><testcase classname="backend.tests.test_bc2_mobile_parity_iter253" name="test_projection_preview_applies_overrides" time="0.192" /><testcase classname="backend.tests.test_bc2_mobile_parity_iter253" name="test_projection_preview_no_change_when_zero" time="0.326" /><testcase classname="backend.tests.test_bc2_mobile_parity_iter253" name="test_save_list_delete_scenario" time="0.591" /><testcase classname="backend.tests.test_bc2_mobile_parity_iter253" name="test_delete_unknown_scenario_returns_404" time="0.110" /></testsuite></testsuites>