<?xml version="1.0" encoding="utf-8"?><testsuites name="pytest tests"><testsuite name="pytest" errors="0" failures="0" skipped="1" tests="16" time="9.061" timestamp="2026-08-17T08:27:38.661649+00:00" hostname="agent-env-78f9f1d3-759c-4403-8993-c3abb335c16e"><testcase classname="backend.tests.test_iter192_mobile_stripe_notifications" name="test_checkout_paid_user_returns_test_url[solo]" time="3.065" /><testcase classname="backend.tests.test_iter192_mobile_stripe_notifications" name="test_checkout_paid_user_returns_test_url[family]" time="0.513" /><testcase classname="backend.tests.test_iter192_mobile_stripe_notifications" name="test_checkout_unknown_plan_rejected" time="0.104" /><testcase classname="backend.tests.test_iter192_mobile_stripe_notifications" name="test_checkout_free_user_still_gets_url_readonly_exempt" time="1.477" /><testcase classname="backend.tests.test_iter192_mobile_stripe_notifications" name="test_checkout_unauthenticated_still_returns_url" time="0.496" /><testcase classname="backend.tests.test_iter192_mobile_stripe_notifications" name="test_webhook_rejects_unsigned" time="0.198" /><testcase classname="backend.tests.test_iter192_mobile_stripe_notifications" name="test_portal_without_stripe_customer_400" time="0.125" /><testcase classname="backend.tests.test_iter192_mobile_stripe_notifications" name="test_cancel_without_subscription_400" time="0.154" /><testcase classname="backend.tests.test_iter192_mobile_stripe_notifications" name="test_reactivate_without_subscription_400" time="0.105" /><testcase classname="backend.tests.test_iter192_mobile_stripe_notifications" name="test_invoices_empty_for_new_user" time="0.116" /><testcase classname="backend.tests.test_iter192_mobile_stripe_notifications" name="test_billing_subscription_shape" time="1.007" /><testcase classname="backend.tests.test_iter192_mobile_stripe_notifications" name="test_billing_trial_eligibility_shape" time="0.108" /><testcase classname="backend.tests.test_iter192_mobile_stripe_notifications" name="test_notifications_list_shape" time="1.051" /><testcase classname="backend.tests.test_iter192_mobile_stripe_notifications" name="test_notifications_mark_single_decrements_unread" time="0.102"><skipped type="pytest.skip" message="No unread notifications to mark for cathy">/app/backend/tests/test_iter192_mobile_stripe_notifications.py:220: No unread notifications to mark for cathy</skipped></testcase><testcase classname="backend.tests.test_iter192_mobile_stripe_notifications" name="test_notifications_mark_all_zero" time="0.234" /><testcase classname="backend.tests.test_iter192_mobile_stripe_notifications" name="test_seo_indexnow_changed_rejects_wrong_token" time="0.111" /></testsuite></testsuites>