<?xml version="1.0" encoding="utf-8"?><testsuites name="pytest tests"><testsuite name="pytest" errors="0" failures="1" skipped="0" tests="15" time="4.367" timestamp="2026-06-13T05:46:44.470205+00:00" hostname="agent-env-9d7dc41f-aa05-432b-8632-1634219cad4f"><testcase classname="tests.test_price_caps_integration" name="test_public_price_check_live[Personal care-100.0-high-84.0]" time="1.251" /><testcase classname="tests.test_price_caps_integration" name="test_public_price_check_live[Domestic assistance \u2014 cleaning-60.0-low-76.0]" time="0.229" /><testcase classname="tests.test_price_caps_integration" name="test_public_price_check_live[Personal care-84.0-fair-84.0]" time="0.227"><failure message="AssertionError: Personal care 84.0: 429 {&quot;detail&quot;:&quot;You've made too many attempts. Please wait 52 minute(s) and try again.&quot;}&#10;assert 429 == 200&#10; +  where 429 = &lt;Response [429]&gt;.status_code">tests/test_price_caps_integration.py:61: in test_public_price_check_live
    assert r.status_code == 200, f"{service} {rate}: {r.status_code} {r.text}"
E   AssertionError: Personal care 84.0: 429 {"detail":"You've made too many attempts. Please wait 52 minute(s) and try again."}
E   assert 429 == 200
E    +  where 429 = &lt;Response [429]&gt;.status_code</failure></testcase><testcase classname="tests.test_price_caps_integration" name="test_program_reference_public_policy_status" time="0.098" /><testcase classname="tests.test_price_caps_integration" name="test_mongo_price_caps_start_closed" time="0.004" /><testcase classname="tests.test_price_caps_integration" name="test_mongo_price_caps_status_deferred" time="0.002" /><testcase classname="tests.test_price_caps_integration" name="test_cms_article_titles_updated" time="0.104" /><testcase classname="tests.test_price_caps_integration" name="test_cms_article_body_does_not_present_caps_as_live_event" time="0.119" /><testcase classname="tests.test_price_caps_integration" name="test_glossary_price_cap_says_deferred" time="0.109" /><testcase classname="tests.test_price_caps_removed" name="test_price_benchmarks_have_no_cap_key" time="2.067" /><testcase classname="tests.test_price_caps_removed" name="test_seed_rows_reflect_deferral" time="0.000" /><testcase classname="tests.test_price_caps_removed" name="test_chat_prompt_mentions_deferral" time="0.000" /><testcase classname="tests.test_price_caps_removed" name="test_public_snapshot_exposes_caps_status" time="0.000" /><testcase classname="tests.test_price_caps_removed" name="test_price_check_response_contract[Personal care-100.0]" time="0.001" /><testcase classname="tests.test_price_caps_removed" name="test_price_check_response_contract[Domestic assistance \u2014 cleaning-60.0]" time="0.000" /></testsuite></testsuites>