<?xml version="1.0" encoding="utf-8"?><testsuites name="pytest tests"><testsuite name="pytest" errors="0" failures="0" skipped="2" tests="8" time="157.864" timestamp="2026-07-21T01:27:12.462562+00:00" hostname="agent-env-9d7dc41f-aa05-432b-8632-1634219cad4f"><testcase classname="tests.test_iter77_persona_injection.TestAskWaylyPersona" name="test_caregiver_reply_uses_third_person" time="4.003" /><testcase classname="tests.test_iter77_persona_injection.TestAskWaylyPersona" name="test_participant_reply_uses_first_person" time="2.137" /><testcase classname="tests.test_iter77_persona_injection.TestHelpChatPersona" name="test_caregiver_help_reply" time="4.767" /><testcase classname="tests.test_iter77_persona_injection.TestHelpChatPersona" name="test_participant_help_reply" time="3.848" /><testcase classname="tests.test_iter77_persona_injection.TestLF1PersonaVoice" name="test_caregiver_letter_is_third_person" time="11.151" /><testcase classname="tests.test_iter77_persona_injection.TestLF1PersonaVoice" name="test_participant_letter_uses_first_person" time="9.305" /><testcase classname="tests.test_iter77_persona_injection.TestReportsSummaryPersona" name="test_caregiver_summary_is_third_person" time="61.465"><skipped type="pytest.skip" message="report generation did not complete in time">/app/backend/tests/test_iter77_persona_injection.py:314: report generation did not complete in time</skipped></testcase><testcase classname="tests.test_iter77_persona_injection.TestReportsSummaryPersona" name="test_participant_summary_is_first_person" time="61.106"><skipped type="pytest.skip" message="report generation did not complete in time">/app/backend/tests/test_iter77_persona_injection.py:332: report generation did not complete in time</skipped></testcase></testsuite></testsuites>