<?xml version="1.0" encoding="utf-8"?><testsuites name="pytest tests"><testsuite name="pytest" errors="0" failures="0" skipped="0" tests="9" time="0.072" timestamp="2026-05-04T14:37:58.276907+00:00" hostname="agent-env-9d7dc41f-aa05-432b-8632-1634219cad4f"><testcase classname="backend.tests.test_iter13_decoder" name="test_response_shape" time="0.001" /><testcase classname="backend.tests.test_iter13_decoder" name="test_anomaly_counts_high_at_least_3" time="0.000" /><testcase classname="backend.tests.test_iter13_decoder" name="test_required_high_rules_present" time="0.000" /><testcase classname="backend.tests.test_iter13_decoder" name="test_extracted_includes_cancelled_item" time="0.000" /><testcase classname="backend.tests.test_iter13_decoder" name="test_extracted_athm_grab_rail_recoded" time="0.000" /><testcase classname="backend.tests.test_iter13_decoder" name="test_extracted_care_mgmt_own_line" time="0.000" /><testcase classname="backend.tests.test_iter13_decoder" name="test_stream_breakdown_all_five_streams" time="0.000" /><testcase classname="backend.tests.test_iter13_decoder" name="test_summary_totals" time="0.000" /><testcase classname="backend.tests.test_iter13_decoder" name="test_empty_audit_helper_exists" time="0.000" /></testsuite></testsuites>