<?xml version="1.0" encoding="utf-8"?><testsuites name="pytest tests"><testsuite name="pytest" errors="0" failures="0" skipped="0" tests="8" time="4.134" timestamp="2026-08-13T06:09:26.494054+00:00" hostname="agent-env-1c89d0c8-7729-46fa-8a3e-59efcd503100"><testcase classname="backend.tests.test_iter147_signup_family_participant.TestSignupFix" name="test_signup_creates_participant_family_user" time="2.114" /><testcase classname="backend.tests.test_iter147_signup_family_participant.TestSignupFix" name="test_v2_participants_create_stub_is_primary_false" time="0.138" /><testcase classname="backend.tests.test_iter147_signup_family_participant.TestSignupFix" name="test_v2_participants_list_includes_caren_active_non_primary" time="0.105" /><testcase classname="backend.tests.test_iter147_signup_family_participant.TestBatch2PrimaryKeeping" name="test_batch2_add_participant_becomes_primary" time="0.194" /><testcase classname="backend.tests.test_iter147_signup_family_participant.TestBatch2PrimaryKeeping" name="test_batch2_list_exactly_one_primary" time="0.099" /><testcase classname="backend.tests.test_iter147_signup_family_participant.TestV2ParticipantContract" name="test_default_no_field_first_participant_is_primary" time="1.087" /><testcase classname="backend.tests.test_iter147_signup_family_participant.TestV2ParticipantContract" name="test_default_no_field_second_participant_defaults_false" time="0.102" /><testcase classname="backend.tests.test_iter147_signup_family_participant.TestV2ParticipantContract" name="test_is_primary_true_does_not_downgrade_existing_primary" time="0.207" /></testsuite></testsuites>