<?xml version="1.0" encoding="utf-8"?><testsuites name="pytest tests"><testsuite name="pytest" errors="0" failures="0" skipped="0" tests="7" time="0.031" timestamp="2026-08-21T11:14:46.091437+00:00" hostname="agent-env-40bf6e81-416e-43b0-9a0b-2c8d07e27847"><testcase classname="tests.test_chsp_fee_check_golden" name="test_fix_1_clean_invoice" time="0.003" /><testcase classname="tests.test_chsp_fee_check_golden" name="test_fix_2_material_rate" time="0.000" /><testcase classname="tests.test_chsp_fee_check_golden" name="test_fix_3_extra_unit" time="0.000" /><testcase classname="tests.test_chsp_fee_check_golden" name="test_fix_4_no_agreed_rate_degraded" time="0.000" /><testcase classname="tests.test_chsp_fee_check_golden" name="test_fix_5_stale_rate_provisional" time="0.001" /><testcase classname="tests.test_chsp_fee_check_golden" name="test_rate_tier_thresholds" time="0.000" /><testcase classname="tests.test_chsp_fee_check_golden" name="test_directionality_guards" time="0.000" /></testsuite></testsuites>