<?xml version="1.0" encoding="utf-8"?><testsuites name="pytest tests"><testsuite name="pytest" errors="0" failures="0" skipped="0" tests="3" time="21.747" timestamp="2026-09-09T06:51:52.239163+00:00" hostname="agent-env-5f81d727-a485-4432-b43f-9fd59eccf373"><testcase classname="tests.test_iter310_cpr_ce2_checks" name="test_cpr_checks_6_8_flag_when_over_cap" time="0.098" /><testcase classname="tests.test_iter310_cpr_ce2_checks" name="test_cpr_checks_6_8_absent_when_amounts_not_mentioned" time="0.001" /><testcase classname="tests.test_iter310_cpr_ce2_checks" name="test_ce2_category_breakdown_default_class5" time="21.561" /></testsuite></testsuites>