<?xml version="1.0" encoding="utf-8"?><testsuites name="pytest tests"><testsuite name="pytest" errors="0" failures="0" skipped="1" tests="23" time="1.381" timestamp="2026-07-21T05:16:51.977233+00:00" hostname="agent-env-9d7dc41f-aa05-432b-8632-1634219cad4f"><testcase classname="backend.tests.test_iter79_bugfixes.TestBug1CompleteNowDeepLink" name="test_participants_list_has_requires_completion_flag" time="0.813" /><testcase classname="backend.tests.test_iter79_bugfixes.TestBug1CompleteNowDeepLink" name="test_get_incomplete_participant_shape" time="0.054"><skipped type="pytest.skip" message="participant b327e177-9b01-432d-ac8b-8656ee122434 not present in this env">/app/backend/tests/test_iter79_bugfixes.py:95: participant b327e177-9b01-432d-ac8b-8656ee122434 not present in this env</skipped></testcase><testcase classname="backend.tests.test_iter79_bugfixes.TestBug1CompleteNowDeepLink" name="test_classification_string_legacy_shape_is_parseable" time="0.000" /><testcase classname="backend.tests.test_iter79_bugfixes.TestBug1CompleteNowDeepLink" name="test_hcp_level_zero_is_preserved" time="0.000" /><testcase classname="backend.tests.test_iter79_bugfixes.TestBug2SupportEmailReplacement" name="test_only_contact_page_uses_hello_email_in_source" time="0.026" /><testcase classname="backend.tests.test_iter79_bugfixes.TestBug2SupportEmailReplacement" name="test_contact_page_still_has_hello_email" time="0.000" /><testcase classname="backend.tests.test_iter79_bugfixes.TestBug2SupportEmailReplacement" name="test_server_error_uses_support_email" time="0.000" /><testcase classname="backend.tests.test_iter79_bugfixes.TestBug2SupportEmailReplacement" name="test_file_uses_support_not_hello[frontend/src/pages/NotFound.jsx]" time="0.000" /><testcase classname="backend.tests.test_iter79_bugfixes.TestBug2SupportEmailReplacement" name="test_file_uses_support_not_hello[frontend/src/pages/FaqHub.jsx]" time="0.000" /><testcase classname="backend.tests.test_iter79_bugfixes.TestBug2SupportEmailReplacement" name="test_file_uses_support_not_hello[frontend/src/pages/resources/Articles.jsx]" time="0.000" /><testcase classname="backend.tests.test_iter79_bugfixes.TestBug2SupportEmailReplacement" name="test_file_uses_support_not_hello[frontend/src/pages/About.jsx]" time="0.000" /><testcase classname="backend.tests.test_iter79_bugfixes.TestBug2SupportEmailReplacement" name="test_file_uses_support_not_hello[frontend/src/components/ContentPage.jsx]" time="0.000" /><testcase classname="backend.tests.test_iter79_bugfixes.TestBug2SupportEmailReplacement" name="test_file_uses_support_not_hello[frontend/src/pages/sah-levels/SupportAtHomeLevels.jsx]" time="0.000" /><testcase classname="backend.tests.test_iter79_bugfixes.TestBug2SupportEmailReplacement" name="test_file_uses_support_not_hello[frontend/src/pages/sah-levels/SupportAtHomeLevelDetail.jsx]" time="0.000" /><testcase classname="backend.tests.test_iter79_bugfixes.TestBug2SupportEmailReplacement" name="test_file_uses_support_not_hello[frontend/src/pages/legal/AIIntent.jsx]" time="0.000" /><testcase classname="backend.tests.test_iter79_bugfixes.TestBug2SupportEmailReplacement" name="test_file_uses_support_not_hello[frontend/src/pages/admin/AdminLogin.jsx]" time="0.000" /><testcase classname="backend.tests.test_iter79_bugfixes.TestBug2SupportEmailReplacement" name="test_file_uses_support_not_hello[backend/email_service.py]" time="0.000" /><testcase classname="backend.tests.test_iter79_bugfixes.TestBug2SupportEmailReplacement" name="test_file_uses_support_not_hello[backend/routes/email_change.py]" time="0.000" /><testcase classname="backend.tests.test_iter79_bugfixes.TestBug2SupportEmailReplacement" name="test_file_uses_support_not_hello[backend/security_alerter.py]" time="0.000" /><testcase classname="backend.tests.test_iter79_bugfixes.TestBug2SupportEmailReplacement" name="test_file_uses_support_not_hello[backend/seed_admin.py]" time="0.000" /><testcase classname="backend.tests.test_iter79_bugfixes.TestBug2SupportEmailReplacement" name="test_file_uses_support_not_hello[backend/server.py]" time="0.001" /><testcase classname="backend.tests.test_iter79_bugfixes.TestBug3BillingPlanDisplay" name="test_no_adviser_accounts_remain_in_mongo" time="0.382" /><testcase classname="backend.tests.test_iter79_bugfixes.TestBug3BillingPlanDisplay" name="test_account_summary_does_not_return_adviser" time="0.010" /></testsuite></testsuites>