<?xml version="1.0" encoding="utf-8"?><testsuites name="pytest tests"><testsuite name="pytest" errors="0" failures="1" skipped="0" tests="14" time="5.809" timestamp="2026-08-16T23:42:37.360901+00:00" hostname="agent-env-7d17e278-04a3-41aa-9200-04eee99ab8d3"><testcase classname="backend.tests.test_iter184_mobile_stripe_parity" name="test_list_participants_cathy" time="1.988" /><testcase classname="backend.tests.test_iter184_mobile_stripe_parity" name="test_account_summary_cathy" time="0.140" /><testcase classname="backend.tests.test_iter184_mobile_stripe_parity" name="test_preview_family_addons_count1" time="0.161" /><testcase classname="backend.tests.test_iter184_mobile_stripe_parity" name="test_preview_family_addons_count2" time="0.150" /><testcase classname="backend.tests.test_iter184_mobile_stripe_parity" name="test_preview_adviser_included" time="1.022"><failure message="AssertionError: {'addon_monthly_total': 0.0, 'addon_price_monthly': 24.5, 'addons_needed': 0, 'base_price_monthly': 49.5, ...}&#10;assert 'covered_by_family' == 'adviser_included'&#10;  &#10;  - adviser_included&#10;  + covered_by_family">backend/tests/test_iter184_mobile_stripe_parity.py:99: in test_preview_adviser_included
    assert d.get("branch") == "adviser_included", d
E   AssertionError: {'addon_monthly_total': 0.0, 'addon_price_monthly': 24.5, 'addons_needed': 0, 'base_price_monthly': 49.5, ...}
E   assert 'covered_by_family' == 'adviser_included'
E     
E     - adviser_included
E     + covered_by_family</failure></testcase><testcase classname="backend.tests.test_iter184_mobile_stripe_parity" name="test_sync_plan_to_participants" time="0.119" /><testcase classname="backend.tests.test_iter184_mobile_stripe_parity" name="test_addon_checkout_bad_id_returns_error" time="0.106" /><testcase classname="backend.tests.test_iter184_mobile_stripe_parity" name="test_upgrade_checkout_family_delta" time="0.158" /><testcase classname="backend.tests.test_iter184_mobile_stripe_parity" name="test_cancel_pending_addon_idempotent" time="0.239" /><testcase classname="backend.tests.test_iter184_mobile_stripe_parity" name="test_payments_checkout_returns_stripe_url" time="0.827" /><testcase classname="backend.tests.test_iter184_mobile_stripe_parity" name="test_trial_eligibility" time="0.104" /><testcase classname="backend.tests.test_iter184_mobile_stripe_parity" name="test_billing_subscription" time="0.138" /><testcase classname="backend.tests.test_iter184_mobile_stripe_parity" name="test_payments_portal" time="0.097" /><testcase classname="backend.tests.test_iter184_mobile_stripe_parity" name="test_billing_cancel_and_reactivate" time="0.455" /></testsuite></testsuites>