<?xml version="1.0" encoding="utf-8"?><testsuites name="pytest tests"><testsuite name="pytest" errors="0" failures="0" skipped="2" tests="20" time="10.605" timestamp="2026-06-03T06:00:27.359762+00:00" hostname="agent-env-9d7dc41f-aa05-432b-8632-1634219cad4f"><testcase classname="backend.tests.test_batch3_features.TestAccountEndpoint" name="test_cathy_account_shape" time="0.642" /><testcase classname="backend.tests.test_batch3_features.TestAccountEndpoint" name="test_adviser_account" time="0.495" /><testcase classname="backend.tests.test_batch3_features.TestListParticipants" name="test_list_active" time="0.520" /><testcase classname="backend.tests.test_batch3_features.TestListParticipants" name="test_list_include_removed_param_accepted" time="0.471" /><testcase classname="backend.tests.test_batch3_features.TestPreviewBranches" name="test_free_upgrade_required" time="0.478" /><testcase classname="backend.tests.test_batch3_features.TestPreviewBranches" name="test_solo_to_family_branch" time="0.564" /><testcase classname="backend.tests.test_batch3_features.TestPreviewBranches" name="test_adviser_included" time="0.468" /><testcase classname="backend.tests.test_batch3_features.TestPreviewBranches" name="test_preview_count_validation" time="0.434" /><testcase classname="backend.tests.test_batch3_features.TestAddParticipantFlow" name="test_free_user_blocked" time="0.648" /><testcase classname="backend.tests.test_batch3_features.TestAddParticipantFlow" name="test_solo_to_family_auto_upgrade" time="0.330"><skipped type="pytest.skip" message="Cannot promote test user to SOLO without admin endpoint; covered via preview test">/app/backend/tests/test_batch3_features.py:151: Cannot promote test user to SOLO without admin endpoint; covered via preview test</skipped></testcase><testcase classname="backend.tests.test_batch3_features.TestAddParticipantFlow" name="test_family_addon_branch" time="0.907" /><testcase classname="backend.tests.test_batch3_features.TestRemoveFlow" name="test_remove_pending_and_restore" time="1.218" /><testcase classname="backend.tests.test_batch3_features.TestRemoveFlow" name="test_hard_delete_requires_full_name" time="0.874" /><testcase classname="backend.tests.test_batch3_features.TestFreeToolGate" name="test_usage_initially_allowed_anon" time="0.110" /><testcase classname="backend.tests.test_batch3_features.TestFreeToolGate" name="test_logged_in_paid_bypass" time="0.440" /><testcase classname="backend.tests.test_batch3_features.TestOwnerOnly" name="test_non_owner_403_on_add" time="0.000"><skipped type="pytest.skip" message="Cross-account caregiver setup requires signup-with-invite-token flow not covered here">/app/backend/tests/test_batch3_features.py:295: Cross-account caregiver setup requires signup-with-invite-token flow not covered here</skipped></testcase><testcase classname="backend.tests.test_batch3_features.TestSeatLimits" name="test_solo_seat_limit_enforced" time="0.556" /><testcase classname="backend.tests.test_batch3_features.TestBatch2Regression" name="test_v1_participants_endpoint" time="0.443" /><testcase classname="backend.tests.test_batch3_features.TestBatch2Regression" name="test_hospital_admissions" time="0.427" /><testcase classname="backend.tests.test_batch3_features.TestBatch2Regression" name="test_wall_posts" time="0.473" /></testsuite></testsuites>