<?xml version="1.0" encoding="utf-8"?><testsuites name="pytest tests"><testsuite name="pytest" errors="0" failures="0" skipped="0" tests="11" time="2.331" timestamp="2026-08-06T01:58:46.093788+00:00" hostname="agent-env-614c54f0-0f58-4885-94a3-8d8be47c2e25"><testcase classname="backend.tests.ic2.test_ic2_v1" name="test_status_flag" time="0.992" /><testcase classname="backend.tests.ic2.test_ic2_v1" name="test_correlation_exact_match_high_confidence" time="0.228" /><testcase classname="backend.tests.ic2.test_ic2_v1" name="test_correlation_close_date_medium_confidence" time="0.068" /><testcase classname="backend.tests.ic2.test_ic2_v1" name="test_correlation_orphan_opens_loop1_case" time="0.064" /><testcase classname="backend.tests.ic2.test_ic2_v1" name="test_correlation_is_idempotent" time="0.118" /><testcase classname="backend.tests.ic2.test_ic2_v1" name="test_get_invoice_with_correlation" time="0.113" /><testcase classname="backend.tests.ic2.test_ic2_v1" name="test_orphans_endpoint" time="0.115" /><testcase classname="backend.tests.ic2.test_ic2_v1" name="test_correlate_unlinked_invoice_returns_422" time="0.054" /><testcase classname="backend.tests.ic2.test_ic2_v1" name="test_cross_household_denied" time="0.110" /><testcase classname="backend.tests.ic2.test_ic2_v1" name="test_cmp1_bundle_pdf_export" time="0.331" /><testcase classname="backend.tests.ic2.test_ic2_v1" name="test_cmp1_bundle_pdf_missing_bundle_returns_404" time="0.056" /></testsuite></testsuites>