<?xml version="1.0" encoding="utf-8"?><testsuites name="pytest tests"><testsuite name="pytest" errors="0" failures="0" skipped="0" tests="16" time="16.363" timestamp="2026-09-11T12:39:50.684285+00:00" hostname="agent-env-30c1223d-0fee-4f4f-893c-96ea619183a1"><testcase classname="tests.test_iter326_bugs" name="test_bug3_fresh_entry_user_saved_falsy" time="1.592" /><testcase classname="tests.test_iter326_bugs" name="test_bug3_autosave_sets_user_saved" time="0.685" /><testcase classname="tests.test_iter326_bugs" name="test_bug3_delete_ghost_draft_removes_entry" time="0.465" /><testcase classname="tests.test_iter326_bugs" name="test_bug3_list_no_ghost_draft" time="0.506" /><testcase classname="tests.test_iter326_bugs" name="test_bug1_generate_async_returns_job_id_instantly" time="9.530" /><testcase classname="tests.test_iter326_bugs" name="test_bug1_generate_async_source_data_missing" time="0.606" /><testcase classname="tests.test_iter326_bugs" name="test_bug2_dashboard_endpoints_200[/budget/current]" time="0.152" /><testcase classname="tests.test_iter326_bugs" name="test_bug2_dashboard_endpoints_200[/statements]" time="0.470" /><testcase classname="tests.test_iter326_bugs" name="test_bug2_dashboard_endpoints_200[/family-thread]" time="0.152" /><testcase classname="tests.test_iter326_bugs" name="test_bug2_dashboard_endpoints_200[/audit-log]" time="0.159" /><testcase classname="tests.test_iter326_bugs" name="test_bug2_dashboard_endpoints_200[/chat/history]" time="0.172" /><testcase classname="tests.test_iter326_bugs" name="test_bug2_dashboard_endpoints_200[/budget/eligible-pathways]" time="0.148" /><testcase classname="tests.test_iter326_bugs" name="test_bug2_dashboard_endpoints_200[/nudges]" time="0.170" /><testcase classname="tests.test_iter326_bugs" name="test_bug2_dashboard_endpoints_200[/account/health]" time="0.136" /><testcase classname="tests.test_iter326_bugs" name="test_bug2_insights_summarise_off_loop" time="1.168" /><testcase classname="tests.test_iter326_bugs" name="test_regression_statements_list" time="0.179" /></testsuite></testsuites>