<?xml version="1.0" encoding="utf-8"?><testsuites name="pytest tests"><testsuite name="pytest" errors="0" failures="0" skipped="1" tests="118" time="26.798" timestamp="2026-08-05T13:06:36.764533+00:00" hostname="agent-env-614c54f0-0f58-4885-94a3-8d8be47c2e25"><testcase classname="backend.tests.cpr2.test_cpr2_voice_check" name="test_status_reports_voice_check" time="1.079" /><testcase classname="backend.tests.cpr2.test_cpr2_voice_check" name="test_participant_led_finding" time="0.211" /><testcase classname="backend.tests.cpr2.test_cpr2_voice_check" name="test_provider_led_finding_and_follow_up" time="0.071" /><testcase classname="backend.tests.cpr2.test_cpr2_voice_check" name="test_participant_absent_when_mostly_skipped" time="0.066" /><testcase classname="backend.tests.cpr2.test_cpr2_voice_check" name="test_mixed_collaborative" time="0.077" /><testcase classname="backend.tests.cpr2.test_cpr2_voice_check" name="test_bad_answer_rejected" time="0.072" /><testcase classname="backend.tests.cpr2.test_cpr2_voice_check" name="test_authored_on_behalf_flag_persists" time="0.087" /><testcase classname="backend.tests.cpr2.test_cpr2_voice_check" name="test_sensitive_content_flag_set_by_keyword" time="0.070" /><testcase classname="backend.tests.cpr2.test_cpr2_voice_check" name="test_patch_recomputes_finding" time="0.167" /><testcase classname="backend.tests.cpr2.test_cpr2_voice_check" name="test_user_can_override_overall_finding" time="0.183" /><testcase classname="backend.tests.cpr2.test_cpr2_voice_check" name="test_mark_follow_up_actions" time="0.368" /><testcase classname="backend.tests.cpr2.test_cpr2_voice_check" name="test_list_scoped_by_plan_review" time="0.221" /><testcase classname="backend.tests.ce3.test_ce3_v2_hardship" name="test_status_reports_hardship" time="0.955" /><testcase classname="backend.tests.ce3.test_ce3_v2_hardship" name="test_user_indication_creates_trigger" time="0.136" /><testcase classname="backend.tests.ce3.test_ce3_v2_hardship" name="test_trigger_idempotent_on_artefact" time="0.132" /><testcase classname="backend.tests.ce3.test_ce3_v2_hardship" name="test_bad_source_rejected" time="0.059" /><testcase classname="backend.tests.ce3.test_ce3_v2_hardship" name="test_list_and_only_open" time="0.340" /><testcase classname="backend.tests.ce3.test_ce3_v2_hardship" name="test_user_response_persists" time="0.129" /><testcase classname="backend.tests.ce3.test_ce3_v2_hardship" name="test_bad_response_rejected" time="0.133" /><testcase classname="backend.tests.ce3.test_ce3_v2_hardship" name="test_walkthrough_content" time="0.059" /><testcase classname="backend.tests.ce3.test_ce3_v2_hardship" name="test_reconciliation_step_change_auto_triggers_hardship" time="0.140" /><testcase classname="backend.tests.ce3.test_ce3_v2_hardship" name="test_pension_step_down_auto_triggers_hardship" time="0.136" /><testcase classname="backend.tests.ce3.test_ce3_v2_hardship" name="test_pension_up_move_does_NOT_trigger_hardship" time="0.131" /><testcase classname="backend.tests.ce3.test_ce3_v2_pension" name="test_status_reports_pension_wizard" time="1.105" /><testcase classname="backend.tests.ce3.test_ce3_v2_pension" name="test_preview_shape_and_delta_math" time="0.158" /><testcase classname="backend.tests.ce3.test_ce3_v2_pension" name="test_preview_rejects_bad_pension_status" time="0.078" /><testcase classname="backend.tests.ce3.test_ce3_v2_pension" name="test_preview_rejects_bad_reason" time="0.090" /><testcase classname="backend.tests.ce3.test_ce3_v2_pension" name="test_partner_deceased_surfaces_support_resources" time="0.065" /><testcase classname="backend.tests.ce3.test_ce3_v2_pension" name="test_backdated_flag" time="0.068" /><testcase classname="backend.tests.ce3.test_ce3_v2_pension" name="test_step_down_detection" time="0.178" /><testcase classname="backend.tests.ce3.test_ce3_v2_pension" name="test_commit_requires_confirmed_true" time="0.073" /><testcase classname="backend.tests.ce3.test_ce3_v2_pension" name="test_commit_flow_and_history" time="0.279" /><testcase classname="backend.tests.ce3.test_ce3_v2_pension" name="test_commit_writes_timeline_event" time="0.095" /><testcase classname="backend.tests.ce3.test_ce3_v1" name="test_status_flag" time="1.017" /><testcase classname="backend.tests.ce3.test_ce3_v1" name="test_lifetime_cap_shape_and_bounds" time="0.134" /><testcase classname="backend.tests.ce3.test_ce3_v1" name="test_lifetime_cap_years_at_pace_null_when_new" time="0.137" /><testcase classname="backend.tests.ce3.test_ce3_v1" name="test_lifetime_cap_refresh_returns_fresh" time="0.066" /><testcase classname="backend.tests.ce3.test_ce3_v1" name="test_annual_projection_shape" time="0.068" /><testcase classname="backend.tests.ce3.test_ce3_v1" name="test_reconciliation_is_idempotent" time="0.173" /><testcase classname="backend.tests.ce3.test_ce3_v1" name="test_reconciliation_rejects_bad_month" time="0.067" /><testcase classname="backend.tests.ce3.test_ce3_v1" name="test_reconciliation_list_returns_data" time="0.141" /><testcase classname="backend.tests.ce3.test_ce3_v1" name="test_step_change_variance_opens_loop1_case" time="0.078" /><testcase classname="backend.tests.ce3.test_ce3_v1" name="test_user_note_persists" time="0.136" /><testcase classname="backend.tests.ce3.test_ce3_v1" name="test_reconciliation_action_persists" time="0.134" /><testcase classname="backend.tests.ce3.test_ce3_v1" name="test_cross_household_access_denied" time="0.062" /><testcase classname="backend.tests.cpr2.test_cpr2_v1" name="test_status_flag" time="0.964" /><testcase classname="backend.tests.cpr2.test_cpr2_v1" name="test_rename_notification_flow" time="0.117" /><testcase classname="backend.tests.cpr2.test_cpr2_v1" name="test_goal_ledger_crud_full_cycle" time="0.820" /><testcase classname="backend.tests.cpr2.test_cpr2_v1" name="test_goal_create_rejects_bad_type" time="0.060" /><testcase classname="backend.tests.cpr2.test_cpr2_v1" name="test_goal_cross_household_access_denied" time="0.062" /><testcase classname="backend.tests.cpr2.test_cpr2_v1" name="test_re_review_prompt_create_and_respond" time="0.189" /><testcase classname="backend.tests.cpr2.test_cpr2_v1" name="test_re_review_prompt_defer_persists_date" time="0.125" /><testcase classname="backend.tests.cpr2.test_cpr2_v1" name="test_re_review_prompt_rejects_bad_response" time="0.126" /><testcase classname="backend.tests.cpr2.test_cpr2_v1" name="test_lca1_publish_fires_cpr2_re_review_prompts" time="0.300" /><testcase classname="backend.tests.cpr2.test_cpr2_v1" name="test_change_not_affecting_cpr2_creates_no_prompts" time="0.004" /><testcase classname="backend.tests.lca1.test_iteration_111" name="test_admin_non_staff_404" time="1.059" /><testcase classname="backend.tests.lca1.test_iteration_111" name="test_lca1_unread_count_endpoint" time="0.064" /><testcase classname="backend.tests.lca1.test_iteration_111" name="test_lca1_alerts_status_all_filter" time="0.069" /><testcase classname="backend.tests.lca1.test_iteration_111" name="test_digest_builder_returns_none_when_no_cases" time="0.031" /><testcase classname="backend.tests.lca1.test_iteration_111" name="test_admin_list_status_filter_non_staff_still_404" time="0.063" /><testcase classname="backend.tests.lca1.test_iteration_111" name="test_sd3_pair_heuristic_creates_loop1_case" time="0.484" /><testcase classname="backend.tests.lca1.test_iteration_111" name="test_digest_cron_endpoint_requires_staff" time="0.081" /><testcase classname="backend.tests.lca1.test_iteration_112" name="test_draft_letter_from_candidate_creates_lf1_and_is_idempotent" time="1.289" /><testcase classname="backend.tests.lca1.test_iteration_112" name="test_draft_letter_bad_candidate_404" time="0.061" /><testcase classname="backend.tests.lca1.test_iteration_112" name="test_preferences_defaults_and_patch_persist" time="0.316" /><testcase classname="backend.tests.lca1.test_iteration_112" name="test_preferences_rejects_bad_frequency" time="0.062" /><testcase classname="backend.tests.lca1.test_iteration_99_verify" name="test_lca1_alerts_unread_count" time="0.956" /><testcase classname="backend.tests.lca1.test_iteration_99_verify" name="test_lca1_alerts_list" time="0.062" /><testcase classname="backend.tests.lca1.test_iteration_99_verify" name="test_lca1_admin_non_staff_returns_404" time="0.057" /><testcase classname="backend.tests.lca1.test_iteration_99_verify" name="test_digest_cron_non_staff_returns_403" time="0.059" /><testcase classname="backend.tests.lca1.test_iteration_99_verify" name="test_sd3_pair_creation_heuristic_and_idempotent" time="0.413" /><testcase classname="backend.tests.lca1.test_iteration_99_verify" name="test_sd3_ai_fallback_no_500" time="0.210" /><testcase classname="backend.tests.lca1.test_iteration_99_verify" name="test_sd3_loop1_case_emitted" time="0.063" /><testcase classname="backend.tests.lca1.test_iteration_99_verify" name="test_lca1_digest_dry_run" time="0.062" /><testcase classname="backend.tests.lca1.test_lca1_and_sd3_and_extras" name="test_lca1_status" time="0.156" /><testcase classname="backend.tests.lca1.test_lca1_and_sd3_and_extras" name="test_lca1_public_changes_list" time="0.133" /><testcase classname="backend.tests.lca1.test_lca1_and_sd3_and_extras" name="test_lca1_preferences_get_and_patch" time="1.088" /><testcase classname="backend.tests.lca1.test_lca1_and_sd3_and_extras" name="test_lca1_alerts_endpoint_shape" time="0.060" /><testcase classname="backend.tests.lca1.test_lca1_and_sd3_and_extras" name="test_lca1_unread_count" time="0.062" /><testcase classname="backend.tests.lca1.test_lca1_and_sd3_and_extras" name="test_lca1_admin_requires_staff" time="0.062" /><testcase classname="backend.tests.lca1.test_lca1_and_sd3_and_extras" name="test_lca1_active_alerts_context" time="0.068" /><testcase classname="backend.tests.lca1.test_lca1_and_sd3_and_extras" name="test_lca1_matching_engine_seeds_and_idempotent" time="0.011" /><testcase classname="backend.tests.lca1.test_lca1_and_sd3_and_extras" name="test_sd3_first_run_overlay_state" time="0.064" /><testcase classname="backend.tests.lca1.test_lca1_and_sd3_and_extras" name="test_sd3_first_run_overlay_dismiss" time="0.122" /><testcase classname="backend.tests.lca1.test_lca1_and_sd3_and_extras" name="test_sd3_care_management_explainer" time="0.211" /><testcase classname="backend.tests.lca1.test_lca1_and_sd3_and_extras" name="test_pattern_dismissal_removes_from_list" time="0.063"><skipped type="pytest.skip" message="No patterns to test dismissal against">/app/backend/tests/lca1/test_lca1_and_sd3_and_extras.py:168: No patterns to test dismissal against</skipped></testcase><testcase classname="backend.tests.lca1.test_lca1_and_sd3_and_extras" name="test_cron_status_requires_staff" time="0.059" /><testcase classname="backend.tests.loop1.test_loop1_addons" name="test_patterns_threshold_and_shape" time="0.960" /><testcase classname="backend.tests.loop1.test_loop1_addons" name="test_assignee_candidates_and_assignment" time="0.386" /><testcase classname="backend.tests.loop1.test_loop1_addons" name="test_assignee_candidates_404_for_bad_case" time="0.061" /><testcase classname="backend.tests.loop1.test_loop1_addons" name="test_lca1_sweep_dry_run" time="0.085" /><testcase classname="backend.tests.loop1.test_loop1_addons" name="test_lca1_sweep_live_is_idempotent" time="0.165" /><testcase classname="backend.tests.loop1.test_loop1_addons" name="test_lca1_digest_dry_run_contains_body_when_cases_exist" time="0.144" /><testcase classname="backend.tests.loop1.test_loop1_addons" name="test_sla_check_returns_summary" time="0.062" /><testcase classname="backend.tests.loop1.test_loop1_addons" name="test_sla_check_is_idempotent_within_cooldown" time="0.120" /><testcase classname="backend.tests.loop1.test_loop1_v1" name="test_status_endpoint" time="0.137" /><testcase classname="backend.tests.loop1.test_loop1_v1" name="test_registry" time="0.962" /><testcase classname="backend.tests.loop1.test_loop1_v1" name="test_scan_opens_cases_idempotent" time="0.223" /><testcase classname="backend.tests.loop1.test_loop1_v1" name="test_list_cases_scoped_by_participant" time="0.067" /><testcase classname="backend.tests.loop1.test_loop1_v1" name="test_list_cases_across_participants" time="0.069" /><testcase classname="backend.tests.loop1.test_loop1_v1" name="test_case_detail_status_flow_and_notes" time="0.566" /><testcase classname="backend.tests.loop1.test_loop1_v1" name="test_profile_populates_open_cases" time="0.158" /><testcase classname="backend.tests.loop1.test_loop1_v1" name="test_timeline_includes_case_events" time="0.134" /><testcase classname="backend.tests.loop1.test_loop1_v1" name="test_lca1_scan_endpoint" time="0.065" /><testcase classname="backend.tests.loop1.test_loop1_v1" name="test_cross_participant_case_access_forbidden" time="0.066" /><testcase classname="backend.tests.loop1.test_loop1_v1" name="test_create_case_bad_type" time="0.062" /><testcase classname="backend.tests.core1.test_core1_v1" name="test_status_endpoint_returns_flag_and_residency" time="0.139" /><testcase classname="backend.tests.core1.test_core1_v1" name="test_list_participants_scoped_to_household" time="0.973" /><testcase classname="backend.tests.core1.test_core1_v1" name="test_get_participant_shape" time="0.133" /><testcase classname="backend.tests.core1.test_core1_v1" name="test_get_participant_invalid_id_returns_404" time="0.059" /><testcase classname="backend.tests.core1.test_core1_v1" name="test_profile_composes_all_sections" time="0.081" /><testcase classname="backend.tests.core1.test_core1_v1" name="test_profile_lifetime_cap_from_index1" time="0.082" /><testcase classname="backend.tests.core1.test_core1_v1" name="test_profile_persona_query_switches_framing" time="0.157" /><testcase classname="backend.tests.core1.test_core1_v1" name="test_profile_latest_artefacts_has_expected_keys" time="0.079" /><testcase classname="backend.tests.core1.test_core1_v1" name="test_post_timeline_event_writes_and_renders_persona_aware" time="0.229" /><testcase classname="backend.tests.core1.test_core1_v1" name="test_post_timeline_event_invalid_participant_404" time="0.059" /><testcase classname="backend.tests.core1.test_core1_v1" name="test_timeline_pagination_limit" time="0.070" /><testcase classname="backend.tests.core1.test_core1_v1" name="test_patch_participant_provider_writes_event" time="0.251" /></testsuite></testsuites>