<?xml version="1.0" encoding="utf-8"?><testsuites name="pytest tests"><testsuite name="pytest" errors="0" failures="0" skipped="0" tests="2" time="30.228" timestamp="2026-08-18T13:13:05.250622+00:00" hostname="agent-env-1a3d8f75-7d24-4845-b2f2-e3f0037dcbbb"><testcase classname="backend.tests.test_parity1_wayly_summary" name="test_invoices_list_returns_items" time="27.820" /><testcase classname="backend.tests.test_parity1_wayly_summary" name="test_invoice_detail_invoice_total_matches_lines" time="2.342" /></testsuite></testsuites>