<?xml version="1.0" encoding="utf-8"?><testsuites name="pytest tests"><testsuite name="pytest" errors="0" failures="0" skipped="0" tests="12" time="56.627" timestamp="2026-09-13T06:54:11.272230+00:00" hostname="agent-env-30c1223d-0fee-4f4f-893c-96ea619183a1"><testcase classname="backend.tests.test_csc_saved_runs_iter332.TestCSCSavedRunsCRUD" name="test_1_create_run_persists_and_returns_id" time="54.448" /><testcase classname="backend.tests.test_csc_saved_runs_iter332.TestCSCSavedRunsCRUD" name="test_2_list_empty_or_ok_before_save" time="0.208" /><testcase classname="backend.tests.test_csc_saved_runs_iter332.TestCSCSavedRunsCRUD" name="test_3_patch_save_and_name" time="0.162" /><testcase classname="backend.tests.test_csc_saved_runs_iter332.TestCSCSavedRunsCRUD" name="test_4_list_includes_saved_run" time="0.180" /><testcase classname="backend.tests.test_csc_saved_runs_iter332.TestCSCSavedRunsCRUD" name="test_5_patch_rename_only" time="0.195" /><testcase classname="backend.tests.test_csc_saved_runs_iter332.TestCSCSavedRunsCRUD" name="test_6_delete_run" time="0.176" /><testcase classname="backend.tests.test_csc_saved_runs_iter332.TestCSCSavedRunsCRUD" name="test_7_list_excludes_deleted" time="0.191" /><testcase classname="backend.tests.test_csc_saved_runs_iter332.TestCSCSavedRunsCRUD" name="test_8_delete_nonexistent_returns_404" time="0.215" /><testcase classname="backend.tests.test_csc_saved_runs_iter332.TestCSCSavedRunsCRUD" name="test_9_patch_nonexistent_returns_404" time="0.192" /><testcase classname="backend.tests.test_csc_saved_runs_iter332.TestCSCAuthGuards" name="test_list_requires_auth" time="0.175" /><testcase classname="backend.tests.test_csc_saved_runs_iter332.TestCSCAuthGuards" name="test_patch_requires_auth" time="0.184" /><testcase classname="backend.tests.test_csc_saved_runs_iter332.TestCSCAuthGuards" name="test_delete_requires_auth" time="0.209" /></testsuite></testsuites>