<?xml version="1.0" encoding="utf-8"?><testsuites name="pytest tests"><testsuite name="pytest" errors="0" failures="0" skipped="0" tests="6" time="2.238" timestamp="2026-06-13T05:44:27.192384+00:00" hostname="agent-env-9d7dc41f-aa05-432b-8632-1634219cad4f"><testcase classname="tests.test_price_caps_removed" name="test_price_benchmarks_have_no_cap_key" time="2.217" /><testcase classname="tests.test_price_caps_removed" name="test_seed_rows_reflect_deferral" time="0.000" /><testcase classname="tests.test_price_caps_removed" name="test_chat_prompt_mentions_deferral" time="0.000" /><testcase classname="tests.test_price_caps_removed" name="test_public_snapshot_exposes_caps_status" time="0.000" /><testcase classname="tests.test_price_caps_removed" name="test_price_check_response_contract[Personal care-100.0]" time="0.001" /><testcase classname="tests.test_price_caps_removed" name="test_price_check_response_contract[Domestic assistance \u2014 cleaning-60.0]" time="0.000" /></testsuite></testsuites>