<?xml version="1.0" encoding="utf-8"?><testsuites name="pytest tests"><testsuite name="pytest" errors="0" failures="0" skipped="0" tests="59" time="0.193" timestamp="2026-07-10T04:45:07.756629+00:00" hostname="agent-env-9d7dc41f-aa05-432b-8632-1634219cad4f"><testcase classname="tests.test_cpr1_foundation" name="test_careplan_model_defaults" time="0.002" /><testcase classname="tests.test_cpr1_foundation" name="test_careplan_finding_defaults" time="0.000" /><testcase classname="tests.test_cpr1_foundation" name="test_careplan_review_run_defaults" time="0.000" /><testcase classname="tests.test_cpr1_foundation" name="test_structured_extraction_shape" time="0.000" /><testcase classname="tests.test_cpr1_foundation" name="test_hard_delete_at_computes_30_days_forward" time="0.000" /><testcase classname="tests.test_cpr1_foundation" name="test_statement_of_rights_has_10_rights" time="0.000" /><testcase classname="tests.test_cpr1_foundation" name="test_quality_standards_has_7_standards" time="0.000" /><testcase classname="tests.test_cpr1_foundation" name="test_aged_care_rules_has_care_plan_sections" time="0.000" /><testcase classname="tests.test_cpr1_foundation" name="test_citation_allowlist_union" time="0.000" /><testcase classname="tests.test_cpr1_foundation" name="test_post_pass_accepts_valid_finding" time="0.000" /><testcase classname="tests.test_cpr1_foundation" name="test_post_pass_strips_fabricated_citation" time="0.000" /><testcase classname="tests.test_cpr1_foundation" name="test_post_pass_downgrades_high_conf_without_citation" time="0.000" /><testcase classname="tests.test_cpr1_foundation" name="test_post_pass_verification_required_clamps_to_info" time="0.000" /><testcase classname="tests.test_cpr1_foundation" name="test_canonicalises_statement_of_rights_short_form" time="0.000" /><testcase classname="tests.test_cpr1_foundation" name="test_canonicalises_national_quality_standards_variants" time="0.000" /><testcase classname="tests.test_cpr1_foundation" name="test_canonicalises_aged_care_rules_variants" time="0.000" /><testcase classname="tests.test_cpr1_foundation" name="test_canonicalises_s194_5_1_c" time="0.000" /><testcase classname="tests.test_cpr1_foundation" name="test_canonicalise_backfills_url_when_llm_omits" time="0.000" /><testcase classname="tests.test_cpr1_foundation" name="test_canonicalise_still_strips_fabricated_section_numbers" time="0.000" /><testcase classname="tests.test_cpr1_foundation" name="test_post_pass_dedupes_on_finding_key" time="0.000" /><testcase classname="tests.test_cpr1_foundation" name="test_post_pass_rejects_invalid_category" time="0.000" /><testcase classname="tests.test_cpr1_foundation" name="test_post_pass_rejects_missing_title" time="0.000" /><testcase classname="tests.test_cpr1_foundation" name="test_post_pass_generates_finding_key_when_missing" time="0.000" /><testcase classname="tests.test_cpr1_foundation" name="test_post_pass_normalises_related_tool_slug" time="0.000" /><testcase classname="tests.test_cpr1_foundation" name="test_care_mgmt_over_10pct_fires" time="0.000" /><testcase classname="tests.test_cpr1_foundation" name="test_care_mgmt_at_10pct_does_not_fire" time="0.000" /><testcase classname="tests.test_cpr1_foundation" name="test_plan_age_over_12mo_fires" time="0.000" /><testcase classname="tests.test_cpr1_foundation" name="test_recent_plan_does_not_fire_age_check" time="0.000" /><testcase classname="tests.test_cpr1_foundation" name="test_straddles_oct_2026_fires" time="0.000" /><testcase classname="tests.test_cpr1_foundation" name="test_wholly_after_oct_2026_does_not_fire" time="0.000" /><testcase classname="tests.test_cpr1_foundation" name="test_merge_deterministic_overrides_llm" time="0.000" /><testcase classname="tests.test_cpr1_foundation" name="test_merge_sort_severity_order" time="0.000" /><testcase classname="tests.test_cpr1_foundation" name="test_anti_hallucination_fixture_s999_9_not_in_reference_snapshot" time="0.000" /><testcase classname="tests.test_cpr1_foundation" name="test_anti_hallucination_finding_with_s999_9_is_stripped" time="0.000" /><testcase classname="tests.test_cpr1_foundation" name="test_deterministic_determinism_gate_3_runs" time="0.000" /><testcase classname="tests.test_cpr1_foundation" name="test_analyse_care_plan_full_pipeline_with_stub" time="0.001" /><testcase classname="tests.test_cpr1_foundation" name="test_analyse_care_plan_llm_failure_marks_run_failed" time="0.000" /><testcase classname="tests.test_cpr1_foundation" name="test_analyse_care_plan_stub_no_findings_still_returns_valid_shape" time="0.000" /><testcase classname="tests.test_cpr1_foundation" name="test_golden_finding_keys_are_all_stable_slugs" time="0.000" /><testcase classname="tests.test_cpr1_ingestion" name="test_validate_submission_empty_fails" time="0.000" /><testcase classname="tests.test_cpr1_ingestion" name="test_validate_submission_over_5_files_fails" time="0.000" /><testcase classname="tests.test_cpr1_ingestion" name="test_validate_submission_over_20mb_fails" time="0.007" /><testcase classname="tests.test_cpr1_ingestion" name="test_validate_submission_unsupported_mime_fails" time="0.000" /><testcase classname="tests.test_cpr1_ingestion" name="test_validate_submission_accepts_all_documented_types" time="0.000" /><testcase classname="tests.test_cpr1_ingestion" name="test_redact_removes_names" time="0.000" /><testcase classname="tests.test_cpr1_ingestion" name="test_redact_removes_medicare_numbers" time="0.000" /><testcase classname="tests.test_cpr1_ingestion" name="test_redact_removes_addresses" time="0.000" /><testcase classname="tests.test_cpr1_ingestion" name="test_redact_idempotent_on_already_redacted" time="0.000" /><testcase classname="tests.test_cpr1_ingestion" name="test_structure_extracts_classification" time="0.001" /><testcase classname="tests.test_cpr1_ingestion" name="test_structure_extracts_effective_dates" time="0.000" /><testcase classname="tests.test_cpr1_ingestion" name="test_structure_extracts_provider" time="0.000" /><testcase classname="tests.test_cpr1_ingestion" name="test_structure_extracts_quarterly_budget" time="0.000" /><testcase classname="tests.test_cpr1_ingestion" name="test_structure_extracts_first_name" time="0.000" /><testcase classname="tests.test_cpr1_ingestion" name="test_structure_extracts_services_with_streams" time="0.001" /><testcase classname="tests.test_cpr1_ingestion" name="test_structure_does_not_extract_care_management_as_service" time="0.000" /><testcase classname="tests.test_cpr1_ingestion" name="test_structure_care_plan_id_binds" time="0.000" /><testcase classname="tests.test_cpr1_ingestion" name="test_ingest_returns_analysis_text_unredacted_by_default" time="0.000" /><testcase classname="tests.test_cpr1_ingestion" name="test_ingest_redacts_when_flag_on" time="0.000" /><testcase classname="tests.test_cpr1_ingestion" name="test_ingest_extraction_is_populated" time="0.000" /></testsuite></testsuites>