<?xml version="1.0" encoding="utf-8"?><testsuites name="pytest tests"><testsuite name="pytest" errors="0" failures="0" skipped="0" tests="4" time="2.363" timestamp="2026-08-13T07:01:19.287228+00:00" hostname="agent-env-1c89d0c8-7729-46fa-8a3e-59efcd503100"><testcase classname="backend.tests.test_iter149_cancel_rollback" name="test_cancel_endpoint_returns_200_and_contract" time="1.848" /><testcase classname="backend.tests.test_iter149_cancel_rollback" name="test_cancel_endpoint_idempotent" time="0.220" /><testcase classname="backend.tests.test_iter149_cancel_rollback" name="test_cancel_endpoint_unauth" time="0.096" /><testcase classname="backend.tests.test_iter149_cancel_rollback" name="test_participants_endpoint_still_works" time="0.102" /></testsuite></testsuites>