<?xml version="1.0" encoding="utf-8"?><testsuites name="pytest tests"><testsuite name="pytest" errors="0" failures="0" skipped="3" tests="63" time="14.374" timestamp="2026-08-05T02:16:40.769255+00:00" hostname="agent-env-614c54f0-0f58-4885-94a3-8d8be47c2e25"><testcase classname="backend.tests.lca1.test_iteration_111" name="test_admin_non_staff_404" time="1.149" /><testcase classname="backend.tests.lca1.test_iteration_111" name="test_lca1_unread_count_endpoint" time="0.052" /><testcase classname="backend.tests.lca1.test_iteration_111" name="test_lca1_alerts_status_all_filter" time="0.047" /><testcase classname="backend.tests.lca1.test_iteration_111" name="test_digest_builder_returns_none_when_no_cases" time="0.275" /><testcase classname="backend.tests.lca1.test_iteration_111" name="test_admin_list_status_filter_non_staff_still_404" time="0.048" /><testcase classname="backend.tests.lca1.test_iteration_111" name="test_sd3_pair_heuristic_creates_loop1_case" time="0.338" /><testcase classname="backend.tests.lca1.test_iteration_111" name="test_digest_cron_endpoint_requires_staff" time="0.048" /><testcase classname="backend.tests.lca1.test_iteration_112" name="test_draft_letter_from_candidate_creates_lf1_and_is_idempotent" time="1.202" /><testcase classname="backend.tests.lca1.test_iteration_112" name="test_draft_letter_bad_candidate_404" time="0.052" /><testcase classname="backend.tests.lca1.test_iteration_112" name="test_preferences_defaults_and_patch_persist" time="0.218" /><testcase classname="backend.tests.lca1.test_iteration_112" name="test_preferences_rejects_bad_frequency" time="0.055" /><testcase classname="backend.tests.lca1.test_iteration_99_verify" name="test_lca1_alerts_unread_count" time="0.970" /><testcase classname="backend.tests.lca1.test_iteration_99_verify" name="test_lca1_alerts_list" time="0.051" /><testcase classname="backend.tests.lca1.test_iteration_99_verify" name="test_lca1_admin_non_staff_returns_404" time="0.056" /><testcase classname="backend.tests.lca1.test_iteration_99_verify" name="test_digest_cron_non_staff_returns_403" time="0.055" /><testcase classname="backend.tests.lca1.test_iteration_99_verify" name="test_sd3_pair_creation_heuristic_and_idempotent" time="0.130"><skipped type="pytest.skip" message="cannot list statements: 500">/app/backend/tests/lca1/test_iteration_99_verify.py:66: cannot list statements: 500</skipped></testcase><testcase classname="backend.tests.lca1.test_iteration_99_verify" name="test_sd3_ai_fallback_no_500" time="0.123"><skipped type="pytest.skip" message="cannot list statements">/app/backend/tests/lca1/test_iteration_99_verify.py:106: cannot list statements</skipped></testcase><testcase classname="backend.tests.lca1.test_iteration_99_verify" name="test_sd3_loop1_case_emitted" time="0.060" /><testcase classname="backend.tests.lca1.test_iteration_99_verify" name="test_lca1_digest_dry_run" time="0.275" /><testcase classname="backend.tests.lca1.test_lca1_and_sd3_and_extras" name="test_lca1_status" time="0.156" /><testcase classname="backend.tests.lca1.test_lca1_and_sd3_and_extras" name="test_lca1_public_changes_list" time="0.122" /><testcase classname="backend.tests.lca1.test_lca1_and_sd3_and_extras" name="test_lca1_preferences_get_and_patch" time="1.165" /><testcase classname="backend.tests.lca1.test_lca1_and_sd3_and_extras" name="test_lca1_alerts_endpoint_shape" time="0.081" /><testcase classname="backend.tests.lca1.test_lca1_and_sd3_and_extras" name="test_lca1_unread_count" time="0.078" /><testcase classname="backend.tests.lca1.test_lca1_and_sd3_and_extras" name="test_lca1_admin_requires_staff" time="0.081" /><testcase classname="backend.tests.lca1.test_lca1_and_sd3_and_extras" name="test_lca1_active_alerts_context" time="0.089" /><testcase classname="backend.tests.lca1.test_lca1_and_sd3_and_extras" name="test_lca1_matching_engine_seeds_and_idempotent" time="0.007" /><testcase classname="backend.tests.lca1.test_lca1_and_sd3_and_extras" name="test_sd3_first_run_overlay_state" time="0.086" /><testcase classname="backend.tests.lca1.test_lca1_and_sd3_and_extras" name="test_sd3_first_run_overlay_dismiss" time="0.163" /><testcase classname="backend.tests.lca1.test_lca1_and_sd3_and_extras" name="test_sd3_care_management_explainer" time="0.293" /><testcase classname="backend.tests.lca1.test_lca1_and_sd3_and_extras" name="test_pattern_dismissal_removes_from_list" time="0.104"><skipped type="pytest.skip" message="No patterns to test dismissal against">/app/backend/tests/lca1/test_lca1_and_sd3_and_extras.py:168: No patterns to test dismissal against</skipped></testcase><testcase classname="backend.tests.lca1.test_lca1_and_sd3_and_extras" name="test_cron_status_requires_staff" time="0.084" /><testcase classname="backend.tests.core1.test_core1_v1" name="test_status_endpoint_returns_flag_and_residency" time="0.121" /><testcase classname="backend.tests.core1.test_core1_v1" name="test_list_participants_scoped_to_household" time="0.965" /><testcase classname="backend.tests.core1.test_core1_v1" name="test_get_participant_shape" time="0.092" /><testcase classname="backend.tests.core1.test_core1_v1" name="test_get_participant_invalid_id_returns_404" time="0.043" /><testcase classname="backend.tests.core1.test_core1_v1" name="test_profile_composes_all_sections" time="0.065" /><testcase classname="backend.tests.core1.test_core1_v1" name="test_profile_lifetime_cap_from_index1" time="0.059" /><testcase classname="backend.tests.core1.test_core1_v1" name="test_profile_persona_query_switches_framing" time="0.118" /><testcase classname="backend.tests.core1.test_core1_v1" name="test_profile_latest_artefacts_has_expected_keys" time="0.063" /><testcase classname="backend.tests.core1.test_core1_v1" name="test_post_timeline_event_writes_and_renders_persona_aware" time="0.167" /><testcase classname="backend.tests.core1.test_core1_v1" name="test_post_timeline_event_invalid_participant_404" time="0.052" /><testcase classname="backend.tests.core1.test_core1_v1" name="test_timeline_pagination_limit" time="0.068" /><testcase classname="backend.tests.core1.test_core1_v1" name="test_patch_participant_provider_writes_event" time="0.186" /><testcase classname="backend.tests.loop1.test_loop1_addons" name="test_patterns_threshold_and_shape" time="1.146" /><testcase classname="backend.tests.loop1.test_loop1_addons" name="test_assignee_candidates_and_assignment" time="0.536" /><testcase classname="backend.tests.loop1.test_loop1_addons" name="test_assignee_candidates_404_for_bad_case" time="0.053" /><testcase classname="backend.tests.loop1.test_loop1_addons" name="test_lca1_sweep_dry_run" time="0.076" /><testcase classname="backend.tests.loop1.test_loop1_addons" name="test_lca1_sweep_live_is_idempotent" time="0.153" /><testcase classname="backend.tests.loop1.test_loop1_addons" name="test_lca1_digest_dry_run_contains_body_when_cases_exist" time="0.128" /><testcase classname="backend.tests.loop1.test_loop1_addons" name="test_sla_check_returns_summary" time="0.051" /><testcase classname="backend.tests.loop1.test_loop1_addons" name="test_sla_check_is_idempotent_within_cooldown" time="0.108" /><testcase classname="backend.tests.loop1.test_loop1_v1" name="test_status_endpoint" time="0.229" /><testcase classname="backend.tests.loop1.test_loop1_v1" name="test_registry" time="0.950" /><testcase classname="backend.tests.loop1.test_loop1_v1" name="test_scan_opens_cases_idempotent" time="0.179" /><testcase classname="backend.tests.loop1.test_loop1_v1" name="test_list_cases_scoped_by_participant" time="0.057" /><testcase classname="backend.tests.loop1.test_loop1_v1" name="test_list_cases_across_participants" time="0.051" /><testcase classname="backend.tests.loop1.test_loop1_v1" name="test_case_detail_status_flow_and_notes" time="0.374" /><testcase classname="backend.tests.loop1.test_loop1_v1" name="test_profile_populates_open_cases" time="0.136" /><testcase classname="backend.tests.loop1.test_loop1_v1" name="test_timeline_includes_case_events" time="0.160" /><testcase classname="backend.tests.loop1.test_loop1_v1" name="test_lca1_scan_endpoint" time="0.053" /><testcase classname="backend.tests.loop1.test_loop1_v1" name="test_cross_participant_case_access_forbidden" time="0.048" /><testcase classname="backend.tests.loop1.test_loop1_v1" name="test_create_case_bad_type" time="0.053" /></testsuite></testsuites>