<?xml version="1.0" encoding="utf-8"?><testsuites name="pytest tests"><testsuite name="pytest" errors="0" failures="0" skipped="0" tests="28" time="4.703" timestamp="2026-05-11T06:57:49.959722+00:00" hostname="agent-env-9d7dc41f-aa05-432b-8632-1634219cad4f"><testcase classname="backend.tests.test_admin_phase_c.TestAuthGating" name="test_unauth_rejected[GET-/api/admin/decoder-log]" time="0.239" /><testcase classname="backend.tests.test_admin_phase_c.TestAuthGating" name="test_unauth_rejected[GET-/api/admin/anomaly-log]" time="0.143" /><testcase classname="backend.tests.test_admin_phase_c.TestAuthGating" name="test_unauth_rejected[GET-/api/admin/tool-stats]" time="0.124" /><testcase classname="backend.tests.test_admin_phase_c.TestAuthGating" name="test_unauth_rejected[GET-/api/admin/subscriptions?status=active]" time="0.100" /><testcase classname="backend.tests.test_admin_phase_c.TestAuthGating" name="test_unauth_rejected[GET-/api/admin/failed-payments]" time="0.130" /><testcase classname="backend.tests.test_admin_phase_c.TestAuthGating" name="test_unauth_rejected[GET-/api/admin/refunds]" time="0.097" /><testcase classname="backend.tests.test_admin_phase_c.TestAuthGating" name="test_unauth_rejected[GET-/api/admin/mrr-trend?months=12]" time="0.117" /><testcase classname="backend.tests.test_admin_phase_c.TestAuthGating" name="test_user_jwt_rejected[GET-/api/admin/decoder-log]" time="0.471" /><testcase classname="backend.tests.test_admin_phase_c.TestAuthGating" name="test_user_jwt_rejected[GET-/api/admin/anomaly-log]" time="0.126" /><testcase classname="backend.tests.test_admin_phase_c.TestAuthGating" name="test_user_jwt_rejected[GET-/api/admin/tool-stats]" time="0.116" /><testcase classname="backend.tests.test_admin_phase_c.TestAuthGating" name="test_user_jwt_rejected[GET-/api/admin/subscriptions?status=active]" time="0.123" /><testcase classname="backend.tests.test_admin_phase_c.TestAuthGating" name="test_user_jwt_rejected[GET-/api/admin/failed-payments]" time="0.123" /><testcase classname="backend.tests.test_admin_phase_c.TestAuthGating" name="test_user_jwt_rejected[GET-/api/admin/refunds]" time="0.117" /><testcase classname="backend.tests.test_admin_phase_c.TestAuthGating" name="test_user_jwt_rejected[GET-/api/admin/mrr-trend?months=12]" time="0.108" /><testcase classname="backend.tests.test_admin_phase_c.TestDecoderLog" name="test_list_paginated" time="0.617" /><testcase classname="backend.tests.test_admin_phase_c.TestDecoderLog" name="test_detail_404" time="0.116" /><testcase classname="backend.tests.test_admin_phase_c.TestDecoderLog" name="test_detail_full" time="0.223" /><testcase classname="backend.tests.test_admin_phase_c.TestAnomalyLog" name="test_unwound_rows_with_stats" time="0.120" /><testcase classname="backend.tests.test_admin_phase_c.TestAnomalyLog" name="test_severity_filter_high" time="0.128" /><testcase classname="backend.tests.test_admin_phase_c.TestToolStats" name="test_three_buckets" time="0.099" /><testcase classname="backend.tests.test_admin_phase_c.TestSubscriptions" name="test_active" time="0.119" /><testcase classname="backend.tests.test_admin_phase_c.TestSubscriptions" name="test_trialing" time="0.118" /><testcase classname="backend.tests.test_admin_phase_c.TestFailedPayments" name="test_list" time="0.098" /><testcase classname="backend.tests.test_admin_phase_c.TestRefunds" name="test_list" time="0.104" /><testcase classname="backend.tests.test_admin_phase_c.TestRefunds" name="test_mark_processed_flow" time="0.226" /><testcase classname="backend.tests.test_admin_phase_c.TestRefunds" name="test_mark_processed_unknown_404" time="0.134" /><testcase classname="backend.tests.test_admin_phase_c.TestMrrTrend" name="test_default_12" time="0.113" /><testcase classname="backend.tests.test_admin_phase_c.TestMrrTrend" name="test_clamp_200_to_36" time="0.117" /></testsuite></testsuites>