<?xml version="1.0" encoding="utf-8"?><testsuites name="pytest tests"><testsuite name="pytest" errors="0" failures="0" skipped="0" tests="35" time="12.449" timestamp="2026-07-21T02:00:11.021829+00:00" hostname="agent-env-9d7dc41f-aa05-432b-8632-1634219cad4f"><testcase classname="tests.test_persona_governance" name="test_no_adjacent_string_literals_in_jsx" time="0.012" /><testcase classname="tests.test_persona_governance" name="test_every_tier1_key_is_referenced" time="0.022" /><testcase classname="tests.test_persona_context" name="test_empty_profile_returns_empty_block" time="0.000" /><testcase classname="tests.test_persona_context" name="test_participant_block_contains_first_person_rule" time="0.000" /><testcase classname="tests.test_persona_context" name="test_caregiver_block_contains_pronoun_rules" time="0.000" /><testcase classname="tests.test_persona_context" name="test_block_shape_stable" time="0.000" /><testcase classname="tests.test_persona_registry.TestTier2Tokens" name="test_participant_is_first_person" time="0.000" /><testcase classname="tests.test_persona_registry.TestTier2Tokens" name="test_caregiver_she_her_with_name" time="0.000" /><testcase classname="tests.test_persona_registry.TestTier2Tokens" name="test_caregiver_he_him_with_s_ending_name" time="0.000" /><testcase classname="tests.test_persona_registry.TestTier2Tokens" name="test_caregiver_they_them_plural_verbs" time="0.000" /><testcase classname="tests.test_persona_registry.TestTier2Tokens" name="test_caregiver_unknown_pronouns_falls_back" time="0.000" /><testcase classname="tests.test_persona_registry.TestTemplateResolver" name="test_substitutes_known_tokens" time="0.000" /><testcase classname="tests.test_persona_registry.TestTemplateResolver" name="test_participant_pronoun_agnostic" time="0.000" /><testcase classname="tests.test_persona_registry.TestTemplateResolver" name="test_leaves_unknown_tokens_intact" time="0.000" /><testcase classname="tests.test_persona_registry.TestTier1Resolver" name="test_participant_dec1_hero_is_first_person" time="0.000" /><testcase classname="tests.test_persona_registry.TestTier1Resolver" name="test_caregiver_dec1_hero_uses_name_and_pronouns" time="0.000" /><testcase classname="tests.test_persona_registry.TestTier1Resolver" name="test_verb_agreement_participant_vs_caregiver" time="0.000" /><testcase classname="tests.test_persona_registry.TestTier1Resolver" name="test_unknown_pronoun_uses_care_recipient_fallback" time="0.000" /><testcase classname="tests.test_persona_registry.TestTier1Resolver" name="test_missing_key_raises" time="0.000" /><testcase classname="tests.test_persona_registry.TestFeatureFlag" name="test_flag_off_returns_caregiver_variant" time="0.000" /><testcase classname="tests.test_persona_registry.TestFeatureFlag" name="test_flag_on" time="0.000" /><testcase classname="tests.test_persona_registry.TestBundle" name="test_bundle_shape" time="0.000" /><testcase classname="tests.test_persona_registry.TestRegistrySeed" name="test_every_key_has_both_variants" time="0.000" /><testcase classname="tests.test_persona_routes.TestGetPersona" name="test_requires_auth" time="1.208" /><testcase classname="tests.test_persona_routes.TestGetPersona" name="test_get_returns_profile_and_resolver" time="0.168" /><testcase classname="tests.test_persona_routes.TestPutPersona" name="test_switch_to_participant_mirrors_account" time="0.175" /><testcase classname="tests.test_persona_routes.TestPutPersona" name="test_participant_ignores_representative_flag" time="0.179" /><testcase classname="tests.test_persona_routes.TestPutPersona" name="test_caregiver_representative_persists" time="0.163" /><testcase classname="tests.test_persona_routes.TestResolve" name="test_tier1_participant_first_person" time="0.230" /><testcase classname="tests.test_persona_routes.TestResolve" name="test_tier1_caregiver_third_person_uses_name" time="0.220" /><testcase classname="tests.test_persona_routes.TestResolve" name="test_tier2_template_substitution" time="0.210" /><testcase classname="tests.test_persona_routes.TestResolve" name="test_unknown_tier1_key_reported" time="0.155" /><testcase classname="tests.test_persona_routes.TestTier1KeysEndpoint" name="test_lists_keys" time="0.150" /><testcase classname="tests.test_persona_routes.TestAdminPreviewOverride" name="test_non_admin_override_ignored" time="0.177" /><testcase classname="tests.test_iter78_report_persona_refresh.TestReportPersonaRefresh" name="test_switch_persona_between_generations_refreshes_voice" time="9.209" /></testsuite></testsuites>