<?xml version="1.0" encoding="utf-8"?><testsuites name="pytest tests"><testsuite name="pytest" errors="0" failures="0" skipped="0" tests="13" time="6.307" timestamp="2026-07-20T03:56:19.513963+00:00" hostname="agent-env-9d7dc41f-aa05-432b-8632-1634219cad4f"><testcase classname="backend.tests.test_iter72_ticket_attachments.TestUserAttachmentUploadDownload" name="test_a_upload_png_ok" time="1.368" /><testcase classname="backend.tests.test_iter72_ticket_attachments.TestUserAttachmentUploadDownload" name="test_b_download_png_roundtrip" time="0.113" /><testcase classname="backend.tests.test_iter72_ticket_attachments.TestUserAttachmentUploadDownload" name="test_c_upload_pdf_ok" time="0.110" /><testcase classname="backend.tests.test_iter72_ticket_attachments.TestUserAttachmentUploadDownload" name="test_d_ticket_detail_lists_attachment" time="0.115" /><testcase classname="backend.tests.test_iter72_ticket_attachments.TestUserAttachmentErrors" name="test_a_too_big_returns_413" time="0.628" /><testcase classname="backend.tests.test_iter72_ticket_attachments.TestUserAttachmentErrors" name="test_b_bad_mime_returns_415" time="0.109" /><testcase classname="backend.tests.test_iter72_ticket_attachments.TestUserAttachmentErrors" name="test_c_empty_file_returns_400" time="0.106" /><testcase classname="backend.tests.test_iter72_ticket_attachments.TestUserAttachmentErrors" name="test_d_closed_ticket_returns_409" time="0.339" /><testcase classname="backend.tests.test_iter72_ticket_attachments.TestOwnership" name="test_other_user_cannot_download" time="2.031" /><testcase classname="backend.tests.test_iter72_ticket_attachments.TestAdminAttachments" name="test_a_unauthenticated_admin_upload_returns_401" time="0.102" /><testcase classname="backend.tests.test_iter72_ticket_attachments.TestAdminAttachments" name="test_b_admin_upload_png_ok" time="0.960" /><testcase classname="backend.tests.test_iter72_ticket_attachments.TestAdminAttachments" name="test_c_admin_download_own" time="0.110" /><testcase classname="backend.tests.test_iter72_ticket_attachments.TestAdminAttachments" name="test_d_admin_can_download_user_upload" time="0.118" /></testsuite></testsuites>