<?xml version="1.0" encoding="utf-8"?><testsuites name="pytest tests"><testsuite name="pytest" errors="0" failures="1" skipped="0" tests="5" time="7.204" timestamp="2026-08-18T01:24:49.761166+00:00" hostname="agent-env-9b0cda33-6f27-49c9-91a8-e1a205d99c8b"><testcase classname="backend.tests.test_payments_iter203" name="test_checkout_returns_real_stripe_url_solo" time="2.203" /><testcase classname="backend.tests.test_payments_iter203" name="test_checkout_returns_real_stripe_url_family" time="1.794" /><testcase classname="backend.tests.test_payments_iter203" name="test_fresh_user_has_no_active_subscription" time="1.213" /><testcase classname="backend.tests.test_payments_iter203" name="test_auth_me_fresh_user_not_paid" time="1.364" /><testcase classname="backend.tests.test_payments_iter203" name="test_checkout_unauth_rejected" time="0.548"><failure message="AssertionError: expected 401/403 for unauth checkout, got 200&#10;assert 200 in (401, 403)&#10; +  where 200 = &lt;Response [200]&gt;.status_code">backend/tests/test_payments_iter203.py:101: in test_checkout_unauth_rejected
    assert r.status_code in (401, 403), f"expected 401/403 for unauth checkout, got {r.status_code}"
E   AssertionError: expected 401/403 for unauth checkout, got 200
E   assert 200 in (401, 403)
E    +  where 200 = &lt;Response [200]&gt;.status_code</failure></testcase></testsuite></testsuites>