<?xml version="1.0" encoding="utf-8"?><testsuites name="pytest tests"><testsuite name="pytest" errors="0" failures="0" skipped="0" tests="11" time="11.284" timestamp="2026-09-05T07:10:34.550111+00:00" hostname="agent-env-70b73e15-7a47-4218-9ce8-3a9f79fe5b5a"><testcase classname="backend.tests.test_perms_caregiver1_iter268.TestMembersList" name="test_members_shape_capacity_owner_role" time="2.952" /><testcase classname="backend.tests.test_perms_caregiver1_iter268.TestInviteCreate" name="test_pc_d23_email_registered_returns_409" time="0.114" /><testcase classname="backend.tests.test_perms_caregiver1_iter268.TestInviteCreate" name="test_pc_d23_email_registered_other_user" time="0.107" /><testcase classname="backend.tests.test_perms_caregiver1_iter268.TestInviteCreate" name="test_invalid_relationship_returns_422" time="0.140" /><testcase classname="backend.tests.test_perms_caregiver1_iter268.TestInviteCreate" name="test_fresh_email_caregiver_success" time="0.589" /><testcase classname="backend.tests.test_perms_caregiver1_iter268.TestInviteCreate" name="test_guardian_sets_legal_role_declared" time="0.260" /><testcase classname="backend.tests.test_perms_caregiver1_iter268.TestInviteCreate" name="test_seat_limit_caregivers_max_3" time="1.722" /><testcase classname="backend.tests.test_perms_caregiver1_iter268.TestResendRevoke" name="test_resend_extends_expiry" time="1.862" /><testcase classname="backend.tests.test_perms_caregiver1_iter268.TestResendRevoke" name="test_revoke_unknown_token_returns_404" time="0.128" /><testcase classname="backend.tests.test_perms_caregiver1_iter268.TestResendRevoke" name="test_resend_unknown_token_returns_404" time="0.134" /><testcase classname="backend.tests.test_perms_caregiver1_iter268.TestResendRevoke" name="test_cross_household_cannot_touch_token" time="3.175" /></testsuite></testsuites>