<?xml version="1.0" encoding="utf-8"?><testsuites name="pytest tests"><testsuite name="pytest" errors="0" failures="0" skipped="1" tests="42" time="6.101" timestamp="2026-07-20T11:46:53.641609+00:00" hostname="agent-env-9d7dc41f-aa05-432b-8632-1634219cad4f"><testcase classname="backend.tests.test_ppc_v2_endpoints.TestSnapshotDictionary" name="test_snapshots_endpoint" time="0.153" /><testcase classname="backend.tests.test_ppc_v2_endpoints.TestSnapshotDictionary" name="test_services_endpoint" time="0.100" /><testcase classname="backend.tests.test_ppc_v2_endpoints.TestPublicPriceCheckV2" name="test_above_range_after_hours_guard" time="1.015" /><testcase classname="backend.tests.test_ppc_v2_endpoints.TestPublicPriceCheckV2" name="test_in_range_clean" time="0.103" /><testcase classname="backend.tests.test_ppc_v2_endpoints.TestPublicPriceCheckV2" name="test_implausibly_low_guard" time="0.103" /><testcase classname="backend.tests.test_ppc_v2_endpoints.TestPublicPriceCheckV2" name="test_below_range_distance" time="0.109" /><testcase classname="backend.tests.test_ppc_v2_endpoints.TestPublicPriceCheckV2" name="test_clinical_stream_returns_zero_share" time="0.156" /><testcase classname="backend.tests.test_ppc_v2_endpoints.TestPublicPriceCheckV2" name="test_personal_care_post_oct_2026_is_clinical" time="0.099" /><testcase classname="backend.tests.test_ppc_v2_endpoints.TestPublicPriceCheckV2" name="test_personal_care_pre_oct_2026_is_exact" time="0.112" /><testcase classname="backend.tests.test_ppc_v2_endpoints.TestPublicPriceCheckV2" name="test_grandfathered_returns_grandfathered_mode" time="0.098" /><testcase classname="backend.tests.test_ppc_v2_endpoints.TestPublicPriceCheckV2" name="test_non_checkable_service_returns_panel_state" time="0.107" /><testcase classname="backend.tests.test_ppc_v2_endpoints.TestPublicPriceCheckV2" name="test_transport_per_km_override_treated_as_non_checkable" time="0.102" /><testcase classname="backend.tests.test_ppc_v2_endpoints.TestPublicPriceCheckV2" name="test_unauth_call_blocked" time="0.295" /><testcase classname="backend.tests.test_ppc_v2_endpoints.TestCEState" name="test_ce_state_get_and_put" time="0.151" /><testcase classname="backend.tests.test_ppc_v2_endpoints.TestSavedChecks" name="test_save_check_and_fuzzy_match" time="0.258" /><testcase classname="backend.tests.test_ppc_v2_endpoints.TestSavedChecks" name="test_list_checks_auth_only" time="0.252" /><testcase classname="backend.tests.test_ppc_v2_endpoints.TestSavedChecks" name="test_history_endpoint" time="0.105" /><testcase classname="backend.tests.test_ppc_v2_endpoints.TestSavedChecks" name="test_delete_check_and_bulk_delete" time="0.208" /><testcase classname="backend.tests.test_ppc_v2_endpoints.TestEmailDraft" name="test_email_draft_contains_key_fields" time="0.111" /><testcase classname="backend.tests.test_ppc_v2_endpoints.TestReportIssue" name="test_report_issue_creates_ticket" time="0.000"><skipped type="pytest.skip" message="Iter 62 review: /api/ppc/report-issue was removed; UI now uses shared /api/support/tickets endpoint (documented action item).">/app/backend/tests/test_ppc_v2_endpoints.py:307: Iter 62 review: /api/ppc/report-issue was removed; UI now uses shared /api/support/tickets endpoint (documented action item).</skipped></testcase><testcase classname="backend.tests.test_ppc_v2_endpoints.TestFeatureFlag" name="test_ppc_decoder_integration_default_off" time="0.110" /><testcase classname="backend.tests.test_ppc_v2_endpoints.TestDecoderContext" name="test_decoder_context_no_statements" time="0.100" /><testcase classname="backend.tests.test_ppc_v2_endpoints.TestDecoderContext" name="test_decoder_context_requires_auth" time="0.108" /><testcase classname="backend.tests.test_ppc_v2_endpoints.TestPdfExport" name="test_pdf_export_returns_valid_pdf" time="0.118" /><testcase classname="backend.tests.test_ppc_v2_endpoints.TestPdfExport" name="test_pdf_export_requires_auth" time="0.099" /><testcase classname="backend.tests.test_ppc_v2_endpoints.TestAnalyticsEvent" name="test_all_allowed_events_accepted[ppc_tool_opened]" time="0.113" /><testcase classname="backend.tests.test_ppc_v2_endpoints.TestAnalyticsEvent" name="test_all_allowed_events_accepted[ppc_service_selected]" time="0.111" /><testcase classname="backend.tests.test_ppc_v2_endpoints.TestAnalyticsEvent" name="test_all_allowed_events_accepted[ppc_result_rendered]" time="0.099" /><testcase classname="backend.tests.test_ppc_v2_endpoints.TestAnalyticsEvent" name="test_all_allowed_events_accepted[ppc_quality_guard_shown]" time="0.112" /><testcase classname="backend.tests.test_ppc_v2_endpoints.TestAnalyticsEvent" name="test_all_allowed_events_accepted[ppc_quality_guard_dismissed]" time="0.109" /><testcase classname="backend.tests.test_ppc_v2_endpoints.TestAnalyticsEvent" name="test_all_allowed_events_accepted[ppc_check_saved]" time="0.100" /><testcase classname="backend.tests.test_ppc_v2_endpoints.TestAnalyticsEvent" name="test_all_allowed_events_accepted[ppc_check_deleted]" time="0.102" /><testcase classname="backend.tests.test_ppc_v2_endpoints.TestAnalyticsEvent" name="test_all_allowed_events_accepted[ppc_history_opened]" time="0.110" /><testcase classname="backend.tests.test_ppc_v2_endpoints.TestAnalyticsEvent" name="test_all_allowed_events_accepted[ppc_email_drafted]" time="0.125" /><testcase classname="backend.tests.test_ppc_v2_endpoints.TestAnalyticsEvent" name="test_all_allowed_events_accepted[ppc_pdf_exported]" time="0.111" /><testcase classname="backend.tests.test_ppc_v2_endpoints.TestAnalyticsEvent" name="test_all_allowed_events_accepted[ppc_report_issue_submitted]" time="0.099" /><testcase classname="backend.tests.test_ppc_v2_endpoints.TestAnalyticsEvent" name="test_all_allowed_events_accepted[ppc_snapshot_selector_shown]" time="0.101" /><testcase classname="backend.tests.test_ppc_v2_endpoints.TestAnalyticsEvent" name="test_all_allowed_events_accepted[ppc_snapshot_switched]" time="0.105" /><testcase classname="backend.tests.test_ppc_v2_endpoints.TestAnalyticsEvent" name="test_all_allowed_events_accepted[ppc_adm_disclosure_opened]" time="0.109" /><testcase classname="backend.tests.test_ppc_v2_endpoints.TestAnalyticsEvent" name="test_all_allowed_events_accepted[ppc_prefill_applied]" time="0.106" /><testcase classname="backend.tests.test_ppc_v2_endpoints.TestAnalyticsEvent" name="test_unknown_event_rejected" time="0.105" /><testcase classname="backend.tests.test_ppc_v2_endpoints.TestAnalyticsEvent" name="test_analytics_requires_auth" time="0.101" /></testsuite></testsuites>