<?xml version="1.0" encoding="utf-8"?><testsuites name="pytest tests"><testsuite name="pytest" errors="0" failures="0" skipped="0" tests="28" time="5.249" timestamp="2026-05-11T05:56:42.169913+00:00" hostname="agent-env-9d7dc41f-aa05-432b-8632-1634219cad4f"><testcase classname="backend.tests.test_admin_phase_b.TestOverview" name="test_overview_shape" time="0.739" /><testcase classname="backend.tests.test_admin_phase_b.TestOverview" name="test_overview_unauth" time="0.113" /><testcase classname="backend.tests.test_admin_phase_b.TestOverview" name="test_overview_regular_user_rejected" time="0.462" /><testcase classname="backend.tests.test_admin_phase_b.TestActivity" name="test_activity_returns_events" time="0.113" /><testcase classname="backend.tests.test_admin_phase_b.TestActivity" name="test_activity_unauth" time="0.102" /><testcase classname="backend.tests.test_admin_phase_b.TestLlmCostTrend" name="test_trend_shape" time="0.139" /><testcase classname="backend.tests.test_admin_phase_b.TestAuditLog" name="test_audit_log_default" time="0.163" /><testcase classname="backend.tests.test_admin_phase_b.TestUserProfile" name="test_profile_returns_all_sections" time="0.128" /><testcase classname="backend.tests.test_admin_phase_b.TestUserProfile" name="test_profile_unknown_user" time="0.108" /><testcase classname="backend.tests.test_admin_phase_b.TestNotes" name="test_add_note" time="0.275" /><testcase classname="backend.tests.test_admin_phase_b.TestNotes" name="test_add_empty_note_400" time="0.110" /><testcase classname="backend.tests.test_admin_phase_b.TestNotes" name="test_add_long_note_400" time="0.107" /><testcase classname="backend.tests.test_admin_phase_b.TestSuspend" name="test_suspend_then_reinstate" time="0.346" /><testcase classname="backend.tests.test_admin_phase_b.TestSuspend" name="test_cant_suspend_self" time="0.212" /><testcase classname="backend.tests.test_admin_phase_b.TestExtendTrial" name="test_extend_trial_invalid_days" time="0.214" /><testcase classname="backend.tests.test_admin_phase_b.TestExtendTrial" name="test_extend_trial_no_sub_404" time="0.110" /><testcase classname="backend.tests.test_admin_phase_b.TestExtendTrial" name="test_extend_trial_success" time="0.102" /><testcase classname="backend.tests.test_admin_phase_b.TestImpersonate" name="test_impersonate_returns_token" time="0.108" /><testcase classname="backend.tests.test_admin_phase_b.TestImpersonate" name="test_impersonate_unknown_user" time="0.123" /><testcase classname="backend.tests.test_admin_phase_b.TestRefund" name="test_refund_unknown_txn" time="0.149" /><testcase classname="backend.tests.test_admin_phase_b.TestRefund" name="test_refund_missing_fields" time="0.108" /><testcase classname="backend.tests.test_admin_phase_b.TestRefund" name="test_refund_workflow" time="0.343" /><testcase classname="backend.tests.test_admin_phase_b" name="test_phaseb_unauthenticated[/api/admin/overview]" time="0.107" /><testcase classname="backend.tests.test_admin_phase_b" name="test_phaseb_unauthenticated[/api/admin/activity]" time="0.102" /><testcase classname="backend.tests.test_admin_phase_b" name="test_phaseb_unauthenticated[/api/admin/llm-cost-trend]" time="0.120" /><testcase classname="backend.tests.test_admin_phase_b" name="test_phaseb_unauthenticated[/api/admin/audit-log]" time="0.162" /><testcase classname="backend.tests.test_admin_phase_b" name="test_phaseb_user_token_rejected[/api/admin/overview]" time="0.106" /><testcase classname="backend.tests.test_admin_phase_b" name="test_phaseb_user_token_rejected[/api/admin/activity]" time="0.104" /></testsuite></testsuites>