<?xml version="1.0" encoding="utf-8"?><testsuites name="pytest tests"><testsuite name="pytest" errors="0" failures="0" skipped="1" tests="17" time="7.343" timestamp="2026-06-27T16:37:13.801152+00:00" hostname="agent-env-9d7dc41f-aa05-432b-8632-1634219cad4f"><testcase classname="backend.tests.test_sup_support.TestCreateTicket" name="test_create_basic" time="1.160" /><testcase classname="backend.tests.test_sup_support.TestCreateTicket" name="test_no_attachment_without_consent" time="0.168" /><testcase classname="backend.tests.test_sup_support.TestCreateTicket" name="test_consent_records_version" time="0.118" /><testcase classname="backend.tests.test_sup_support.TestMonotonicReferences" name="test_three_in_order" time="0.317" /><testcase classname="backend.tests.test_sup_support.TestListIsolation" name="test_user_b_does_not_see_user_a_tickets" time="0.614"><skipped type="pytest.skip" message="signup user B failed: 400 {&quot;detail&quot;:&quot;This password has appeared in known data breaches and is no longer safe to use. Please choose a different password.&quot;}">/app/backend/tests/test_sup_support.py:176: signup user B failed: 400 {"detail":"This password has appeared in known data breaches and is no longer safe to use. Please choose a different password."}</skipped></testcase><testcase classname="backend.tests.test_sup_support.TestPublicThreadFilter" name="test_internal_note_never_in_user_thread" time="3.287" /><testcase classname="backend.tests.test_sup_support.TestUserReply" name="test_user_can_reply_when_awaiting" time="0.105" /><testcase classname="backend.tests.test_sup_support.TestCsat" name="test_csat_not_allowed_unresolved" time="0.116" /><testcase classname="backend.tests.test_sup_support.TestAdminAuth" name="test_admin_requires_auth" time="0.104" /><testcase classname="backend.tests.test_sup_support.TestAdminAuth" name="test_admin_list_returns" time="0.107" /><testcase classname="backend.tests.test_sup_support.TestAdminAuth" name="test_admin_filters" time="0.104" /><testcase classname="backend.tests.test_sup_support.TestAdminResolveFlow" name="test_resolve_with_summary" time="0.465" /><testcase classname="backend.tests.test_sup_support.TestDefects" name="test_create_defect" time="0.114" /><testcase classname="backend.tests.test_sup_support.TestDefects" name="test_link_ticket" time="0.210" /><testcase classname="backend.tests.test_sup_support.TestDefects" name="test_resolve_defect_cascades" time="0.111" /><testcase classname="backend.tests.test_sup_support.TestTriageGate" name="test_no_triage_rows_written" time="0.001" /><testcase classname="backend.tests.test_sup_support.TestTriageGate" name="test_triage_agree_404_when_no_row" time="0.114" /></testsuite></testsuites>