<?xml version="1.0" encoding="utf-8"?><testsuites name="pytest tests"><testsuite name="pytest" errors="0" failures="0" skipped="0" tests="9" time="79.017" timestamp="2026-07-08T02:55:09.991432+00:00" hostname="agent-env-9d7dc41f-aa05-432b-8632-1634219cad4f"><testcase classname="backend.tests.test_iter58_dec1_regression.TestPublicDecoder" name="test_public_decode_statement_returns_payload" time="33.258" /><testcase classname="backend.tests.test_iter58_dec1_regression.TestPublicDecoder" name="test_public_decode_cooldown_shape_for_anon" time="0.373" /><testcase classname="backend.tests.test_iter58_dec1_regression.TestPublicDecoder" name="test_public_decode_rejects_empty" time="0.297" /><testcase classname="backend.tests.test_iter58_dec1_regression.TestAuthRegression" name="test_signup_login_me" time="2.071" /><testcase classname="backend.tests.test_iter58_dec1_regression.TestAuthRegression" name="test_admin_login_endpoint_responds" time="0.117" /><testcase classname="backend.tests.test_iter58_dec1_regression.TestCathyStatementFlow" name="test_cathy_me" time="0.951" /><testcase classname="backend.tests.test_iter58_dec1_regression.TestCathyStatementFlow" name="test_cathy_statements_list" time="0.079" /><testcase classname="backend.tests.test_iter58_dec1_regression.TestCathyStatementFlow" name="test_cathy_upload_statement" time="25.290" /><testcase classname="backend.tests.test_iter58_dec1_regression.TestExpiredTrialPaywall" name="test_trial30909_upload_state_aware" time="16.492" /></testsuite></testsuites>