<?xml version="1.0" encoding="utf-8"?><testsuites name="pytest tests"><testsuite name="pytest" errors="0" failures="0" skipped="0" tests="7" time="10.720" timestamp="2026-08-17T14:11:43.298549+00:00" hostname="agent-env-9b0cda33-6f27-49c9-91a8-e1a205d99c8b"><testcase classname="tests.test_schedule_downgrade_iter200.TestBillingSubscriptionShape" name="test_cathy_family_subscription_shape" time="6.060" /><testcase classname="tests.test_schedule_downgrade_iter200.TestScheduleDowngrade" name="test_schedule_downgrade_requires_active_sub" time="1.052" /><testcase classname="tests.test_schedule_downgrade_iter200.TestScheduleDowngrade" name="test_schedule_downgrade_rejects_invalid_plan" time="1.008" /><testcase classname="tests.test_schedule_downgrade_iter200.TestScheduleDowngrade" name="test_schedule_downgrade_unauthenticated" time="0.150" /><testcase classname="tests.test_schedule_downgrade_iter200.TestCancelScheduledChange" name="test_cancel_when_none_exists" time="1.003" /><testcase classname="tests.test_schedule_downgrade_iter200.TestCancelScheduledChange" name="test_cancel_unauthenticated" time="0.146" /><testcase classname="tests.test_schedule_downgrade_iter200.TestPendingPlanReadModel" name="test_pending_plan_surfaces_in_billing_subscription" time="1.225" /></testsuite></testsuites>