<?xml version="1.0" encoding="utf-8"?><testsuites name="pytest tests"><testsuite name="pytest" errors="0" failures="0" skipped="1" tests="8" time="11.800" timestamp="2026-05-05T07:59:43.660807+00:00" hostname="agent-env-9d7dc41f-aa05-432b-8632-1634219cad4f"><testcase classname="tests.test_iter17_async_job" name="test_okafor_async_job_flow" time="0.000"><skipped type="pytest.skip" message="Live LLM decode through ingress — set RUN_LIVE_DECODE=1 to run (consumes daily-limit + ~$0.001)">/app/backend/tests/test_iter17_async_job.py:33: Live LLM decode through ingress — set RUN_LIVE_DECODE=1 to run (consumes daily-limit + ~$0.001)</skipped></testcase><testcase classname="tests.test_iter17_async_job" name="test_async_submit_returns_quickly_and_returns_job_id" time="1.165" /><testcase classname="tests.test_iter17_async_job" name="test_decode_job_404_for_random_id" time="9.159" /><testcase classname="tests.test_iter17_async_job" name="test_rule_9_unknown_pension_emits_single_low_flag" time="0.000" /><testcase classname="tests.test_iter17_async_job" name="test_rule_9_part_age_pension_mismatch_independence" time="0.000" /><testcase classname="tests.test_iter17_async_job" name="test_rule_9_part_age_correct_meal_prep_does_not_fire" time="0.000" /><testcase classname="tests.test_iter17_async_job" name="test_rule_9_skips_cancellations" time="0.000" /><testcase classname="tests.test_iter17_async_job" name="test_rule_9_does_not_double_emit_when_llm_already_flagged" time="0.000" /></testsuite></testsuites>