<?xml version="1.0" encoding="utf-8"?><testsuites name="pytest tests"><testsuite name="pytest" errors="0" failures="0" skipped="0" tests="36" time="8.768" timestamp="2026-05-11T07:13:52.365848+00:00" hostname="agent-env-9d7dc41f-aa05-432b-8632-1634219cad4f"><testcase classname="backend.tests.test_admin_phase_d" name="test_admin_endpoints_reject_non_admin[GET-/api/admin/tickets]" time="0.782" /><testcase classname="backend.tests.test_admin_phase_d" name="test_admin_endpoints_reject_non_admin[GET-/api/admin/ticket-reports]" time="0.117" /><testcase classname="backend.tests.test_admin_phase_d" name="test_admin_endpoints_reject_non_admin[GET-/api/admin/macros]" time="0.126" /><testcase classname="backend.tests.test_admin_phase_d" name="test_admin_endpoints_reject_non_admin[GET-/api/admin/email-templates]" time="0.121" /><testcase classname="backend.tests.test_admin_phase_d" name="test_admin_endpoints_reject_non_admin[GET-/api/admin/notification-log]" time="0.116" /><testcase classname="backend.tests.test_admin_phase_d" name="test_admin_endpoints_reject_non_admin[GET-/api/admin/newsletter-subscribers]" time="0.106" /><testcase classname="backend.tests.test_admin_phase_d" name="test_admin_endpoints_reject_non_admin[GET-/api/admin/campaigns]" time="0.136" /><testcase classname="backend.tests.test_admin_phase_d" name="test_admin_endpoints_reject_unauth[GET-/api/admin/tickets]" time="0.116" /><testcase classname="backend.tests.test_admin_phase_d" name="test_admin_endpoints_reject_unauth[GET-/api/admin/ticket-reports]" time="0.140" /><testcase classname="backend.tests.test_admin_phase_d" name="test_admin_endpoints_reject_unauth[GET-/api/admin/macros]" time="0.106" /><testcase classname="backend.tests.test_admin_phase_d" name="test_admin_endpoints_reject_unauth[GET-/api/admin/email-templates]" time="0.099" /><testcase classname="backend.tests.test_admin_phase_d" name="test_admin_endpoints_reject_unauth[GET-/api/admin/notification-log]" time="0.112" /><testcase classname="backend.tests.test_admin_phase_d" name="test_admin_endpoints_reject_unauth[GET-/api/admin/newsletter-subscribers]" time="0.114" /><testcase classname="backend.tests.test_admin_phase_d" name="test_admin_endpoints_reject_unauth[GET-/api/admin/campaigns]" time="0.109" /><testcase classname="backend.tests.test_admin_phase_d.TestUserTickets" name="test_create_ticket" time="0.124" /><testcase classname="backend.tests.test_admin_phase_d.TestUserTickets" name="test_list_only_own_tickets" time="0.121" /><testcase classname="backend.tests.test_admin_phase_d.TestUserTickets" name="test_get_own_ticket_hides_internal_notes" time="0.672" /><testcase classname="backend.tests.test_admin_phase_d.TestUserTickets" name="test_get_other_users_ticket_404" time="0.103" /><testcase classname="backend.tests.test_admin_phase_d.TestUserTickets" name="test_user_reply_resets_status_to_open" time="0.258" /><testcase classname="backend.tests.test_admin_phase_d.TestAdminTickets" name="test_list_tickets_with_filters" time="0.101" /><testcase classname="backend.tests.test_admin_phase_d.TestAdminTickets" name="test_list_unassigned" time="0.256" /><testcase classname="backend.tests.test_admin_phase_d.TestAdminTickets" name="test_get_ticket_includes_internal_notes" time="0.112" /><testcase classname="backend.tests.test_admin_phase_d.TestAdminTickets" name="test_update_ticket_resolved_sets_resolved_at" time="0.101" /><testcase classname="backend.tests.test_admin_phase_d.TestAdminTickets" name="test_update_ticket_invalid_status" time="0.103" /><testcase classname="backend.tests.test_admin_phase_d.TestAdminTickets" name="test_admin_reply_sets_waiting_on_user" time="0.343" /><testcase classname="backend.tests.test_admin_phase_d.TestAdminTickets" name="test_admin_internal_note_no_status_change" time="0.122" /><testcase classname="backend.tests.test_admin_phase_d.TestAdminTickets" name="test_ticket_reports" time="0.129" /><testcase classname="backend.tests.test_admin_phase_d.TestMacros" name="test_macro_crud" time="0.499" /><testcase classname="backend.tests.test_admin_phase_d.TestCampaigns" name="test_preview_audience_all" time="0.119" /><testcase classname="backend.tests.test_admin_phase_d.TestCampaigns" name="test_preview_audience_plan" time="0.114" /><testcase classname="backend.tests.test_admin_phase_d.TestCampaigns" name="test_create_campaign_draft" time="0.127" /><testcase classname="backend.tests.test_admin_phase_d.TestCampaigns" name="test_send_campaign" time="2.373" /><testcase classname="backend.tests.test_admin_phase_d.TestCampaigns" name="test_send_campaign_twice_returns_400" time="0.132" /><testcase classname="backend.tests.test_admin_phase_d" name="test_email_templates" time="0.124" /><testcase classname="backend.tests.test_admin_phase_d" name="test_notification_log" time="0.127" /><testcase classname="backend.tests.test_admin_phase_d" name="test_newsletter_subscribers" time="0.119" /></testsuite></testsuites>