<?xml version="1.0" encoding="utf-8"?><testsuites name="pytest tests"><testsuite name="pytest" errors="0" failures="0" skipped="0" tests="9" time="4.555" timestamp="2026-09-02T10:21:20.518051+00:00" hostname="agent-env-70b73e15-7a47-4218-9ce8-3a9f79fe5b5a"><testcase classname="tests.test_paywall_checkout_iter264" name="test_view_only_user_reports_view_only_access_state" time="1.186" /><testcase classname="tests.test_paywall_checkout_iter264" name="test_active_user_reports_active_access_state" time="1.120" /><testcase classname="tests.test_paywall_checkout_iter264" name="test_paywall_checkout_returns_stripe_url_for_view_only[solo]" time="0.694" /><testcase classname="tests.test_paywall_checkout_iter264" name="test_paywall_checkout_returns_stripe_url_for_view_only[family]" time="0.465" /><testcase classname="tests.test_paywall_checkout_iter264" name="test_active_user_can_open_checkout_for_family_plan" time="0.533" /><testcase classname="tests.test_paywall_checkout_iter264" name="test_view_only_get_auth_me_not_blocked" time="0.156" /><testcase classname="tests.test_paywall_checkout_iter264" name="test_view_only_billing_write_reachable" time="0.103" /><testcase classname="tests.test_paywall_checkout_iter264" name="test_view_only_non_billing_write_is_402" time="0.096" /><testcase classname="tests.test_paywall_checkout_iter264" name="test_view_only_public_ai_tool_write_is_402" time="0.133" /></testsuite></testsuites>