<?xml version="1.0" encoding="utf-8"?><testsuites name="pytest tests"><testsuite name="pytest" errors="0" failures="0" skipped="0" tests="13" time="2.505" timestamp="2026-06-03T06:01:17.392108+00:00" hostname="agent-env-9d7dc41f-aa05-432b-8632-1634219cad4f"><testcase classname="backend.tests.test_batch2_features.TestParticipants" name="test_list_returns_at_least_primary" time="0.271" /><testcase classname="backend.tests.test_batch2_features.TestParticipants" name="test_crud_lifecycle" time="0.325" /><testcase classname="backend.tests.test_batch2_features.TestHospital" name="test_full_admission_flow" time="0.491" /><testcase classname="backend.tests.test_batch2_features.TestFamilyWall" name="test_post_react_delete" time="0.326" /><testcase classname="backend.tests.test_batch2_features.TestSMS" name="test_contacts_and_mock_send" time="0.181" /><testcase classname="backend.tests.test_batch2_features.TestAmendments" name="test_generate_list_status" time="0.182" /><testcase classname="backend.tests.test_batch2_features.TestAdviserBrand" name="test_get_and_update" time="0.363" /><testcase classname="backend.tests.test_batch2_features.TestAdviserBrand" name="test_non_adviser_forbidden" time="0.045" /><testcase classname="backend.tests.test_batch2_features.TestAdviserScenarios" name="test_calc_and_persist" time="0.140" /><testcase classname="backend.tests.test_batch2_features.TestAdviserScenarios" name="test_means_test_settings" time="0.044" /><testcase classname="backend.tests.test_batch2_features.TestAdviserScenarios" name="test_non_adviser_forbidden" time="0.003" /><testcase classname="backend.tests.test_batch2_features.TestAdviserAlerts" name="test_global_alerts" time="0.014" /><testcase classname="backend.tests.test_batch2_features.TestAdviserAlerts" name="test_filter_by_type_hospital" time="0.046" /></testsuite></testsuites>