<?xml version="1.0" encoding="utf-8"?><testsuites name="pytest tests"><testsuite name="pytest" errors="0" failures="0" skipped="0" tests="4" time="1.954" timestamp="2026-08-05T02:45:35.803038+00:00" hostname="agent-env-614c54f0-0f58-4885-94a3-8d8be47c2e25"><testcase classname="backend.tests.lca1.test_iteration_112" name="test_draft_letter_from_candidate_creates_lf1_and_is_idempotent" time="1.443" /><testcase classname="backend.tests.lca1.test_iteration_112" name="test_draft_letter_bad_candidate_404" time="0.069" /><testcase classname="backend.tests.lca1.test_iteration_112" name="test_preferences_defaults_and_patch_persist" time="0.300" /><testcase classname="backend.tests.lca1.test_iteration_112" name="test_preferences_rejects_bad_frequency" time="0.068" /></testsuite></testsuites>