<?xml version="1.0" encoding="utf-8"?><testsuites name="pytest tests"><testsuite name="pytest" errors="0" failures="0" skipped="0" tests="11" time="2.352" timestamp="2026-08-05T01:10:41.835330+00:00" hostname="agent-env-614c54f0-0f58-4885-94a3-8d8be47c2e25"><testcase classname="backend.tests.loop1.test_loop1_v1" name="test_status_endpoint" time="0.252" /><testcase classname="backend.tests.loop1.test_loop1_v1" name="test_registry" time="0.951" /><testcase classname="backend.tests.loop1.test_loop1_v1" name="test_scan_opens_cases_idempotent" time="0.189" /><testcase classname="backend.tests.loop1.test_loop1_v1" name="test_list_cases_scoped_by_participant" time="0.056" /><testcase classname="backend.tests.loop1.test_loop1_v1" name="test_list_cases_across_participants" time="0.052" /><testcase classname="backend.tests.loop1.test_loop1_v1" name="test_case_detail_status_flow_and_notes" time="0.384" /><testcase classname="backend.tests.loop1.test_loop1_v1" name="test_profile_populates_open_cases" time="0.136" /><testcase classname="backend.tests.loop1.test_loop1_v1" name="test_timeline_includes_case_events" time="0.107" /><testcase classname="backend.tests.loop1.test_loop1_v1" name="test_lca1_scan_endpoint" time="0.050" /><testcase classname="backend.tests.loop1.test_loop1_v1" name="test_cross_participant_case_access_forbidden" time="0.046" /><testcase classname="backend.tests.loop1.test_loop1_v1" name="test_create_case_bad_type" time="0.047" /></testsuite></testsuites>