<?xml version="1.0" encoding="utf-8"?><testsuites name="pytest tests"><testsuite name="pytest" errors="0" failures="0" skipped="0" tests="15" time="9.693" timestamp="2026-09-05T08:07:09.636897+00:00" hostname="agent-env-70b73e15-7a47-4218-9ce8-3a9f79fe5b5a"><testcase classname="tests.test_participants1_iter270.TestListAndCapacity" name="test_list_shape_role_label_capacity" time="1.317" /><testcase classname="tests.test_participants1_iter270.TestAddParticipant" name="test_add_participant_under_cap" time="0.256" /><testcase classname="tests.test_participants1_iter270.TestAddParticipant" name="test_add_third_blocks_billing_required" time="0.123" /><testcase classname="tests.test_participants1_iter270.TestAddParticipant" name="test_solo_second_blocks_upgrade_required" time="1.019" /><testcase classname="tests.test_participants1_iter270.TestPatchParticipant" name="test_patch_updates_and_status_derivation" time="0.354" /><testcase classname="tests.test_participants1_iter270.TestPatchParticipant" name="test_patch_rejected_on_archived" time="0.385" /><testcase classname="tests.test_participants1_iter270.TestArchive" name="test_archive_blocks_only_live" time="0.238" /><testcase classname="tests.test_participants1_iter270.TestArchive" name="test_archive_clears_caregiver_links" time="0.236" /><testcase classname="tests.test_participants1_iter270.TestDeceased" name="test_deceased_non_sole_no_bereavement" time="0.355" /><testcase classname="tests.test_participants1_iter270.TestDeceased" name="test_deceased_sole_triggers_bereavement_grace" time="1.559" /><testcase classname="tests.test_participants1_iter270.TestInviteLogin" name="test_invite_login_creates_invite_row" time="0.506" /><testcase classname="tests.test_participants1_iter270.TestInviteLogin" name="test_invite_login_blocks_registered_email" time="0.253" /><testcase classname="tests.test_participants1_iter270.TestAuthorization" name="test_no_household_400" time="1.262" /><testcase classname="tests.test_participants1_iter270.TestAuthorization" name="test_non_owner_403" time="1.217" /><testcase classname="tests.test_participants1_iter270.TestInvariants" name="test_verify_invariants_ok" time="0.438" /></testsuite></testsuites>