<?xml version="1.0" encoding="utf-8"?><testsuites name="pytest tests"><testsuite name="pytest" errors="0" failures="0" skipped="0" tests="14" time="3.977" timestamp="2026-08-01T07:06:01.630128+00:00" hostname="agent-env-9d7dc41f-aa05-432b-8632-1634219cad4f"><testcase classname="backend.tests.test_qp1_reconcile_history.TestPersona" name="test_persona_defaults_to_caregiver_from_role" time="1.926" /><testcase classname="backend.tests.test_qp1_reconcile_history.TestPersona" name="test_persona_requires_auth" time="0.098" /><testcase classname="backend.tests.test_qp1_reconcile_history.TestReconciliation" name="test_reconcile_matches_within_tolerance" time="0.461" /><testcase classname="backend.tests.test_qp1_reconcile_history.TestReconciliation" name="test_reconcile_out_of_tolerance_creates_adhoc" time="0.108" /><testcase classname="backend.tests.test_qp1_reconcile_history.TestReconciliation" name="test_reconcile_cross_participant_forbidden" time="0.112" /><testcase classname="backend.tests.test_qp1_reconcile_history.TestReconciliation" name="test_reconcile_requires_auth" time="0.104" /><testcase classname="backend.tests.test_qp1_reconcile_history.TestReconciliation" name="test_pacing_reconciled_total_after_reconcile" time="0.120" /><testcase classname="backend.tests.test_qp1_reconcile_history.TestHistory" name="test_history_returns_default_4_quarters" time="0.106" /><testcase classname="backend.tests.test_qp1_reconcile_history.TestHistory" name="test_history_clamps_zero_to_one" time="0.104" /><testcase classname="backend.tests.test_qp1_reconcile_history.TestHistory" name="test_history_clamps_twenty_to_twelve" time="0.106" /><testcase classname="backend.tests.test_qp1_reconcile_history.TestHistory" name="test_history_ownership" time="0.105" /><testcase classname="backend.tests.test_qp1_reconcile_history.TestRegressionShapes" name="test_schedules_shape" time="0.097" /><testcase classname="backend.tests.test_qp1_reconcile_history.TestRegressionShapes" name="test_ledger_shape" time="0.103" /><testcase classname="backend.tests.test_qp1_reconcile_history.TestRegressionShapes" name="test_pacing_shape" time="0.304" /></testsuite></testsuites>