<?xml version="1.0" encoding="utf-8"?><testsuites name="pytest tests"><testsuite name="pytest" errors="0" failures="0" skipped="0" tests="7" time="1.635" timestamp="2026-06-25T12:54:01.238037+00:00" hostname="agent-env-9d7dc41f-aa05-432b-8632-1634219cad4f"><testcase classname="backend.tests.test_wave2_trial_paywall" name="test_paid_tool_returns_402_for_expired_user[POST-/api/public/budget-calc-body0]" time="1.037" /><testcase classname="backend.tests.test_wave2_trial_paywall" name="test_paid_tool_returns_402_for_expired_user[POST-/api/public/price-check-body1]" time="0.235" /><testcase classname="backend.tests.test_wave2_trial_paywall" name="test_auth_me_works_for_expired_user" time="0.045" /><testcase classname="backend.tests.test_wave2_trial_paywall" name="test_billing_subscription_works_for_expired_user" time="0.045" /><testcase classname="backend.tests.test_wave2_trial_paywall" name="test_paid_tool_returns_401_for_unauthenticated" time="0.194" /><testcase classname="backend.tests.test_wave2_trial_paywall" name="test_trial_email_subjects_verbatim" time="0.002" /><testcase classname="backend.tests.test_wave2_trial_paywall" name="test_require_paid_plan_uses_402" time="0.001" /></testsuite></testsuites>